-------------------------------------------------------------------------------
Test set: com.hackersmang.aidemo.txproxy.OrderServiceRollbackTest
-------------------------------------------------------------------------------
Tests run: 1, Failures: 1, Errors: 0, Skipped: 0, Time elapsed: 8.087 s <<< FAILURE! -- in com.hackersmang.aidemo.txproxy.OrderServiceRollbackTest
com.hackersmang.aidemo.txproxy.OrderServiceRollbackTest.failedPaymentShouldRollBackTheOrder -- Time elapsed: 0.838 s <<< FAILURE!
org.opentest4j.AssertionFailedError: Expected the failed order to be rolled back, but it's still in the database ==> expected: <0> but was: <1>
	at org.junit.jupiter.api.AssertionFailureBuilder.build(AssertionFailureBuilder.java:151)
	at org.junit.jupiter.api.AssertionFailureBuilder.buildAndThrow(AssertionFailureBuilder.java:132)
	at org.junit.jupiter.api.AssertEquals.failNotEqual(AssertEquals.java:197)
	at org.junit.jupiter.api.AssertEquals.assertEquals(AssertEquals.java:166)
	at org.junit.jupiter.api.Assertions.assertEquals(Assertions.java:664)
	at com.hackersmang.aidemo.txproxy.OrderServiceRollbackTest.failedPaymentShouldRollBackTheOrder(OrderServiceRollbackTest.java:40)
	at java.base/java.lang.reflect.Method.invoke(Method.java:568)
	at java.base/java.util.ArrayList.forEach(ArrayList.java:1511)
	at java.base/java.util.ArrayList.forEach(ArrayList.java:1511)

