<?xml version="1.0" encoding="UTF-8"?>
<testsuite xmlns:xsi="http://www.w3.org/2001/XMLSchema-instance" xsi:noNamespaceSchemaLocation="https://maven.apache.org/surefire/maven-surefire-plugin/xsd/surefire-test-report-3.0.xsd" version="3.0" name="com.hackersmang.aidemo.nplusone.OrderRepositoryTest" time="8.372" tests="2" errors="0" skipped="0" failures="0">
  <properties>
[...]
</properties>
  <testcase name="buggyVersionReturnsTheRightNumberInTooManyQueries" classname="com.hackersmang.aidemo.nplusone.OrderRepositoryTest" time="0.953">
    <system-out><![CDATA[23:16:49.780 [main] INFO org.springframework.test.context.support.AnnotationConfigContextLoaderUtils -- Could not detect default configuration classes for test class [com.hackersmang.aidemo.nplusone.OrderRepositoryTest]: OrderRepositoryTest does not declare any static, non-private, non-final, nested classes annotated with @Configuration.
23:16:49.969 [main] INFO org.springframework.boot.test.context.SpringBootTestContextBootstrapper -- Found @SpringBootConfiguration com.hackersmang.aidemo.AiDemoApplication for test class com.hackersmang.aidemo.nplusone.OrderRepositoryTest

  .   ____          _            __ _ _
 /\\ / ___'_ __ _ _(_)_ __  __ _ \ \ \ \
( ( )\___ | '_ | '_| | '_ \/ _` | \ \ \ \
 \\/  ___)| |_)| | | | | || (_| |  ) ) ) )
  '  |____| .__|_| |_|_| |_\__, | / / / /
 =========|_|==============|___/=/_/_/_/

 :: Spring Boot ::                (v3.3.4)

2026-09-18T23:16:50.614+05:30  INFO 76160 --- [ai-code-review-demo] [           main] c.h.aidemo.nplusone.OrderRepositoryTest  : Starting OrderRepositoryTest using Java 17.0.11 with PID 76160 (started by shreeprabha in /Users/shreeprabha/Downloads/ai-code-review-demo)
2026-09-18T23:16:50.615+05:30  INFO 76160 --- [ai-code-review-demo] [           main] c.h.aidemo.nplusone.OrderRepositoryTest  : No active profile set, falling back to 1 default profile: "default"
2026-09-18T23:16:51.689+05:30  INFO 76160 --- [ai-code-review-demo] [           main] .s.d.r.c.RepositoryConfigurationDelegate : Bootstrapping Spring Data JPA repositories in DEFAULT mode.
2026-09-18T23:16:51.763+05:30  INFO 76160 --- [ai-code-review-demo] [           main] .s.d.r.c.RepositoryConfigurationDelegate : Finished Spring Data repository scanning in 67 ms. Found 2 JPA repository interfaces.
2026-09-18T23:16:52.671+05:30  INFO 76160 --- [ai-code-review-demo] [           main] o.hibernate.jpa.internal.util.LogHelper  : HHH000204: Processing PersistenceUnitInfo [name: default]
2026-09-18T23:16:52.717+05:30  INFO 76160 --- [ai-code-review-demo] [           main] org.hibernate.Version                    : HHH000412: Hibernate ORM core version 6.5.3.Final
2026-09-18T23:16:52.751+05:30  INFO 76160 --- [ai-code-review-demo] [           main] o.h.c.internal.RegionFactoryInitiator    : HHH000026: Second-level cache disabled
2026-09-18T23:16:53.018+05:30  INFO 76160 --- [ai-code-review-demo] [           main] o.s.o.j.p.SpringPersistenceUnitInfo      : No LoadTimeWeaver setup: ignoring JPA class transformer
2026-09-18T23:16:53.058+05:30  INFO 76160 --- [ai-code-review-demo] [           main] com.zaxxer.hikari.HikariDataSource       : HikariPool-1 - Starting...
2026-09-18T23:16:53.194+05:30  INFO 76160 --- [ai-code-review-demo] [           main] com.zaxxer.hikari.pool.HikariPool        : HikariPool-1 - Added connection conn0: url=jdbc:h2:mem:demo user=SA
2026-09-18T23:16:53.196+05:30  INFO 76160 --- [ai-code-review-demo] [           main] com.zaxxer.hikari.HikariDataSource       : HikariPool-1 - Start completed.
2026-09-18T23:16:54.179+05:30  INFO 76160 --- [ai-code-review-demo] [           main] o.h.e.t.j.p.i.JtaPlatformInitiator       : HHH000489: No JTA platform available (set 'hibernate.transaction.jta.platform' to enable JTA platform integration)
Hibernate: 
    drop table if exists np1_order_items cascade 
Hibernate: 
    drop table if exists np1_orders cascade 
Hibernate: 
    drop table if exists txproxy_orders cascade 
Hibernate: 
    create table np1_order_items (
        price float(53) not null,
        id bigint generated by default as identity,
        order_id bigint,
        product varchar(255),
        primary key (id)
    )
Hibernate: 
    create table np1_orders (
        id bigint generated by default as identity,
        customer_name varchar(255),
        primary key (id)
    )
Hibernate: 
    create table txproxy_orders (
        amount float(53) not null,
        id bigint generated by default as identity,
        customer_name varchar(255),
        primary key (id)
    )
Hibernate: 
    alter table if exists np1_order_items 
       add constraint FKs3m99je5bjns3i4vsdhgvoprp 
       foreign key (order_id) 
       references np1_orders
2026-09-18T23:16:54.219+05:30  INFO 76160 --- [ai-code-review-demo] [           main] j.LocalContainerEntityManagerFactoryBean : Initialized JPA EntityManagerFactory for persistence unit 'default'
2026-09-18T23:16:54.415+05:30  INFO 76160 --- [ai-code-review-demo] [           main] i.StatisticalLoggingSessionEventListener : Session Metrics {
    0 nanoseconds spent acquiring 0 JDBC connections;
    0 nanoseconds spent releasing 0 JDBC connections;
    0 nanoseconds spent preparing 0 JDBC statements;
    0 nanoseconds spent executing 0 JDBC statements;
    0 nanoseconds spent executing 0 JDBC batches;
    0 nanoseconds spent performing 0 L2C puts;
    0 nanoseconds spent performing 0 L2C hits;
    0 nanoseconds spent performing 0 L2C misses;
    0 nanoseconds spent executing 0 flushes (flushing a total of 0 entities and 0 collections);
    0 nanoseconds spent executing 0 pre-partial-flushes;
    0 nanoseconds spent executing 0 partial-flushes (flushing a total of 0 entities and 0 collections)
}
2026-09-18T23:16:54.416+05:30  INFO 76160 --- [ai-code-review-demo] [           main] i.StatisticalLoggingSessionEventListener : Session Metrics {
    0 nanoseconds spent acquiring 0 JDBC connections;
    0 nanoseconds spent releasing 0 JDBC connections;
    0 nanoseconds spent preparing 0 JDBC statements;
    0 nanoseconds spent executing 0 JDBC statements;
    0 nanoseconds spent executing 0 JDBC batches;
    0 nanoseconds spent performing 0 L2C puts;
    0 nanoseconds spent performing 0 L2C hits;
    0 nanoseconds spent performing 0 L2C misses;
    0 nanoseconds spent executing 0 flushes (flushing a total of 0 entities and 0 collections);
    0 nanoseconds spent executing 0 pre-partial-flushes;
    0 nanoseconds spent executing 0 partial-flushes (flushing a total of 0 entities and 0 collections)
}
2026-09-18T23:16:54.549+05:30  INFO 76160 --- [ai-code-review-demo] [           main] i.StatisticalLoggingSessionEventListener : Session Metrics {
    0 nanoseconds spent acquiring 0 JDBC connections;
    0 nanoseconds spent releasing 0 JDBC connections;
    0 nanoseconds spent preparing 0 JDBC statements;
    0 nanoseconds spent executing 0 JDBC statements;
    0 nanoseconds spent executing 0 JDBC batches;
    0 nanoseconds spent performing 0 L2C puts;
    0 nanoseconds spent performing 0 L2C hits;
    0 nanoseconds spent performing 0 L2C misses;
    0 nanoseconds spent executing 0 flushes (flushing a total of 0 entities and 0 collections);
    0 nanoseconds spent executing 0 pre-partial-flushes;
    0 nanoseconds spent executing 0 partial-flushes (flushing a total of 0 entities and 0 collections)
}
2026-09-18T23:16:54.660+05:30  INFO 76160 --- [ai-code-review-demo] [           main] o.s.d.j.r.query.QueryEnhancerFactory     : Hibernate is in classpath; If applicable, HQL parser will be used.
2026-09-18T23:16:54.890+05:30  INFO 76160 --- [ai-code-review-demo] [           main] i.StatisticalLoggingSessionEventListener : Session Metrics {
    0 nanoseconds spent acquiring 0 JDBC connections;
    0 nanoseconds spent releasing 0 JDBC connections;
    0 nanoseconds spent preparing 0 JDBC statements;
    0 nanoseconds spent executing 0 JDBC statements;
    0 nanoseconds spent executing 0 JDBC batches;
    0 nanoseconds spent performing 0 L2C puts;
    0 nanoseconds spent performing 0 L2C hits;
    0 nanoseconds spent performing 0 L2C misses;
    0 nanoseconds spent executing 0 flushes (flushing a total of 0 entities and 0 collections);
    0 nanoseconds spent executing 0 pre-partial-flushes;
    0 nanoseconds spent executing 0 partial-flushes (flushing a total of 0 entities and 0 collections)
}
2026-09-18T23:16:54.892+05:30  INFO 76160 --- [ai-code-review-demo] [           main] i.StatisticalLoggingSessionEventListener : Session Metrics {
    0 nanoseconds spent acquiring 0 JDBC connections;
    0 nanoseconds spent releasing 0 JDBC connections;
    0 nanoseconds spent preparing 0 JDBC statements;
    0 nanoseconds spent executing 0 JDBC statements;
    0 nanoseconds spent executing 0 JDBC batches;
    0 nanoseconds spent performing 0 L2C puts;
    0 nanoseconds spent performing 0 L2C hits;
    0 nanoseconds spent performing 0 L2C misses;
    0 nanoseconds spent executing 0 flushes (flushing a total of 0 entities and 0 collections);
    0 nanoseconds spent executing 0 pre-partial-flushes;
    0 nanoseconds spent executing 0 partial-flushes (flushing a total of 0 entities and 0 collections)
}
2026-09-18T23:16:55.040+05:30  INFO 76160 --- [ai-code-review-demo] [           main] i.StatisticalLoggingSessionEventListener : Session Metrics {
    0 nanoseconds spent acquiring 0 JDBC connections;
    0 nanoseconds spent releasing 0 JDBC connections;
    0 nanoseconds spent preparing 0 JDBC statements;
    0 nanoseconds spent executing 0 JDBC statements;
    0 nanoseconds spent executing 0 JDBC batches;
    0 nanoseconds spent performing 0 L2C puts;
    0 nanoseconds spent performing 0 L2C hits;
    0 nanoseconds spent performing 0 L2C misses;
    0 nanoseconds spent executing 0 flushes (flushing a total of 0 entities and 0 collections);
    0 nanoseconds spent executing 0 pre-partial-flushes;
    0 nanoseconds spent executing 0 partial-flushes (flushing a total of 0 entities and 0 collections)
}
2026-09-18T23:16:55.164+05:30  INFO 76160 --- [ai-code-review-demo] [           main] i.StatisticalLoggingSessionEventListener : Session Metrics {
    0 nanoseconds spent acquiring 0 JDBC connections;
    0 nanoseconds spent releasing 0 JDBC connections;
    0 nanoseconds spent preparing 0 JDBC statements;
    0 nanoseconds spent executing 0 JDBC statements;
    0 nanoseconds spent executing 0 JDBC batches;
    0 nanoseconds spent performing 0 L2C puts;
    0 nanoseconds spent performing 0 L2C hits;
    0 nanoseconds spent performing 0 L2C misses;
    0 nanoseconds spent executing 0 flushes (flushing a total of 0 entities and 0 collections);
    0 nanoseconds spent executing 0 pre-partial-flushes;
    0 nanoseconds spent executing 0 partial-flushes (flushing a total of 0 entities and 0 collections)
}
2026-09-18T23:16:55.178+05:30  INFO 76160 --- [ai-code-review-demo] [           main] i.StatisticalLoggingSessionEventListener : Session Metrics {
    0 nanoseconds spent acquiring 0 JDBC connections;
    0 nanoseconds spent releasing 0 JDBC connections;
    0 nanoseconds spent preparing 0 JDBC statements;
    0 nanoseconds spent executing 0 JDBC statements;
    0 nanoseconds spent executing 0 JDBC batches;
    0 nanoseconds spent performing 0 L2C puts;
    0 nanoseconds spent performing 0 L2C hits;
    0 nanoseconds spent performing 0 L2C misses;
    0 nanoseconds spent executing 0 flushes (flushing a total of 0 entities and 0 collections);
    0 nanoseconds spent executing 0 pre-partial-flushes;
    0 nanoseconds spent executing 0 partial-flushes (flushing a total of 0 entities and 0 collections)
}
2026-09-18T23:16:55.422+05:30  WARN 76160 --- [ai-code-review-demo] [           main] JpaBaseConfiguration$JpaWebConfiguration : spring.jpa.open-in-view is enabled by default. Therefore, database queries may be performed during view rendering. Explicitly configure spring.jpa.open-in-view to disable this warning
2026-09-18T23:16:55.978+05:30  INFO 76160 --- [ai-code-review-demo] [           main] c.h.aidemo.nplusone.OrderRepositoryTest  : Started OrderRepositoryTest in 5.822 seconds (process running for 7.266)
Hibernate: 
    insert 
    into
        np1_orders
        (customer_name, id) 
    values
        (?, default)
Hibernate: 
    insert 
    into
        np1_order_items
        (order_id, price, product, id) 
    values
        (?, ?, ?, default)
Hibernate: 
    insert 
    into
        np1_order_items
        (order_id, price, product, id) 
    values
        (?, ?, ?, default)
Hibernate: 
    insert 
    into
        np1_order_items
        (order_id, price, product, id) 
    values
        (?, ?, ?, default)
2026-09-18T23:16:56.049+05:30  INFO 76160 --- [ai-code-review-demo] [           main] i.StatisticalLoggingSessionEventListener : Session Metrics {
    37834 nanoseconds spent acquiring 1 JDBC connections;
    0 nanoseconds spent releasing 0 JDBC connections;
    4588708 nanoseconds spent preparing 4 JDBC statements;
    4113832 nanoseconds spent executing 4 JDBC statements;
    0 nanoseconds spent executing 0 JDBC batches;
    0 nanoseconds spent performing 0 L2C puts;
    0 nanoseconds spent performing 0 L2C hits;
    0 nanoseconds spent performing 0 L2C misses;
    5468041 nanoseconds spent executing 1 flushes (flushing a total of 4 entities and 1 collections);
    0 nanoseconds spent executing 0 pre-partial-flushes;
    0 nanoseconds spent executing 0 partial-flushes (flushing a total of 0 entities and 0 collections)
}
Hibernate: 
    insert 
    into
        np1_orders
        (customer_name, id) 
    values
        (?, default)
Hibernate: 
    insert 
    into
        np1_order_items
        (order_id, price, product, id) 
    values
        (?, ?, ?, default)
Hibernate: 
    insert 
    into
        np1_order_items
        (order_id, price, product, id) 
    values
        (?, ?, ?, default)
Hibernate: 
    insert 
    into
        np1_order_items
        (order_id, price, product, id) 
    values
        (?, ?, ?, default)
2026-09-18T23:16:56.054+05:30  INFO 76160 --- [ai-code-review-demo] [           main] i.StatisticalLoggingSessionEventListener : Session Metrics {
    10208 nanoseconds spent acquiring 1 JDBC connections;
    0 nanoseconds spent releasing 0 JDBC connections;
    47375 nanoseconds spent preparing 4 JDBC statements;
    515001 nanoseconds spent executing 4 JDBC statements;
    0 nanoseconds spent executing 0 JDBC batches;
    0 nanoseconds spent performing 0 L2C puts;
    0 nanoseconds spent performing 0 L2C hits;
    0 nanoseconds spent performing 0 L2C misses;
    219209 nanoseconds spent executing 1 flushes (flushing a total of 4 entities and 1 collections);
    0 nanoseconds spent executing 0 pre-partial-flushes;
    0 nanoseconds spent executing 0 partial-flushes (flushing a total of 0 entities and 0 collections)
}
Hibernate: 
    insert 
    into
        np1_orders
        (customer_name, id) 
    values
        (?, default)
Hibernate: 
    insert 
    into
        np1_order_items
        (order_id, price, product, id) 
    values
        (?, ?, ?, default)
Hibernate: 
    insert 
    into
        np1_order_items
        (order_id, price, product, id) 
    values
        (?, ?, ?, default)
Hibernate: 
    insert 
    into
        np1_order_items
        (order_id, price, product, id) 
    values
        (?, ?, ?, default)
2026-09-18T23:16:56.059+05:30  INFO 76160 --- [ai-code-review-demo] [           main] i.StatisticalLoggingSessionEventListener : Session Metrics {
    7500 nanoseconds spent acquiring 1 JDBC connections;
    0 nanoseconds spent releasing 0 JDBC connections;
    189043 nanoseconds spent preparing 4 JDBC statements;
    1239459 nanoseconds spent executing 4 JDBC statements;
    0 nanoseconds spent executing 0 JDBC batches;
    0 nanoseconds spent performing 0 L2C puts;
    0 nanoseconds spent performing 0 L2C hits;
    0 nanoseconds spent performing 0 L2C misses;
    330708 nanoseconds spent executing 1 flushes (flushing a total of 4 entities and 1 collections);
    0 nanoseconds spent executing 0 pre-partial-flushes;
    0 nanoseconds spent executing 0 partial-flushes (flushing a total of 0 entities and 0 collections)
}
Hibernate: 
    insert 
    into
        np1_orders
        (customer_name, id) 
    values
        (?, default)
Hibernate: 
    insert 
    into
        np1_order_items
        (order_id, price, product, id) 
    values
        (?, ?, ?, default)
Hibernate: 
    insert 
    into
        np1_order_items
        (order_id, price, product, id) 
    values
        (?, ?, ?, default)
Hibernate: 
    insert 
    into
        np1_order_items
        (order_id, price, product, id) 
    values
        (?, ?, ?, default)
2026-09-18T23:16:56.064+05:30  INFO 76160 --- [ai-code-review-demo] [           main] i.StatisticalLoggingSessionEventListener : Session Metrics {
    7541 nanoseconds spent acquiring 1 JDBC connections;
    0 nanoseconds spent releasing 0 JDBC connections;
    53416 nanoseconds spent preparing 4 JDBC statements;
    442459 nanoseconds spent executing 4 JDBC statements;
    0 nanoseconds spent executing 0 JDBC batches;
    0 nanoseconds spent performing 0 L2C puts;
    0 nanoseconds spent performing 0 L2C hits;
    0 nanoseconds spent performing 0 L2C misses;
    260666 nanoseconds spent executing 1 flushes (flushing a total of 4 entities and 1 collections);
    0 nanoseconds spent executing 0 pre-partial-flushes;
    0 nanoseconds spent executing 0 partial-flushes (flushing a total of 0 entities and 0 collections)
}
Hibernate: 
    insert 
    into
        np1_orders
        (customer_name, id) 
    values
        (?, default)
Hibernate: 
    insert 
    into
        np1_order_items
        (order_id, price, product, id) 
    values
        (?, ?, ?, default)
Hibernate: 
    insert 
    into
        np1_order_items
        (order_id, price, product, id) 
    values
        (?, ?, ?, default)
Hibernate: 
    insert 
    into
        np1_order_items
        (order_id, price, product, id) 
    values
        (?, ?, ?, default)
2026-09-18T23:16:56.068+05:30  INFO 76160 --- [ai-code-review-demo] [           main] i.StatisticalLoggingSessionEventListener : Session Metrics {
    6000 nanoseconds spent acquiring 1 JDBC connections;
    0 nanoseconds spent releasing 0 JDBC connections;
    48166 nanoseconds spent preparing 4 JDBC statements;
    424583 nanoseconds spent executing 4 JDBC statements;
    0 nanoseconds spent executing 0 JDBC batches;
    0 nanoseconds spent performing 0 L2C puts;
    0 nanoseconds spent performing 0 L2C hits;
    0 nanoseconds spent performing 0 L2C misses;
    342750 nanoseconds spent executing 1 flushes (flushing a total of 4 entities and 1 collections);
    0 nanoseconds spent executing 0 pre-partial-flushes;
    0 nanoseconds spent executing 0 partial-flushes (flushing a total of 0 entities and 0 collections)
}
Hibernate: 
    insert 
    into
        np1_orders
        (customer_name, id) 
    values
        (?, default)
Hibernate: 
    insert 
    into
        np1_order_items
        (order_id, price, product, id) 
    values
        (?, ?, ?, default)
Hibernate: 
    insert 
    into
        np1_order_items
        (order_id, price, product, id) 
    values
        (?, ?, ?, default)
Hibernate: 
    insert 
    into
        np1_order_items
        (order_id, price, product, id) 
    values
        (?, ?, ?, default)
2026-09-18T23:16:56.072+05:30  INFO 76160 --- [ai-code-review-demo] [           main] i.StatisticalLoggingSessionEventListener : Session Metrics {
    5583 nanoseconds spent acquiring 1 JDBC connections;
    0 nanoseconds spent releasing 0 JDBC connections;
    43833 nanoseconds spent preparing 4 JDBC statements;
    393292 nanoseconds spent executing 4 JDBC statements;
    0 nanoseconds spent executing 0 JDBC batches;
    0 nanoseconds spent performing 0 L2C puts;
    0 nanoseconds spent performing 0 L2C hits;
    0 nanoseconds spent performing 0 L2C misses;
    498750 nanoseconds spent executing 1 flushes (flushing a total of 4 entities and 1 collections);
    0 nanoseconds spent executing 0 pre-partial-flushes;
    0 nanoseconds spent executing 0 partial-flushes (flushing a total of 0 entities and 0 collections)
}
Hibernate: 
    insert 
    into
        np1_orders
        (customer_name, id) 
    values
        (?, default)
Hibernate: 
    insert 
    into
        np1_order_items
        (order_id, price, product, id) 
    values
        (?, ?, ?, default)
Hibernate: 
    insert 
    into
        np1_order_items
        (order_id, price, product, id) 
    values
        (?, ?, ?, default)
Hibernate: 
    insert 
    into
        np1_order_items
        (order_id, price, product, id) 
    values
        (?, ?, ?, default)
2026-09-18T23:16:56.077+05:30  INFO 76160 --- [ai-code-review-demo] [           main] i.StatisticalLoggingSessionEventListener : Session Metrics {
    6042 nanoseconds spent acquiring 1 JDBC connections;
    0 nanoseconds spent releasing 0 JDBC connections;
    45250 nanoseconds spent preparing 4 JDBC statements;
    2662542 nanoseconds spent executing 4 JDBC statements;
    0 nanoseconds spent executing 0 JDBC batches;
    0 nanoseconds spent performing 0 L2C puts;
    0 nanoseconds spent performing 0 L2C hits;
    0 nanoseconds spent performing 0 L2C misses;
    218416 nanoseconds spent executing 1 flushes (flushing a total of 4 entities and 1 collections);
    0 nanoseconds spent executing 0 pre-partial-flushes;
    0 nanoseconds spent executing 0 partial-flushes (flushing a total of 0 entities and 0 collections)
}
Hibernate: 
    insert 
    into
        np1_orders
        (customer_name, id) 
    values
        (?, default)
Hibernate: 
    insert 
    into
        np1_order_items
        (order_id, price, product, id) 
    values
        (?, ?, ?, default)
Hibernate: 
    insert 
    into
        np1_order_items
        (order_id, price, product, id) 
    values
        (?, ?, ?, default)
Hibernate: 
    insert 
    into
        np1_order_items
        (order_id, price, product, id) 
    values
        (?, ?, ?, default)
2026-09-18T23:16:56.081+05:30  INFO 76160 --- [ai-code-review-demo] [           main] i.StatisticalLoggingSessionEventListener : Session Metrics {
    6583 nanoseconds spent acquiring 1 JDBC connections;
    0 nanoseconds spent releasing 0 JDBC connections;
    50501 nanoseconds spent preparing 4 JDBC statements;
    476542 nanoseconds spent executing 4 JDBC statements;
    0 nanoseconds spent executing 0 JDBC batches;
    0 nanoseconds spent performing 0 L2C puts;
    0 nanoseconds spent performing 0 L2C hits;
    0 nanoseconds spent performing 0 L2C misses;
    336250 nanoseconds spent executing 1 flushes (flushing a total of 4 entities and 1 collections);
    0 nanoseconds spent executing 0 pre-partial-flushes;
    0 nanoseconds spent executing 0 partial-flushes (flushing a total of 0 entities and 0 collections)
}
Hibernate: 
    insert 
    into
        np1_orders
        (customer_name, id) 
    values
        (?, default)
Hibernate: 
    insert 
    into
        np1_order_items
        (order_id, price, product, id) 
    values
        (?, ?, ?, default)
Hibernate: 
    insert 
    into
        np1_order_items
        (order_id, price, product, id) 
    values
        (?, ?, ?, default)
Hibernate: 
    insert 
    into
        np1_order_items
        (order_id, price, product, id) 
    values
        (?, ?, ?, default)
2026-09-18T23:16:56.085+05:30  INFO 76160 --- [ai-code-review-demo] [           main] i.StatisticalLoggingSessionEventListener : Session Metrics {
    5875 nanoseconds spent acquiring 1 JDBC connections;
    0 nanoseconds spent releasing 0 JDBC connections;
    60999 nanoseconds spent preparing 4 JDBC statements;
    795126 nanoseconds spent executing 4 JDBC statements;
    0 nanoseconds spent executing 0 JDBC batches;
    0 nanoseconds spent performing 0 L2C puts;
    0 nanoseconds spent performing 0 L2C hits;
    0 nanoseconds spent performing 0 L2C misses;
    1059583 nanoseconds spent executing 1 flushes (flushing a total of 4 entities and 1 collections);
    0 nanoseconds spent executing 0 pre-partial-flushes;
    0 nanoseconds spent executing 0 partial-flushes (flushing a total of 0 entities and 0 collections)
}
Hibernate: 
    insert 
    into
        np1_orders
        (customer_name, id) 
    values
        (?, default)
Hibernate: 
    insert 
    into
        np1_order_items
        (order_id, price, product, id) 
    values
        (?, ?, ?, default)
Hibernate: 
    insert 
    into
        np1_order_items
        (order_id, price, product, id) 
    values
        (?, ?, ?, default)
Hibernate: 
    insert 
    into
        np1_order_items
        (order_id, price, product, id) 
    values
        (?, ?, ?, default)
2026-09-18T23:16:56.094+05:30  INFO 76160 --- [ai-code-review-demo] [           main] i.StatisticalLoggingSessionEventListener : Session Metrics {
    8542 nanoseconds spent acquiring 1 JDBC connections;
    0 nanoseconds spent releasing 0 JDBC connections;
    398833 nanoseconds spent preparing 4 JDBC statements;
    1813666 nanoseconds spent executing 4 JDBC statements;
    0 nanoseconds spent executing 0 JDBC batches;
    0 nanoseconds spent performing 0 L2C puts;
    0 nanoseconds spent performing 0 L2C hits;
    0 nanoseconds spent performing 0 L2C misses;
    232125 nanoseconds spent executing 1 flushes (flushing a total of 4 entities and 1 collections);
    0 nanoseconds spent executing 0 pre-partial-flushes;
    0 nanoseconds spent executing 0 partial-flushes (flushing a total of 0 entities and 0 collections)
}
Hibernate: 
    insert 
    into
        np1_orders
        (customer_name, id) 
    values
        (?, default)
Hibernate: 
    insert 
    into
        np1_order_items
        (order_id, price, product, id) 
    values
        (?, ?, ?, default)
Hibernate: 
    insert 
    into
        np1_order_items
        (order_id, price, product, id) 
    values
        (?, ?, ?, default)
Hibernate: 
    insert 
    into
        np1_order_items
        (order_id, price, product, id) 
    values
        (?, ?, ?, default)
2026-09-18T23:16:56.099+05:30  INFO 76160 --- [ai-code-review-demo] [           main] i.StatisticalLoggingSessionEventListener : Session Metrics {
    9333 nanoseconds spent acquiring 1 JDBC connections;
    0 nanoseconds spent releasing 0 JDBC connections;
    138751 nanoseconds spent preparing 4 JDBC statements;
    688333 nanoseconds spent executing 4 JDBC statements;
    0 nanoseconds spent executing 0 JDBC batches;
    0 nanoseconds spent performing 0 L2C puts;
    0 nanoseconds spent performing 0 L2C hits;
    0 nanoseconds spent performing 0 L2C misses;
    1411209 nanoseconds spent executing 1 flushes (flushing a total of 4 entities and 1 collections);
    0 nanoseconds spent executing 0 pre-partial-flushes;
    0 nanoseconds spent executing 0 partial-flushes (flushing a total of 0 entities and 0 collections)
}
Hibernate: 
    insert 
    into
        np1_orders
        (customer_name, id) 
    values
        (?, default)
Hibernate: 
    insert 
    into
        np1_order_items
        (order_id, price, product, id) 
    values
        (?, ?, ?, default)
Hibernate: 
    insert 
    into
        np1_order_items
        (order_id, price, product, id) 
    values
        (?, ?, ?, default)
Hibernate: 
    insert 
    into
        np1_order_items
        (order_id, price, product, id) 
    values
        (?, ?, ?, default)
2026-09-18T23:16:56.104+05:30  INFO 76160 --- [ai-code-review-demo] [           main] i.StatisticalLoggingSessionEventListener : Session Metrics {
    9708 nanoseconds spent acquiring 1 JDBC connections;
    0 nanoseconds spent releasing 0 JDBC connections;
    59876 nanoseconds spent preparing 4 JDBC statements;
    1076043 nanoseconds spent executing 4 JDBC statements;
    0 nanoseconds spent executing 0 JDBC batches;
    0 nanoseconds spent performing 0 L2C puts;
    0 nanoseconds spent performing 0 L2C hits;
    0 nanoseconds spent performing 0 L2C misses;
    585541 nanoseconds spent executing 1 flushes (flushing a total of 4 entities and 1 collections);
    0 nanoseconds spent executing 0 pre-partial-flushes;
    0 nanoseconds spent executing 0 partial-flushes (flushing a total of 0 entities and 0 collections)
}
Hibernate: 
    insert 
    into
        np1_orders
        (customer_name, id) 
    values
        (?, default)
Hibernate: 
    insert 
    into
        np1_order_items
        (order_id, price, product, id) 
    values
        (?, ?, ?, default)
Hibernate: 
    insert 
    into
        np1_order_items
        (order_id, price, product, id) 
    values
        (?, ?, ?, default)
Hibernate: 
    insert 
    into
        np1_order_items
        (order_id, price, product, id) 
    values
        (?, ?, ?, default)
2026-09-18T23:16:56.107+05:30  INFO 76160 --- [ai-code-review-demo] [           main] i.StatisticalLoggingSessionEventListener : Session Metrics {
    7500 nanoseconds spent acquiring 1 JDBC connections;
    0 nanoseconds spent releasing 0 JDBC connections;
    47334 nanoseconds spent preparing 4 JDBC statements;
    812708 nanoseconds spent executing 4 JDBC statements;
    0 nanoseconds spent executing 0 JDBC batches;
    0 nanoseconds spent performing 0 L2C puts;
    0 nanoseconds spent performing 0 L2C hits;
    0 nanoseconds spent performing 0 L2C misses;
    176125 nanoseconds spent executing 1 flushes (flushing a total of 4 entities and 1 collections);
    0 nanoseconds spent executing 0 pre-partial-flushes;
    0 nanoseconds spent executing 0 partial-flushes (flushing a total of 0 entities and 0 collections)
}
Hibernate: 
    insert 
    into
        np1_orders
        (customer_name, id) 
    values
        (?, default)
Hibernate: 
    insert 
    into
        np1_order_items
        (order_id, price, product, id) 
    values
        (?, ?, ?, default)
Hibernate: 
    insert 
    into
        np1_order_items
        (order_id, price, product, id) 
    values
        (?, ?, ?, default)
Hibernate: 
    insert 
    into
        np1_order_items
        (order_id, price, product, id) 
    values
        (?, ?, ?, default)
2026-09-18T23:16:56.111+05:30  INFO 76160 --- [ai-code-review-demo] [           main] i.StatisticalLoggingSessionEventListener : Session Metrics {
    6208 nanoseconds spent acquiring 1 JDBC connections;
    0 nanoseconds spent releasing 0 JDBC connections;
    43584 nanoseconds spent preparing 4 JDBC statements;
    429999 nanoseconds spent executing 4 JDBC statements;
    0 nanoseconds spent executing 0 JDBC batches;
    0 nanoseconds spent performing 0 L2C puts;
    0 nanoseconds spent performing 0 L2C hits;
    0 nanoseconds spent performing 0 L2C misses;
    156750 nanoseconds spent executing 1 flushes (flushing a total of 4 entities and 1 collections);
    0 nanoseconds spent executing 0 pre-partial-flushes;
    0 nanoseconds spent executing 0 partial-flushes (flushing a total of 0 entities and 0 collections)
}
Hibernate: 
    insert 
    into
        np1_orders
        (customer_name, id) 
    values
        (?, default)
Hibernate: 
    insert 
    into
        np1_order_items
        (order_id, price, product, id) 
    values
        (?, ?, ?, default)
Hibernate: 
    insert 
    into
        np1_order_items
        (order_id, price, product, id) 
    values
        (?, ?, ?, default)
Hibernate: 
    insert 
    into
        np1_order_items
        (order_id, price, product, id) 
    values
        (?, ?, ?, default)
2026-09-18T23:16:56.114+05:30  INFO 76160 --- [ai-code-review-demo] [           main] i.StatisticalLoggingSessionEventListener : Session Metrics {
    7500 nanoseconds spent acquiring 1 JDBC connections;
    0 nanoseconds spent releasing 0 JDBC connections;
    42957 nanoseconds spent preparing 4 JDBC statements;
    480167 nanoseconds spent executing 4 JDBC statements;
    0 nanoseconds spent executing 0 JDBC batches;
    0 nanoseconds spent performing 0 L2C puts;
    0 nanoseconds spent performing 0 L2C hits;
    0 nanoseconds spent performing 0 L2C misses;
    156792 nanoseconds spent executing 1 flushes (flushing a total of 4 entities and 1 collections);
    0 nanoseconds spent executing 0 pre-partial-flushes;
    0 nanoseconds spent executing 0 partial-flushes (flushing a total of 0 entities and 0 collections)
}
Hibernate: 
    insert 
    into
        np1_orders
        (customer_name, id) 
    values
        (?, default)
Hibernate: 
    insert 
    into
        np1_order_items
        (order_id, price, product, id) 
    values
        (?, ?, ?, default)
Hibernate: 
    insert 
    into
        np1_order_items
        (order_id, price, product, id) 
    values
        (?, ?, ?, default)
Hibernate: 
    insert 
    into
        np1_order_items
        (order_id, price, product, id) 
    values
        (?, ?, ?, default)
2026-09-18T23:16:56.121+05:30  INFO 76160 --- [ai-code-review-demo] [           main] i.StatisticalLoggingSessionEventListener : Session Metrics {
    6500 nanoseconds spent acquiring 1 JDBC connections;
    0 nanoseconds spent releasing 0 JDBC connections;
    252918 nanoseconds spent preparing 4 JDBC statements;
    474166 nanoseconds spent executing 4 JDBC statements;
    0 nanoseconds spent executing 0 JDBC batches;
    0 nanoseconds spent performing 0 L2C puts;
    0 nanoseconds spent performing 0 L2C hits;
    0 nanoseconds spent performing 0 L2C misses;
    1285625 nanoseconds spent executing 1 flushes (flushing a total of 4 entities and 1 collections);
    0 nanoseconds spent executing 0 pre-partial-flushes;
    0 nanoseconds spent executing 0 partial-flushes (flushing a total of 0 entities and 0 collections)
}
Hibernate: 
    insert 
    into
        np1_orders
        (customer_name, id) 
    values
        (?, default)
Hibernate: 
    insert 
    into
        np1_order_items
        (order_id, price, product, id) 
    values
        (?, ?, ?, default)
Hibernate: 
    insert 
    into
        np1_order_items
        (order_id, price, product, id) 
    values
        (?, ?, ?, default)
Hibernate: 
    insert 
    into
        np1_order_items
        (order_id, price, product, id) 
    values
        (?, ?, ?, default)
2026-09-18T23:16:56.127+05:30  INFO 76160 --- [ai-code-review-demo] [           main] i.StatisticalLoggingSessionEventListener : Session Metrics {
    5792 nanoseconds spent acquiring 1 JDBC connections;
    0 nanoseconds spent releasing 0 JDBC connections;
    50541 nanoseconds spent preparing 4 JDBC statements;
    2404750 nanoseconds spent executing 4 JDBC statements;
    0 nanoseconds spent executing 0 JDBC batches;
    0 nanoseconds spent performing 0 L2C puts;
    0 nanoseconds spent performing 0 L2C hits;
    0 nanoseconds spent performing 0 L2C misses;
    191417 nanoseconds spent executing 1 flushes (flushing a total of 4 entities and 1 collections);
    0 nanoseconds spent executing 0 pre-partial-flushes;
    0 nanoseconds spent executing 0 partial-flushes (flushing a total of 0 entities and 0 collections)
}
Hibernate: 
    insert 
    into
        np1_orders
        (customer_name, id) 
    values
        (?, default)
Hibernate: 
    insert 
    into
        np1_order_items
        (order_id, price, product, id) 
    values
        (?, ?, ?, default)
Hibernate: 
    insert 
    into
        np1_order_items
        (order_id, price, product, id) 
    values
        (?, ?, ?, default)
Hibernate: 
    insert 
    into
        np1_order_items
        (order_id, price, product, id) 
    values
        (?, ?, ?, default)
2026-09-18T23:16:56.132+05:30  INFO 76160 --- [ai-code-review-demo] [           main] i.StatisticalLoggingSessionEventListener : Session Metrics {
    6208 nanoseconds spent acquiring 1 JDBC connections;
    0 nanoseconds spent releasing 0 JDBC connections;
    43209 nanoseconds spent preparing 4 JDBC statements;
    2527625 nanoseconds spent executing 4 JDBC statements;
    0 nanoseconds spent executing 0 JDBC batches;
    0 nanoseconds spent performing 0 L2C puts;
    0 nanoseconds spent performing 0 L2C hits;
    0 nanoseconds spent performing 0 L2C misses;
    135959 nanoseconds spent executing 1 flushes (flushing a total of 4 entities and 1 collections);
    0 nanoseconds spent executing 0 pre-partial-flushes;
    0 nanoseconds spent executing 0 partial-flushes (flushing a total of 0 entities and 0 collections)
}
Hibernate: 
    insert 
    into
        np1_orders
        (customer_name, id) 
    values
        (?, default)
Hibernate: 
    insert 
    into
        np1_order_items
        (order_id, price, product, id) 
    values
        (?, ?, ?, default)
Hibernate: 
    insert 
    into
        np1_order_items
        (order_id, price, product, id) 
    values
        (?, ?, ?, default)
Hibernate: 
    insert 
    into
        np1_order_items
        (order_id, price, product, id) 
    values
        (?, ?, ?, default)
2026-09-18T23:16:56.137+05:30  INFO 76160 --- [ai-code-review-demo] [           main] i.StatisticalLoggingSessionEventListener : Session Metrics {
    5958 nanoseconds spent acquiring 1 JDBC connections;
    0 nanoseconds spent releasing 0 JDBC connections;
    552207 nanoseconds spent preparing 4 JDBC statements;
    1147751 nanoseconds spent executing 4 JDBC statements;
    0 nanoseconds spent executing 0 JDBC batches;
    0 nanoseconds spent performing 0 L2C puts;
    0 nanoseconds spent performing 0 L2C hits;
    0 nanoseconds spent performing 0 L2C misses;
    355042 nanoseconds spent executing 1 flushes (flushing a total of 4 entities and 1 collections);
    0 nanoseconds spent executing 0 pre-partial-flushes;
    0 nanoseconds spent executing 0 partial-flushes (flushing a total of 0 entities and 0 collections)
}
Hibernate: 
    insert 
    into
        np1_orders
        (customer_name, id) 
    values
        (?, default)
Hibernate: 
    insert 
    into
        np1_order_items
        (order_id, price, product, id) 
    values
        (?, ?, ?, default)
Hibernate: 
    insert 
    into
        np1_order_items
        (order_id, price, product, id) 
    values
        (?, ?, ?, default)
Hibernate: 
    insert 
    into
        np1_order_items
        (order_id, price, product, id) 
    values
        (?, ?, ?, default)
2026-09-18T23:16:56.141+05:30  INFO 76160 --- [ai-code-review-demo] [           main] i.StatisticalLoggingSessionEventListener : Session Metrics {
    5459 nanoseconds spent acquiring 1 JDBC connections;
    0 nanoseconds spent releasing 0 JDBC connections;
    269500 nanoseconds spent preparing 4 JDBC statements;
    1425126 nanoseconds spent executing 4 JDBC statements;
    0 nanoseconds spent executing 0 JDBC batches;
    0 nanoseconds spent performing 0 L2C puts;
    0 nanoseconds spent performing 0 L2C hits;
    0 nanoseconds spent performing 0 L2C misses;
    321792 nanoseconds spent executing 1 flushes (flushing a total of 4 entities and 1 collections);
    0 nanoseconds spent executing 0 pre-partial-flushes;
    0 nanoseconds spent executing 0 partial-flushes (flushing a total of 0 entities and 0 collections)
}
Hibernate: 
    insert 
    into
        np1_orders
        (customer_name, id) 
    values
        (?, default)
Hibernate: 
    insert 
    into
        np1_order_items
        (order_id, price, product, id) 
    values
        (?, ?, ?, default)
Hibernate: 
    insert 
    into
        np1_order_items
        (order_id, price, product, id) 
    values
        (?, ?, ?, default)
Hibernate: 
    insert 
    into
        np1_order_items
        (order_id, price, product, id) 
    values
        (?, ?, ?, default)
2026-09-18T23:16:56.145+05:30  INFO 76160 --- [ai-code-review-demo] [           main] i.StatisticalLoggingSessionEventListener : Session Metrics {
    5250 nanoseconds spent acquiring 1 JDBC connections;
    0 nanoseconds spent releasing 0 JDBC connections;
    59751 nanoseconds spent preparing 4 JDBC statements;
    1562584 nanoseconds spent executing 4 JDBC statements;
    0 nanoseconds spent executing 0 JDBC batches;
    0 nanoseconds spent performing 0 L2C puts;
    0 nanoseconds spent performing 0 L2C hits;
    0 nanoseconds spent performing 0 L2C misses;
    176125 nanoseconds spent executing 1 flushes (flushing a total of 4 entities and 1 collections);
    0 nanoseconds spent executing 0 pre-partial-flushes;
    0 nanoseconds spent executing 0 partial-flushes (flushing a total of 0 entities and 0 collections)
}
Hibernate: 
    insert 
    into
        np1_orders
        (customer_name, id) 
    values
        (?, default)
Hibernate: 
    insert 
    into
        np1_order_items
        (order_id, price, product, id) 
    values
        (?, ?, ?, default)
Hibernate: 
    insert 
    into
        np1_order_items
        (order_id, price, product, id) 
    values
        (?, ?, ?, default)
Hibernate: 
    insert 
    into
        np1_order_items
        (order_id, price, product, id) 
    values
        (?, ?, ?, default)
2026-09-18T23:16:56.148+05:30  INFO 76160 --- [ai-code-review-demo] [           main] i.StatisticalLoggingSessionEventListener : Session Metrics {
    5916 nanoseconds spent acquiring 1 JDBC connections;
    0 nanoseconds spent releasing 0 JDBC connections;
    34667 nanoseconds spent preparing 4 JDBC statements;
    1343709 nanoseconds spent executing 4 JDBC statements;
    0 nanoseconds spent executing 0 JDBC batches;
    0 nanoseconds spent performing 0 L2C puts;
    0 nanoseconds spent performing 0 L2C hits;
    0 nanoseconds spent performing 0 L2C misses;
    200542 nanoseconds spent executing 1 flushes (flushing a total of 4 entities and 1 collections);
    0 nanoseconds spent executing 0 pre-partial-flushes;
    0 nanoseconds spent executing 0 partial-flushes (flushing a total of 0 entities and 0 collections)
}
Hibernate: 
    insert 
    into
        np1_orders
        (customer_name, id) 
    values
        (?, default)
Hibernate: 
    insert 
    into
        np1_order_items
        (order_id, price, product, id) 
    values
        (?, ?, ?, default)
Hibernate: 
    insert 
    into
        np1_order_items
        (order_id, price, product, id) 
    values
        (?, ?, ?, default)
Hibernate: 
    insert 
    into
        np1_order_items
        (order_id, price, product, id) 
    values
        (?, ?, ?, default)
2026-09-18T23:16:56.152+05:30  INFO 76160 --- [ai-code-review-demo] [           main] i.StatisticalLoggingSessionEventListener : Session Metrics {
    5291 nanoseconds spent acquiring 1 JDBC connections;
    0 nanoseconds spent releasing 0 JDBC connections;
    33125 nanoseconds spent preparing 4 JDBC statements;
    515417 nanoseconds spent executing 4 JDBC statements;
    0 nanoseconds spent executing 0 JDBC batches;
    0 nanoseconds spent performing 0 L2C puts;
    0 nanoseconds spent performing 0 L2C hits;
    0 nanoseconds spent performing 0 L2C misses;
    271709 nanoseconds spent executing 1 flushes (flushing a total of 4 entities and 1 collections);
    0 nanoseconds spent executing 0 pre-partial-flushes;
    0 nanoseconds spent executing 0 partial-flushes (flushing a total of 0 entities and 0 collections)
}
Hibernate: 
    insert 
    into
        np1_orders
        (customer_name, id) 
    values
        (?, default)
Hibernate: 
    insert 
    into
        np1_order_items
        (order_id, price, product, id) 
    values
        (?, ?, ?, default)
Hibernate: 
    insert 
    into
        np1_order_items
        (order_id, price, product, id) 
    values
        (?, ?, ?, default)
Hibernate: 
    insert 
    into
        np1_order_items
        (order_id, price, product, id) 
    values
        (?, ?, ?, default)
2026-09-18T23:16:56.155+05:30  INFO 76160 --- [ai-code-review-demo] [           main] i.StatisticalLoggingSessionEventListener : Session Metrics {
    5333 nanoseconds spent acquiring 1 JDBC connections;
    0 nanoseconds spent releasing 0 JDBC connections;
    56292 nanoseconds spent preparing 4 JDBC statements;
    408417 nanoseconds spent executing 4 JDBC statements;
    0 nanoseconds spent executing 0 JDBC batches;
    0 nanoseconds spent performing 0 L2C puts;
    0 nanoseconds spent performing 0 L2C hits;
    0 nanoseconds spent performing 0 L2C misses;
    195166 nanoseconds spent executing 1 flushes (flushing a total of 4 entities and 1 collections);
    0 nanoseconds spent executing 0 pre-partial-flushes;
    0 nanoseconds spent executing 0 partial-flushes (flushing a total of 0 entities and 0 collections)
}
Hibernate: 
    insert 
    into
        np1_orders
        (customer_name, id) 
    values
        (?, default)
Hibernate: 
    insert 
    into
        np1_order_items
        (order_id, price, product, id) 
    values
        (?, ?, ?, default)
Hibernate: 
    insert 
    into
        np1_order_items
        (order_id, price, product, id) 
    values
        (?, ?, ?, default)
Hibernate: 
    insert 
    into
        np1_order_items
        (order_id, price, product, id) 
    values
        (?, ?, ?, default)
2026-09-18T23:16:56.164+05:30  INFO 76160 --- [ai-code-review-demo] [           main] i.StatisticalLoggingSessionEventListener : Session Metrics {
    5667 nanoseconds spent acquiring 1 JDBC connections;
    0 nanoseconds spent releasing 0 JDBC connections;
    55542 nanoseconds spent preparing 4 JDBC statements;
    1425043 nanoseconds spent executing 4 JDBC statements;
    0 nanoseconds spent executing 0 JDBC batches;
    0 nanoseconds spent performing 0 L2C puts;
    0 nanoseconds spent performing 0 L2C hits;
    0 nanoseconds spent performing 0 L2C misses;
    808833 nanoseconds spent executing 1 flushes (flushing a total of 4 entities and 1 collections);
    0 nanoseconds spent executing 0 pre-partial-flushes;
    0 nanoseconds spent executing 0 partial-flushes (flushing a total of 0 entities and 0 collections)
}
Hibernate: 
    insert 
    into
        np1_orders
        (customer_name, id) 
    values
        (?, default)
Hibernate: 
    insert 
    into
        np1_order_items
        (order_id, price, product, id) 
    values
        (?, ?, ?, default)
Hibernate: 
    insert 
    into
        np1_order_items
        (order_id, price, product, id) 
    values
        (?, ?, ?, default)
Hibernate: 
    insert 
    into
        np1_order_items
        (order_id, price, product, id) 
    values
        (?, ?, ?, default)
2026-09-18T23:16:56.173+05:30  INFO 76160 --- [ai-code-review-demo] [           main] i.StatisticalLoggingSessionEventListener : Session Metrics {
    8750 nanoseconds spent acquiring 1 JDBC connections;
    0 nanoseconds spent releasing 0 JDBC connections;
    35083 nanoseconds spent preparing 4 JDBC statements;
    685043 nanoseconds spent executing 4 JDBC statements;
    0 nanoseconds spent executing 0 JDBC batches;
    0 nanoseconds spent performing 0 L2C puts;
    0 nanoseconds spent performing 0 L2C hits;
    0 nanoseconds spent performing 0 L2C misses;
    1922416 nanoseconds spent executing 1 flushes (flushing a total of 4 entities and 1 collections);
    0 nanoseconds spent executing 0 pre-partial-flushes;
    0 nanoseconds spent executing 0 partial-flushes (flushing a total of 0 entities and 0 collections)
}
Hibernate: 
    insert 
    into
        np1_orders
        (customer_name, id) 
    values
        (?, default)
Hibernate: 
    insert 
    into
        np1_order_items
        (order_id, price, product, id) 
    values
        (?, ?, ?, default)
Hibernate: 
    insert 
    into
        np1_order_items
        (order_id, price, product, id) 
    values
        (?, ?, ?, default)
Hibernate: 
    insert 
    into
        np1_order_items
        (order_id, price, product, id) 
    values
        (?, ?, ?, default)
2026-09-18T23:16:56.179+05:30  INFO 76160 --- [ai-code-review-demo] [           main] i.StatisticalLoggingSessionEventListener : Session Metrics {
    6584 nanoseconds spent acquiring 1 JDBC connections;
    0 nanoseconds spent releasing 0 JDBC connections;
    45499 nanoseconds spent preparing 4 JDBC statements;
    1193626 nanoseconds spent executing 4 JDBC statements;
    0 nanoseconds spent executing 0 JDBC batches;
    0 nanoseconds spent performing 0 L2C puts;
    0 nanoseconds spent performing 0 L2C hits;
    0 nanoseconds spent performing 0 L2C misses;
    271417 nanoseconds spent executing 1 flushes (flushing a total of 4 entities and 1 collections);
    0 nanoseconds spent executing 0 pre-partial-flushes;
    0 nanoseconds spent executing 0 partial-flushes (flushing a total of 0 entities and 0 collections)
}
Hibernate: 
    insert 
    into
        np1_orders
        (customer_name, id) 
    values
        (?, default)
Hibernate: 
    insert 
    into
        np1_order_items
        (order_id, price, product, id) 
    values
        (?, ?, ?, default)
Hibernate: 
    insert 
    into
        np1_order_items
        (order_id, price, product, id) 
    values
        (?, ?, ?, default)
Hibernate: 
    insert 
    into
        np1_order_items
        (order_id, price, product, id) 
    values
        (?, ?, ?, default)
2026-09-18T23:16:56.184+05:30  INFO 76160 --- [ai-code-review-demo] [           main] i.StatisticalLoggingSessionEventListener : Session Metrics {
    5625 nanoseconds spent acquiring 1 JDBC connections;
    0 nanoseconds spent releasing 0 JDBC connections;
    120750 nanoseconds spent preparing 4 JDBC statements;
    1952832 nanoseconds spent executing 4 JDBC statements;
    0 nanoseconds spent executing 0 JDBC batches;
    0 nanoseconds spent performing 0 L2C puts;
    0 nanoseconds spent performing 0 L2C hits;
    0 nanoseconds spent performing 0 L2C misses;
    155042 nanoseconds spent executing 1 flushes (flushing a total of 4 entities and 1 collections);
    0 nanoseconds spent executing 0 pre-partial-flushes;
    0 nanoseconds spent executing 0 partial-flushes (flushing a total of 0 entities and 0 collections)
}
Hibernate: 
    insert 
    into
        np1_orders
        (customer_name, id) 
    values
        (?, default)
Hibernate: 
    insert 
    into
        np1_order_items
        (order_id, price, product, id) 
    values
        (?, ?, ?, default)
Hibernate: 
    insert 
    into
        np1_order_items
        (order_id, price, product, id) 
    values
        (?, ?, ?, default)
Hibernate: 
    insert 
    into
        np1_order_items
        (order_id, price, product, id) 
    values
        (?, ?, ?, default)
2026-09-18T23:16:56.196+05:30  INFO 76160 --- [ai-code-review-demo] [           main] i.StatisticalLoggingSessionEventListener : Session Metrics {
    5667 nanoseconds spent acquiring 1 JDBC connections;
    0 nanoseconds spent releasing 0 JDBC connections;
    208042 nanoseconds spent preparing 4 JDBC statements;
    2866042 nanoseconds spent executing 4 JDBC statements;
    0 nanoseconds spent executing 0 JDBC batches;
    0 nanoseconds spent performing 0 L2C puts;
    0 nanoseconds spent performing 0 L2C hits;
    0 nanoseconds spent performing 0 L2C misses;
    848291 nanoseconds spent executing 1 flushes (flushing a total of 4 entities and 1 collections);
    0 nanoseconds spent executing 0 pre-partial-flushes;
    0 nanoseconds spent executing 0 partial-flushes (flushing a total of 0 entities and 0 collections)
}
Hibernate: 
    insert 
    into
        np1_orders
        (customer_name, id) 
    values
        (?, default)
Hibernate: 
    insert 
    into
        np1_order_items
        (order_id, price, product, id) 
    values
        (?, ?, ?, default)
Hibernate: 
    insert 
    into
        np1_order_items
        (order_id, price, product, id) 
    values
        (?, ?, ?, default)
Hibernate: 
    insert 
    into
        np1_order_items
        (order_id, price, product, id) 
    values
        (?, ?, ?, default)
2026-09-18T23:16:56.211+05:30  INFO 76160 --- [ai-code-review-demo] [           main] i.StatisticalLoggingSessionEventListener : Session Metrics {
    13250 nanoseconds spent acquiring 1 JDBC connections;
    0 nanoseconds spent releasing 0 JDBC connections;
    55582 nanoseconds spent preparing 4 JDBC statements;
    2380750 nanoseconds spent executing 4 JDBC statements;
    0 nanoseconds spent executing 0 JDBC batches;
    0 nanoseconds spent performing 0 L2C puts;
    0 nanoseconds spent performing 0 L2C hits;
    0 nanoseconds spent performing 0 L2C misses;
    3064666 nanoseconds spent executing 1 flushes (flushing a total of 4 entities and 1 collections);
    0 nanoseconds spent executing 0 pre-partial-flushes;
    0 nanoseconds spent executing 0 partial-flushes (flushing a total of 0 entities and 0 collections)
}
Hibernate: 
    insert 
    into
        np1_orders
        (customer_name, id) 
    values
        (?, default)
Hibernate: 
    insert 
    into
        np1_order_items
        (order_id, price, product, id) 
    values
        (?, ?, ?, default)
Hibernate: 
    insert 
    into
        np1_order_items
        (order_id, price, product, id) 
    values
        (?, ?, ?, default)
Hibernate: 
    insert 
    into
        np1_order_items
        (order_id, price, product, id) 
    values
        (?, ?, ?, default)
2026-09-18T23:16:56.217+05:30  INFO 76160 --- [ai-code-review-demo] [           main] i.StatisticalLoggingSessionEventListener : Session Metrics {
    11334 nanoseconds spent acquiring 1 JDBC connections;
    0 nanoseconds spent releasing 0 JDBC connections;
    53792 nanoseconds spent preparing 4 JDBC statements;
    1586334 nanoseconds spent executing 4 JDBC statements;
    0 nanoseconds spent executing 0 JDBC batches;
    0 nanoseconds spent performing 0 L2C puts;
    0 nanoseconds spent performing 0 L2C hits;
    0 nanoseconds spent performing 0 L2C misses;
    447500 nanoseconds spent executing 1 flushes (flushing a total of 4 entities and 1 collections);
    0 nanoseconds spent executing 0 pre-partial-flushes;
    0 nanoseconds spent executing 0 partial-flushes (flushing a total of 0 entities and 0 collections)
}
Hibernate: 
    insert 
    into
        np1_orders
        (customer_name, id) 
    values
        (?, default)
Hibernate: 
    insert 
    into
        np1_order_items
        (order_id, price, product, id) 
    values
        (?, ?, ?, default)
Hibernate: 
    insert 
    into
        np1_order_items
        (order_id, price, product, id) 
    values
        (?, ?, ?, default)
Hibernate: 
    insert 
    into
        np1_order_items
        (order_id, price, product, id) 
    values
        (?, ?, ?, default)
2026-09-18T23:16:56.228+05:30  INFO 76160 --- [ai-code-review-demo] [           main] i.StatisticalLoggingSessionEventListener : Session Metrics {
    7500 nanoseconds spent acquiring 1 JDBC connections;
    0 nanoseconds spent releasing 0 JDBC connections;
    246543 nanoseconds spent preparing 4 JDBC statements;
    3271667 nanoseconds spent executing 4 JDBC statements;
    0 nanoseconds spent executing 0 JDBC batches;
    0 nanoseconds spent performing 0 L2C puts;
    0 nanoseconds spent performing 0 L2C hits;
    0 nanoseconds spent performing 0 L2C misses;
    324000 nanoseconds spent executing 1 flushes (flushing a total of 4 entities and 1 collections);
    0 nanoseconds spent executing 0 pre-partial-flushes;
    0 nanoseconds spent executing 0 partial-flushes (flushing a total of 0 entities and 0 collections)
}
Hibernate: 
    insert 
    into
        np1_orders
        (customer_name, id) 
    values
        (?, default)
Hibernate: 
    insert 
    into
        np1_order_items
        (order_id, price, product, id) 
    values
        (?, ?, ?, default)
Hibernate: 
    insert 
    into
        np1_order_items
        (order_id, price, product, id) 
    values
        (?, ?, ?, default)
Hibernate: 
    insert 
    into
        np1_order_items
        (order_id, price, product, id) 
    values
        (?, ?, ?, default)
2026-09-18T23:16:56.234+05:30  INFO 76160 --- [ai-code-review-demo] [           main] i.StatisticalLoggingSessionEventListener : Session Metrics {
    7416 nanoseconds spent acquiring 1 JDBC connections;
    0 nanoseconds spent releasing 0 JDBC connections;
    60167 nanoseconds spent preparing 4 JDBC statements;
    2230334 nanoseconds spent executing 4 JDBC statements;
    0 nanoseconds spent executing 0 JDBC batches;
    0 nanoseconds spent performing 0 L2C puts;
    0 nanoseconds spent performing 0 L2C hits;
    0 nanoseconds spent performing 0 L2C misses;
    277000 nanoseconds spent executing 1 flushes (flushing a total of 4 entities and 1 collections);
    0 nanoseconds spent executing 0 pre-partial-flushes;
    0 nanoseconds spent executing 0 partial-flushes (flushing a total of 0 entities and 0 collections)
}
Hibernate: 
    insert 
    into
        np1_orders
        (customer_name, id) 
    values
        (?, default)
Hibernate: 
    insert 
    into
        np1_order_items
        (order_id, price, product, id) 
    values
        (?, ?, ?, default)
Hibernate: 
    insert 
    into
        np1_order_items
        (order_id, price, product, id) 
    values
        (?, ?, ?, default)
Hibernate: 
    insert 
    into
        np1_order_items
        (order_id, price, product, id) 
    values
        (?, ?, ?, default)
2026-09-18T23:16:56.237+05:30  INFO 76160 --- [ai-code-review-demo] [           main] i.StatisticalLoggingSessionEventListener : Session Metrics {
    7667 nanoseconds spent acquiring 1 JDBC connections;
    0 nanoseconds spent releasing 0 JDBC connections;
    30750 nanoseconds spent preparing 4 JDBC statements;
    480209 nanoseconds spent executing 4 JDBC statements;
    0 nanoseconds spent executing 0 JDBC batches;
    0 nanoseconds spent performing 0 L2C puts;
    0 nanoseconds spent performing 0 L2C hits;
    0 nanoseconds spent performing 0 L2C misses;
    142041 nanoseconds spent executing 1 flushes (flushing a total of 4 entities and 1 collections);
    0 nanoseconds spent executing 0 pre-partial-flushes;
    0 nanoseconds spent executing 0 partial-flushes (flushing a total of 0 entities and 0 collections)
}
Hibernate: 
    insert 
    into
        np1_orders
        (customer_name, id) 
    values
        (?, default)
Hibernate: 
    insert 
    into
        np1_order_items
        (order_id, price, product, id) 
    values
        (?, ?, ?, default)
Hibernate: 
    insert 
    into
        np1_order_items
        (order_id, price, product, id) 
    values
        (?, ?, ?, default)
Hibernate: 
    insert 
    into
        np1_order_items
        (order_id, price, product, id) 
    values
        (?, ?, ?, default)
2026-09-18T23:16:56.241+05:30  INFO 76160 --- [ai-code-review-demo] [           main] i.StatisticalLoggingSessionEventListener : Session Metrics {
    6708 nanoseconds spent acquiring 1 JDBC connections;
    0 nanoseconds spent releasing 0 JDBC connections;
    40751 nanoseconds spent preparing 4 JDBC statements;
    783666 nanoseconds spent executing 4 JDBC statements;
    0 nanoseconds spent executing 0 JDBC batches;
    0 nanoseconds spent performing 0 L2C puts;
    0 nanoseconds spent performing 0 L2C hits;
    0 nanoseconds spent performing 0 L2C misses;
    166292 nanoseconds spent executing 1 flushes (flushing a total of 4 entities and 1 collections);
    0 nanoseconds spent executing 0 pre-partial-flushes;
    0 nanoseconds spent executing 0 partial-flushes (flushing a total of 0 entities and 0 collections)
}
Hibernate: 
    insert 
    into
        np1_orders
        (customer_name, id) 
    values
        (?, default)
Hibernate: 
    insert 
    into
        np1_order_items
        (order_id, price, product, id) 
    values
        (?, ?, ?, default)
Hibernate: 
    insert 
    into
        np1_order_items
        (order_id, price, product, id) 
    values
        (?, ?, ?, default)
Hibernate: 
    insert 
    into
        np1_order_items
        (order_id, price, product, id) 
    values
        (?, ?, ?, default)
2026-09-18T23:16:56.246+05:30  INFO 76160 --- [ai-code-review-demo] [           main] i.StatisticalLoggingSessionEventListener : Session Metrics {
    6958 nanoseconds spent acquiring 1 JDBC connections;
    0 nanoseconds spent releasing 0 JDBC connections;
    42666 nanoseconds spent preparing 4 JDBC statements;
    432917 nanoseconds spent executing 4 JDBC statements;
    0 nanoseconds spent executing 0 JDBC batches;
    0 nanoseconds spent performing 0 L2C puts;
    0 nanoseconds spent performing 0 L2C hits;
    0 nanoseconds spent performing 0 L2C misses;
    153875 nanoseconds spent executing 1 flushes (flushing a total of 4 entities and 1 collections);
    0 nanoseconds spent executing 0 pre-partial-flushes;
    0 nanoseconds spent executing 0 partial-flushes (flushing a total of 0 entities and 0 collections)
}
Hibernate: 
    insert 
    into
        np1_orders
        (customer_name, id) 
    values
        (?, default)
Hibernate: 
    insert 
    into
        np1_order_items
        (order_id, price, product, id) 
    values
        (?, ?, ?, default)
Hibernate: 
    insert 
    into
        np1_order_items
        (order_id, price, product, id) 
    values
        (?, ?, ?, default)
Hibernate: 
    insert 
    into
        np1_order_items
        (order_id, price, product, id) 
    values
        (?, ?, ?, default)
2026-09-18T23:16:56.249+05:30  INFO 76160 --- [ai-code-review-demo] [           main] i.StatisticalLoggingSessionEventListener : Session Metrics {
    6250 nanoseconds spent acquiring 1 JDBC connections;
    0 nanoseconds spent releasing 0 JDBC connections;
    36666 nanoseconds spent preparing 4 JDBC statements;
    642001 nanoseconds spent executing 4 JDBC statements;
    0 nanoseconds spent executing 0 JDBC batches;
    0 nanoseconds spent performing 0 L2C puts;
    0 nanoseconds spent performing 0 L2C hits;
    0 nanoseconds spent performing 0 L2C misses;
    666750 nanoseconds spent executing 1 flushes (flushing a total of 4 entities and 1 collections);
    0 nanoseconds spent executing 0 pre-partial-flushes;
    0 nanoseconds spent executing 0 partial-flushes (flushing a total of 0 entities and 0 collections)
}
Hibernate: 
    insert 
    into
        np1_orders
        (customer_name, id) 
    values
        (?, default)
Hibernate: 
    insert 
    into
        np1_order_items
        (order_id, price, product, id) 
    values
        (?, ?, ?, default)
Hibernate: 
    insert 
    into
        np1_order_items
        (order_id, price, product, id) 
    values
        (?, ?, ?, default)
Hibernate: 
    insert 
    into
        np1_order_items
        (order_id, price, product, id) 
    values
        (?, ?, ?, default)
2026-09-18T23:16:56.253+05:30  INFO 76160 --- [ai-code-review-demo] [           main] i.StatisticalLoggingSessionEventListener : Session Metrics {
    6209 nanoseconds spent acquiring 1 JDBC connections;
    0 nanoseconds spent releasing 0 JDBC connections;
    36540 nanoseconds spent preparing 4 JDBC statements;
    479625 nanoseconds spent executing 4 JDBC statements;
    0 nanoseconds spent executing 0 JDBC batches;
    0 nanoseconds spent performing 0 L2C puts;
    0 nanoseconds spent performing 0 L2C hits;
    0 nanoseconds spent performing 0 L2C misses;
    273250 nanoseconds spent executing 1 flushes (flushing a total of 4 entities and 1 collections);
    0 nanoseconds spent executing 0 pre-partial-flushes;
    0 nanoseconds spent executing 0 partial-flushes (flushing a total of 0 entities and 0 collections)
}
Hibernate: 
    insert 
    into
        np1_orders
        (customer_name, id) 
    values
        (?, default)
Hibernate: 
    insert 
    into
        np1_order_items
        (order_id, price, product, id) 
    values
        (?, ?, ?, default)
Hibernate: 
    insert 
    into
        np1_order_items
        (order_id, price, product, id) 
    values
        (?, ?, ?, default)
Hibernate: 
    insert 
    into
        np1_order_items
        (order_id, price, product, id) 
    values
        (?, ?, ?, default)
2026-09-18T23:16:56.259+05:30  INFO 76160 --- [ai-code-review-demo] [           main] i.StatisticalLoggingSessionEventListener : Session Metrics {
    5209 nanoseconds spent acquiring 1 JDBC connections;
    0 nanoseconds spent releasing 0 JDBC connections;
    40417 nanoseconds spent preparing 4 JDBC statements;
    2273460 nanoseconds spent executing 4 JDBC statements;
    0 nanoseconds spent executing 0 JDBC batches;
    0 nanoseconds spent performing 0 L2C puts;
    0 nanoseconds spent performing 0 L2C hits;
    0 nanoseconds spent performing 0 L2C misses;
    159917 nanoseconds spent executing 1 flushes (flushing a total of 4 entities and 1 collections);
    0 nanoseconds spent executing 0 pre-partial-flushes;
    0 nanoseconds spent executing 0 partial-flushes (flushing a total of 0 entities and 0 collections)
}
Hibernate: 
    insert 
    into
        np1_orders
        (customer_name, id) 
    values
        (?, default)
Hibernate: 
    insert 
    into
        np1_order_items
        (order_id, price, product, id) 
    values
        (?, ?, ?, default)
Hibernate: 
    insert 
    into
        np1_order_items
        (order_id, price, product, id) 
    values
        (?, ?, ?, default)
Hibernate: 
    insert 
    into
        np1_order_items
        (order_id, price, product, id) 
    values
        (?, ?, ?, default)
2026-09-18T23:16:56.261+05:30  INFO 76160 --- [ai-code-review-demo] [           main] i.StatisticalLoggingSessionEventListener : Session Metrics {
    5417 nanoseconds spent acquiring 1 JDBC connections;
    0 nanoseconds spent releasing 0 JDBC connections;
    30541 nanoseconds spent preparing 4 JDBC statements;
    232915 nanoseconds spent executing 4 JDBC statements;
    0 nanoseconds spent executing 0 JDBC batches;
    0 nanoseconds spent performing 0 L2C puts;
    0 nanoseconds spent performing 0 L2C hits;
    0 nanoseconds spent performing 0 L2C misses;
    140250 nanoseconds spent executing 1 flushes (flushing a total of 4 entities and 1 collections);
    0 nanoseconds spent executing 0 pre-partial-flushes;
    0 nanoseconds spent executing 0 partial-flushes (flushing a total of 0 entities and 0 collections)
}
Hibernate: 
    insert 
    into
        np1_orders
        (customer_name, id) 
    values
        (?, default)
Hibernate: 
    insert 
    into
        np1_order_items
        (order_id, price, product, id) 
    values
        (?, ?, ?, default)
Hibernate: 
    insert 
    into
        np1_order_items
        (order_id, price, product, id) 
    values
        (?, ?, ?, default)
Hibernate: 
    insert 
    into
        np1_order_items
        (order_id, price, product, id) 
    values
        (?, ?, ?, default)
2026-09-18T23:16:56.268+05:30  INFO 76160 --- [ai-code-review-demo] [           main] i.StatisticalLoggingSessionEventListener : Session Metrics {
    5750 nanoseconds spent acquiring 1 JDBC connections;
    0 nanoseconds spent releasing 0 JDBC connections;
    31292 nanoseconds spent preparing 4 JDBC statements;
    2762209 nanoseconds spent executing 4 JDBC statements;
    0 nanoseconds spent executing 0 JDBC batches;
    0 nanoseconds spent performing 0 L2C puts;
    0 nanoseconds spent performing 0 L2C hits;
    0 nanoseconds spent performing 0 L2C misses;
    133375 nanoseconds spent executing 1 flushes (flushing a total of 4 entities and 1 collections);
    0 nanoseconds spent executing 0 pre-partial-flushes;
    0 nanoseconds spent executing 0 partial-flushes (flushing a total of 0 entities and 0 collections)
}
Hibernate: 
    insert 
    into
        np1_orders
        (customer_name, id) 
    values
        (?, default)
Hibernate: 
    insert 
    into
        np1_order_items
        (order_id, price, product, id) 
    values
        (?, ?, ?, default)
Hibernate: 
    insert 
    into
        np1_order_items
        (order_id, price, product, id) 
    values
        (?, ?, ?, default)
Hibernate: 
    insert 
    into
        np1_order_items
        (order_id, price, product, id) 
    values
        (?, ?, ?, default)
2026-09-18T23:16:56.274+05:30  INFO 76160 --- [ai-code-review-demo] [           main] i.StatisticalLoggingSessionEventListener : Session Metrics {
    5500 nanoseconds spent acquiring 1 JDBC connections;
    0 nanoseconds spent releasing 0 JDBC connections;
    37374 nanoseconds spent preparing 4 JDBC statements;
    1416083 nanoseconds spent executing 4 JDBC statements;
    0 nanoseconds spent executing 0 JDBC batches;
    0 nanoseconds spent performing 0 L2C puts;
    0 nanoseconds spent performing 0 L2C hits;
    0 nanoseconds spent performing 0 L2C misses;
    138750 nanoseconds spent executing 1 flushes (flushing a total of 4 entities and 1 collections);
    0 nanoseconds spent executing 0 pre-partial-flushes;
    0 nanoseconds spent executing 0 partial-flushes (flushing a total of 0 entities and 0 collections)
}
Hibernate: 
    insert 
    into
        np1_orders
        (customer_name, id) 
    values
        (?, default)
Hibernate: 
    insert 
    into
        np1_order_items
        (order_id, price, product, id) 
    values
        (?, ?, ?, default)
Hibernate: 
    insert 
    into
        np1_order_items
        (order_id, price, product, id) 
    values
        (?, ?, ?, default)
Hibernate: 
    insert 
    into
        np1_order_items
        (order_id, price, product, id) 
    values
        (?, ?, ?, default)
2026-09-18T23:16:56.279+05:30  INFO 76160 --- [ai-code-review-demo] [           main] i.StatisticalLoggingSessionEventListener : Session Metrics {
    7209 nanoseconds spent acquiring 1 JDBC connections;
    0 nanoseconds spent releasing 0 JDBC connections;
    70958 nanoseconds spent preparing 4 JDBC statements;
    885957 nanoseconds spent executing 4 JDBC statements;
    0 nanoseconds spent executing 0 JDBC batches;
    0 nanoseconds spent performing 0 L2C puts;
    0 nanoseconds spent performing 0 L2C hits;
    0 nanoseconds spent performing 0 L2C misses;
    327333 nanoseconds spent executing 1 flushes (flushing a total of 4 entities and 1 collections);
    0 nanoseconds spent executing 0 pre-partial-flushes;
    0 nanoseconds spent executing 0 partial-flushes (flushing a total of 0 entities and 0 collections)
}
Hibernate: 
    insert 
    into
        np1_orders
        (customer_name, id) 
    values
        (?, default)
Hibernate: 
    insert 
    into
        np1_order_items
        (order_id, price, product, id) 
    values
        (?, ?, ?, default)
Hibernate: 
    insert 
    into
        np1_order_items
        (order_id, price, product, id) 
    values
        (?, ?, ?, default)
Hibernate: 
    insert 
    into
        np1_order_items
        (order_id, price, product, id) 
    values
        (?, ?, ?, default)
2026-09-18T23:16:56.284+05:30  INFO 76160 --- [ai-code-review-demo] [           main] i.StatisticalLoggingSessionEventListener : Session Metrics {
    8834 nanoseconds spent acquiring 1 JDBC connections;
    0 nanoseconds spent releasing 0 JDBC connections;
    54917 nanoseconds spent preparing 4 JDBC statements;
    983792 nanoseconds spent executing 4 JDBC statements;
    0 nanoseconds spent executing 0 JDBC batches;
    0 nanoseconds spent performing 0 L2C puts;
    0 nanoseconds spent performing 0 L2C hits;
    0 nanoseconds spent performing 0 L2C misses;
    177875 nanoseconds spent executing 1 flushes (flushing a total of 4 entities and 1 collections);
    0 nanoseconds spent executing 0 pre-partial-flushes;
    0 nanoseconds spent executing 0 partial-flushes (flushing a total of 0 entities and 0 collections)
}
Hibernate: 
    insert 
    into
        np1_orders
        (customer_name, id) 
    values
        (?, default)
Hibernate: 
    insert 
    into
        np1_order_items
        (order_id, price, product, id) 
    values
        (?, ?, ?, default)
Hibernate: 
    insert 
    into
        np1_order_items
        (order_id, price, product, id) 
    values
        (?, ?, ?, default)
Hibernate: 
    insert 
    into
        np1_order_items
        (order_id, price, product, id) 
    values
        (?, ?, ?, default)
2026-09-18T23:16:56.285+05:30  INFO 76160 --- [ai-code-review-demo] [           main] i.StatisticalLoggingSessionEventListener : Session Metrics {
    5042 nanoseconds spent acquiring 1 JDBC connections;
    0 nanoseconds spent releasing 0 JDBC connections;
    28043 nanoseconds spent preparing 4 JDBC statements;
    283584 nanoseconds spent executing 4 JDBC statements;
    0 nanoseconds spent executing 0 JDBC batches;
    0 nanoseconds spent performing 0 L2C puts;
    0 nanoseconds spent performing 0 L2C hits;
    0 nanoseconds spent performing 0 L2C misses;
    118125 nanoseconds spent executing 1 flushes (flushing a total of 4 entities and 1 collections);
    0 nanoseconds spent executing 0 pre-partial-flushes;
    0 nanoseconds spent executing 0 partial-flushes (flushing a total of 0 entities and 0 collections)
}
Hibernate: 
    insert 
    into
        np1_orders
        (customer_name, id) 
    values
        (?, default)
Hibernate: 
    insert 
    into
        np1_order_items
        (order_id, price, product, id) 
    values
        (?, ?, ?, default)
Hibernate: 
    insert 
    into
        np1_order_items
        (order_id, price, product, id) 
    values
        (?, ?, ?, default)
Hibernate: 
    insert 
    into
        np1_order_items
        (order_id, price, product, id) 
    values
        (?, ?, ?, default)
2026-09-18T23:16:56.289+05:30  INFO 76160 --- [ai-code-review-demo] [           main] i.StatisticalLoggingSessionEventListener : Session Metrics {
    8125 nanoseconds spent acquiring 1 JDBC connections;
    0 nanoseconds spent releasing 0 JDBC connections;
    168791 nanoseconds spent preparing 4 JDBC statements;
    283876 nanoseconds spent executing 4 JDBC statements;
    0 nanoseconds spent executing 0 JDBC batches;
    0 nanoseconds spent performing 0 L2C puts;
    0 nanoseconds spent performing 0 L2C hits;
    0 nanoseconds spent performing 0 L2C misses;
    470834 nanoseconds spent executing 1 flushes (flushing a total of 4 entities and 1 collections);
    0 nanoseconds spent executing 0 pre-partial-flushes;
    0 nanoseconds spent executing 0 partial-flushes (flushing a total of 0 entities and 0 collections)
}
Hibernate: 
    insert 
    into
        np1_orders
        (customer_name, id) 
    values
        (?, default)
Hibernate: 
    insert 
    into
        np1_order_items
        (order_id, price, product, id) 
    values
        (?, ?, ?, default)
Hibernate: 
    insert 
    into
        np1_order_items
        (order_id, price, product, id) 
    values
        (?, ?, ?, default)
Hibernate: 
    insert 
    into
        np1_order_items
        (order_id, price, product, id) 
    values
        (?, ?, ?, default)
2026-09-18T23:16:56.291+05:30  INFO 76160 --- [ai-code-review-demo] [           main] i.StatisticalLoggingSessionEventListener : Session Metrics {
    34333 nanoseconds spent acquiring 1 JDBC connections;
    0 nanoseconds spent releasing 0 JDBC connections;
    35792 nanoseconds spent preparing 4 JDBC statements;
    672334 nanoseconds spent executing 4 JDBC statements;
    0 nanoseconds spent executing 0 JDBC batches;
    0 nanoseconds spent performing 0 L2C puts;
    0 nanoseconds spent performing 0 L2C hits;
    0 nanoseconds spent performing 0 L2C misses;
    121125 nanoseconds spent executing 1 flushes (flushing a total of 4 entities and 1 collections);
    0 nanoseconds spent executing 0 pre-partial-flushes;
    0 nanoseconds spent executing 0 partial-flushes (flushing a total of 0 entities and 0 collections)
}
Hibernate: 
    insert 
    into
        np1_orders
        (customer_name, id) 
    values
        (?, default)
Hibernate: 
    insert 
    into
        np1_order_items
        (order_id, price, product, id) 
    values
        (?, ?, ?, default)
Hibernate: 
    insert 
    into
        np1_order_items
        (order_id, price, product, id) 
    values
        (?, ?, ?, default)
Hibernate: 
    insert 
    into
        np1_order_items
        (order_id, price, product, id) 
    values
        (?, ?, ?, default)
2026-09-18T23:16:56.295+05:30  INFO 76160 --- [ai-code-review-demo] [           main] i.StatisticalLoggingSessionEventListener : Session Metrics {
    5000 nanoseconds spent acquiring 1 JDBC connections;
    0 nanoseconds spent releasing 0 JDBC connections;
    29292 nanoseconds spent preparing 4 JDBC statements;
    268626 nanoseconds spent executing 4 JDBC statements;
    0 nanoseconds spent executing 0 JDBC batches;
    0 nanoseconds spent performing 0 L2C puts;
    0 nanoseconds spent performing 0 L2C hits;
    0 nanoseconds spent performing 0 L2C misses;
    131250 nanoseconds spent executing 1 flushes (flushing a total of 4 entities and 1 collections);
    0 nanoseconds spent executing 0 pre-partial-flushes;
    0 nanoseconds spent executing 0 partial-flushes (flushing a total of 0 entities and 0 collections)
}
Hibernate: 
    insert 
    into
        np1_orders
        (customer_name, id) 
    values
        (?, default)
Hibernate: 
    insert 
    into
        np1_order_items
        (order_id, price, product, id) 
    values
        (?, ?, ?, default)
Hibernate: 
    insert 
    into
        np1_order_items
        (order_id, price, product, id) 
    values
        (?, ?, ?, default)
Hibernate: 
    insert 
    into
        np1_order_items
        (order_id, price, product, id) 
    values
        (?, ?, ?, default)
2026-09-18T23:16:56.301+05:30  INFO 76160 --- [ai-code-review-demo] [           main] i.StatisticalLoggingSessionEventListener : Session Metrics {
    5542 nanoseconds spent acquiring 1 JDBC connections;
    0 nanoseconds spent releasing 0 JDBC connections;
    48667 nanoseconds spent preparing 4 JDBC statements;
    2800458 nanoseconds spent executing 4 JDBC statements;
    0 nanoseconds spent executing 0 JDBC batches;
    0 nanoseconds spent performing 0 L2C puts;
    0 nanoseconds spent performing 0 L2C hits;
    0 nanoseconds spent performing 0 L2C misses;
    140208 nanoseconds spent executing 1 flushes (flushing a total of 4 entities and 1 collections);
    0 nanoseconds spent executing 0 pre-partial-flushes;
    0 nanoseconds spent executing 0 partial-flushes (flushing a total of 0 entities and 0 collections)
}
Hibernate: 
    insert 
    into
        np1_orders
        (customer_name, id) 
    values
        (?, default)
Hibernate: 
    insert 
    into
        np1_order_items
        (order_id, price, product, id) 
    values
        (?, ?, ?, default)
Hibernate: 
    insert 
    into
        np1_order_items
        (order_id, price, product, id) 
    values
        (?, ?, ?, default)
Hibernate: 
    insert 
    into
        np1_order_items
        (order_id, price, product, id) 
    values
        (?, ?, ?, default)
2026-09-18T23:16:56.303+05:30  INFO 76160 --- [ai-code-review-demo] [           main] i.StatisticalLoggingSessionEventListener : Session Metrics {
    5083 nanoseconds spent acquiring 1 JDBC connections;
    0 nanoseconds spent releasing 0 JDBC connections;
    30334 nanoseconds spent preparing 4 JDBC statements;
    301876 nanoseconds spent executing 4 JDBC statements;
    0 nanoseconds spent executing 0 JDBC batches;
    0 nanoseconds spent performing 0 L2C puts;
    0 nanoseconds spent performing 0 L2C hits;
    0 nanoseconds spent performing 0 L2C misses;
    114208 nanoseconds spent executing 1 flushes (flushing a total of 4 entities and 1 collections);
    0 nanoseconds spent executing 0 pre-partial-flushes;
    0 nanoseconds spent executing 0 partial-flushes (flushing a total of 0 entities and 0 collections)
}
Hibernate: 
    insert 
    into
        np1_orders
        (customer_name, id) 
    values
        (?, default)
Hibernate: 
    insert 
    into
        np1_order_items
        (order_id, price, product, id) 
    values
        (?, ?, ?, default)
Hibernate: 
    insert 
    into
        np1_order_items
        (order_id, price, product, id) 
    values
        (?, ?, ?, default)
Hibernate: 
    insert 
    into
        np1_order_items
        (order_id, price, product, id) 
[...]
        i1_0.product 
    from
        np1_order_items i1_0 
    where
        i1_0.order_id=?
Hibernate: 
    select
        i1_0.order_id,
        i1_0.id,
        i1_0.price,
        i1_0.product 
    from
        np1_order_items i1_0 
    where
        i1_0.order_id=?
Hibernate: 
    select
        i1_0.order_id,
        i1_0.id,
        i1_0.price,
        i1_0.product 
    from
        np1_order_items i1_0 
    where
        i1_0.order_id=?
Hibernate: 
    select
        i1_0.order_id,
        i1_0.id,
        i1_0.price,
        i1_0.product 
    from
        np1_order_items i1_0 
    where
        i1_0.order_id=?
Hibernate: 
    select
        i1_0.order_id,
        i1_0.id,
        i1_0.price,
        i1_0.product 
    from
        np1_order_items i1_0 
    where
        i1_0.order_id=?
Hibernate: 
    select
        i1_0.order_id,
        i1_0.id,
        i1_0.price,
        i1_0.product 
    from
        np1_order_items i1_0 
    where
        i1_0.order_id=?
Hibernate: 
    select
        i1_0.order_id,
        i1_0.id,
        i1_0.price,
        i1_0.product 
    from
        np1_order_items i1_0 
    where
        i1_0.order_id=?
Hibernate: 
    select
        i1_0.order_id,
        i1_0.id,
        i1_0.price,
        i1_0.product 
    from
        np1_order_items i1_0 
    where
        i1_0.order_id=?
Hibernate: 
    select
        i1_0.order_id,
        i1_0.id,
        i1_0.price,
        i1_0.product 
    from
        np1_order_items i1_0 
    where
        i1_0.order_id=?
Hibernate: 
    select
        i1_0.order_id,
        i1_0.id,
        i1_0.price,
        i1_0.product 
    from
        np1_order_items i1_0 
    where
        i1_0.order_id=?
Hibernate: 
    select
        i1_0.order_id,
        i1_0.id,
        i1_0.price,
        i1_0.product 
    from
        np1_order_items i1_0 
    where
        i1_0.order_id=?
Hibernate: 
    select
        i1_0.order_id,
        i1_0.id,
        i1_0.price,
        i1_0.product 
    from
        np1_order_items i1_0 
    where
        i1_0.order_id=?
Hibernate: 
    select
        i1_0.order_id,
        i1_0.id,
        i1_0.price,
        i1_0.product 
    from
        np1_order_items i1_0 
    where
        i1_0.order_id=?
Hibernate: 
    select
        i1_0.order_id,
        i1_0.id,
        i1_0.price,
        i1_0.product 
    from
        np1_order_items i1_0 
    where
        i1_0.order_id=?
Hibernate: 
    select
        i1_0.order_id,
        i1_0.id,
        i1_0.price,
        i1_0.product 
    from
        np1_order_items i1_0 
    where
        i1_0.order_id=?
Hibernate: 
    select
        i1_0.order_id,
        i1_0.id,
        i1_0.price,
        i1_0.product 
    from
        np1_order_items i1_0 
    where
        i1_0.order_id=?
Hibernate: 
    select
        i1_0.order_id,
        i1_0.id,
        i1_0.price,
        i1_0.product 
    from
        np1_order_items i1_0 
    where
        i1_0.order_id=?
Hibernate: 
    select
        i1_0.order_id,
        i1_0.id,
        i1_0.price,
        i1_0.product 
    from
        np1_order_items i1_0 
    where
        i1_0.order_id=?
Hibernate: 
    select
        i1_0.order_id,
        i1_0.id,
        i1_0.price,
        i1_0.product 
    from
        np1_order_items i1_0 
    where
        i1_0.order_id=?
Hibernate: 
    select
        i1_0.order_id,
        i1_0.id,
        i1_0.price,
        i1_0.product 
    from
        np1_order_items i1_0 
    where
        i1_0.order_id=?
Hibernate: 
    select
        i1_0.order_id,
        i1_0.id,
        i1_0.price,
        i1_0.product 
    from
        np1_order_items i1_0 
    where
        i1_0.order_id=?
Hibernate: 
    select
        i1_0.order_id,
        i1_0.id,
        i1_0.price,
        i1_0.product 
    from
        np1_order_items i1_0 
    where
        i1_0.order_id=?
Hibernate: 
    select
        i1_0.order_id,
        i1_0.id,
        i1_0.price,
        i1_0.product 
    from
        np1_order_items i1_0 
    where
        i1_0.order_id=?
Hibernate: 
    select
        i1_0.order_id,
        i1_0.id,
        i1_0.price,
        i1_0.product 
    from
        np1_order_items i1_0 
    where
        i1_0.order_id=?
Hibernate: 
    select
        i1_0.order_id,
        i1_0.id,
        i1_0.price,
        i1_0.product 
    from
        np1_order_items i1_0 
    where
        i1_0.order_id=?
Hibernate: 
    select
        i1_0.order_id,
        i1_0.id,
        i1_0.price,
        i1_0.product 
    from
        np1_order_items i1_0 
    where
        i1_0.order_id=?
Hibernate: 
    select
        i1_0.order_id,
        i1_0.id,
        i1_0.price,
        i1_0.product 
    from
        np1_order_items i1_0 
    where
        i1_0.order_id=?
Hibernate: 
    select
        i1_0.order_id,
        i1_0.id,
        i1_0.price,
        i1_0.product 
    from
        np1_order_items i1_0 
    where
        i1_0.order_id=?
Hibernate: 
    select
        i1_0.order_id,
        i1_0.id,
        i1_0.price,
        i1_0.product 
    from
        np1_order_items i1_0 
    where
        i1_0.order_id=?
Hibernate: 
    select
        i1_0.order_id,
        i1_0.id,
        i1_0.price,
        i1_0.product 
    from
        np1_order_items i1_0 
    where
        i1_0.order_id=?
Hibernate: 
    select
        i1_0.order_id,
        i1_0.id,
        i1_0.price,
        i1_0.product 
    from
        np1_order_items i1_0 
    where
        i1_0.order_id=?
Hibernate: 
    select
        i1_0.order_id,
        i1_0.id,
        i1_0.price,
        i1_0.product 
    from
        np1_order_items i1_0 
    where
        i1_0.order_id=?
Hibernate: 
    select
        i1_0.order_id,
        i1_0.id,
        i1_0.price,
        i1_0.product 
    from
        np1_order_items i1_0 
    where
        i1_0.order_id=?
Hibernate: 
    select
        i1_0.order_id,
        i1_0.id,
        i1_0.price,
        i1_0.product 
    from
        np1_order_items i1_0 
    where
        i1_0.order_id=?
Hibernate: 
    select
        i1_0.order_id,
        i1_0.id,
        i1_0.price,
        i1_0.product 
    from
        np1_order_items i1_0 
    where
        i1_0.order_id=?
Hibernate: 
    select
        i1_0.order_id,
        i1_0.id,
        i1_0.price,
        i1_0.product 
    from
        np1_order_items i1_0 
    where
        i1_0.order_id=?
Hibernate: 
    select
        i1_0.order_id,
        i1_0.id,
        i1_0.price,
        i1_0.product 
    from
        np1_order_items i1_0 
    where
        i1_0.order_id=?
Hibernate: 
    select
        i1_0.order_id,
        i1_0.id,
        i1_0.price,
        i1_0.product 
    from
        np1_order_items i1_0 
    where
        i1_0.order_id=?
Hibernate: 
    select
        i1_0.order_id,
        i1_0.id,
        i1_0.price,
        i1_0.product 
    from
        np1_order_items i1_0 
    where
        i1_0.order_id=?
Hibernate: 
    select
        i1_0.order_id,
        i1_0.id,
        i1_0.price,
        i1_0.product 
    from
        np1_order_items i1_0 
    where
        i1_0.order_id=?
Hibernate: 
    select
        i1_0.order_id,
        i1_0.id,
        i1_0.price,
        i1_0.product 
    from
        np1_order_items i1_0 
    where
        i1_0.order_id=?
Hibernate: 
    select
        i1_0.order_id,
        i1_0.id,
        i1_0.price,
        i1_0.product 
    from
        np1_order_items i1_0 
    where
        i1_0.order_id=?
Hibernate: 
    select
        i1_0.order_id,
        i1_0.id,
        i1_0.price,
        i1_0.product 
    from
        np1_order_items i1_0 
    where
        i1_0.order_id=?
Hibernate: 
    select
        i1_0.order_id,
        i1_0.id,
        i1_0.price,
        i1_0.product 
    from
        np1_order_items i1_0 
    where
        i1_0.order_id=?
Hibernate: 
    select
        i1_0.order_id,
        i1_0.id,
        i1_0.price,
        i1_0.product 
    from
        np1_order_items i1_0 
    where
        i1_0.order_id=?
Hibernate: 
    select
        i1_0.order_id,
        i1_0.id,
        i1_0.price,
        i1_0.product 
    from
        np1_order_items i1_0 
    where
        i1_0.order_id=?
Hibernate: 
    select
        i1_0.order_id,
        i1_0.id,
        i1_0.price,
        i1_0.product 
    from
        np1_order_items i1_0 
    where
        i1_0.order_id=?
Hibernate: 
    select
        i1_0.order_id,
        i1_0.id,
        i1_0.price,
        i1_0.product 
    from
        np1_order_items i1_0 
    where
        i1_0.order_id=?
Hibernate: 
    select
        i1_0.order_id,
        i1_0.id,
        i1_0.price,
        i1_0.product 
    from
        np1_order_items i1_0 
    where
        i1_0.order_id=?
Hibernate: 
    select
        i1_0.order_id,
        i1_0.id,
        i1_0.price,
        i1_0.product 
    from
        np1_order_items i1_0 
    where
        i1_0.order_id=?
Hibernate: 
    select
        i1_0.order_id,
        i1_0.id,
        i1_0.price,
        i1_0.product 
    from
        np1_order_items i1_0 
    where
        i1_0.order_id=?
Hibernate: 
    select
        i1_0.order_id,
        i1_0.id,
        i1_0.price,
        i1_0.product 
    from
        np1_order_items i1_0 
    where
        i1_0.order_id=?
Hibernate: 
    select
        i1_0.order_id,
        i1_0.id,
        i1_0.price,
        i1_0.product 
    from
        np1_order_items i1_0 
    where
        i1_0.order_id=?
Hibernate: 
    select
        i1_0.order_id,
        i1_0.id,
        i1_0.price,
        i1_0.product 
    from
        np1_order_items i1_0 
    where
        i1_0.order_id=?
Hibernate: 
    select
        i1_0.order_id,
        i1_0.id,
        i1_0.price,
        i1_0.product 
    from
        np1_order_items i1_0 
    where
        i1_0.order_id=?
Hibernate: 
    select
        i1_0.order_id,
        i1_0.id,
        i1_0.price,
        i1_0.product 
    from
        np1_order_items i1_0 
    where
        i1_0.order_id=?
Hibernate: 
    select
        i1_0.order_id,
        i1_0.id,
        i1_0.price,
        i1_0.product 
    from
        np1_order_items i1_0 
    where
        i1_0.order_id=?
Hibernate: 
    select
        i1_0.order_id,
        i1_0.id,
        i1_0.price,
        i1_0.product 
    from
        np1_order_items i1_0 
    where
        i1_0.order_id=?
Hibernate: 
    select
        i1_0.order_id,
        i1_0.id,
        i1_0.price,
        i1_0.product 
    from
        np1_order_items i1_0 
    where
        i1_0.order_id=?
Hibernate: 
    select
        i1_0.order_id,
        i1_0.id,
        i1_0.price,
        i1_0.product 
    from
        np1_order_items i1_0 
    where
        i1_0.order_id=?
Hibernate: 
    select
        i1_0.order_id,
        i1_0.id,
        i1_0.price,
        i1_0.product 
    from
        np1_order_items i1_0 
    where
        i1_0.order_id=?
Hibernate: 
    select
        i1_0.order_id,
        i1_0.id,
        i1_0.price,
        i1_0.product 
    from
        np1_order_items i1_0 
    where
        i1_0.order_id=?
Hibernate: 
    select
        i1_0.order_id,
        i1_0.id,
        i1_0.price,
        i1_0.product 
    from
        np1_order_items i1_0 
    where
        i1_0.order_id=?
Hibernate: 
    select
        i1_0.order_id,
        i1_0.id,
        i1_0.price,
        i1_0.product 
    from
        np1_order_items i1_0 
    where
        i1_0.order_id=?
Hibernate: 
    select
        i1_0.order_id,
        i1_0.id,
        i1_0.price,
        i1_0.product 
    from
        np1_order_items i1_0 
    where
        i1_0.order_id=?
Hibernate: 
    select
        i1_0.order_id,
        i1_0.id,
        i1_0.price,
        i1_0.product 
    from
        np1_order_items i1_0 
    where
        i1_0.order_id=?
Hibernate: 
    select
        i1_0.order_id,
        i1_0.id,
        i1_0.price,
        i1_0.product 
    from
        np1_order_items i1_0 
    where
        i1_0.order_id=?
Hibernate: 
    select
        i1_0.order_id,
        i1_0.id,
        i1_0.price,
        i1_0.product 
    from
        np1_order_items i1_0 
    where
        i1_0.order_id=?
Hibernate: 
    select
        i1_0.order_id,
        i1_0.id,
        i1_0.price,
        i1_0.product 
    from
        np1_order_items i1_0 
    where
        i1_0.order_id=?
Hibernate: 
    select
        i1_0.order_id,
        i1_0.id,
        i1_0.price,
        i1_0.product 
    from
        np1_order_items i1_0 
    where
        i1_0.order_id=?
Hibernate: 
    select
        i1_0.order_id,
        i1_0.id,
        i1_0.price,
        i1_0.product 
    from
        np1_order_items i1_0 
    where
        i1_0.order_id=?
Hibernate: 
    select
        i1_0.order_id,
        i1_0.id,
        i1_0.price,
        i1_0.product 
    from
        np1_order_items i1_0 
    where
        i1_0.order_id=?
Hibernate: 
    select
        i1_0.order_id,
        i1_0.id,
        i1_0.price,
        i1_0.product 
    from
        np1_order_items i1_0 
    where
        i1_0.order_id=?
Hibernate: 
    select
        i1_0.order_id,
        i1_0.id,
        i1_0.price,
        i1_0.product 
    from
        np1_order_items i1_0 
    where
        i1_0.order_id=?
Hibernate: 
    select
        i1_0.order_id,
        i1_0.id,
        i1_0.price,
        i1_0.product 
    from
        np1_order_items i1_0 
    where
        i1_0.order_id=?
Hibernate: 
    select
        i1_0.order_id,
        i1_0.id,
        i1_0.price,
        i1_0.product 
    from
        np1_order_items i1_0 
    where
        i1_0.order_id=?
Hibernate: 
    select
        i1_0.order_id,
        i1_0.id,
        i1_0.price,
        i1_0.product 
    from
        np1_order_items i1_0 
    where
        i1_0.order_id=?
Hibernate: 
    select
        i1_0.order_id,
        i1_0.id,
        i1_0.price,
        i1_0.product 
    from
        np1_order_items i1_0 
    where
        i1_0.order_id=?
Hibernate: 
    select
        i1_0.order_id,
        i1_0.id,
        i1_0.price,
        i1_0.product 
    from
        np1_order_items i1_0 
    where
        i1_0.order_id=?
Hibernate: 
    select
        i1_0.order_id,
        i1_0.id,
        i1_0.price,
        i1_0.product 
    from
        np1_order_items i1_0 
    where
        i1_0.order_id=?
Hibernate: 
    select
        i1_0.order_id,
        i1_0.id,
        i1_0.price,
        i1_0.product 
    from
        np1_order_items i1_0 
    where
        i1_0.order_id=?
Hibernate: 
    select
        i1_0.order_id,
        i1_0.id,
        i1_0.price,
        i1_0.product 
    from
        np1_order_items i1_0 
    where
        i1_0.order_id=?
Hibernate: 
    select
        i1_0.order_id,
        i1_0.id,
        i1_0.price,
        i1_0.product 
    from
        np1_order_items i1_0 
    where
        i1_0.order_id=?
Hibernate: 
    select
        i1_0.order_id,
        i1_0.id,
        i1_0.price,
        i1_0.product 
    from
        np1_order_items i1_0 
    where
        i1_0.order_id=?
Hibernate: 
    select
        i1_0.order_id,
        i1_0.id,
        i1_0.price,
        i1_0.product 
    from
        np1_order_items i1_0 
    where
        i1_0.order_id=?
Hibernate: 
    select
        i1_0.order_id,
        i1_0.id,
        i1_0.price,
        i1_0.product 
    from
        np1_order_items i1_0 
    where
        i1_0.order_id=?
Hibernate: 
    select
        i1_0.order_id,
        i1_0.id,
        i1_0.price,
        i1_0.product 
    from
        np1_order_items i1_0 
    where
        i1_0.order_id=?
Hibernate: 
    select
        i1_0.order_id,
        i1_0.id,
        i1_0.price,
        i1_0.product 
    from
        np1_order_items i1_0 
    where
        i1_0.order_id=?
Hibernate: 
    select
        i1_0.order_id,
        i1_0.id,
        i1_0.price,
        i1_0.product 
    from
        np1_order_items i1_0 
    where
        i1_0.order_id=?
Hibernate: 
    select
        i1_0.order_id,
        i1_0.id,
        i1_0.price,
        i1_0.product 
    from
        np1_order_items i1_0 
    where
        i1_0.order_id=?
Hibernate: 
    select
        i1_0.order_id,
        i1_0.id,
        i1_0.price,
        i1_0.product 
    from
        np1_order_items i1_0 
    where
        i1_0.order_id=?
Hibernate: 
    select
        i1_0.order_id,
        i1_0.id,
        i1_0.price,
        i1_0.product 
    from
        np1_order_items i1_0 
    where
        i1_0.order_id=?
Hibernate: 
    select
        i1_0.order_id,
        i1_0.id,
        i1_0.price,
        i1_0.product 
    from
        np1_order_items i1_0 
    where
        i1_0.order_id=?
Hibernate: 
    select
        i1_0.order_id,
        i1_0.id,
        i1_0.price,
        i1_0.product 
    from
        np1_order_items i1_0 
    where
        i1_0.order_id=?
Hibernate: 
    select
        i1_0.order_id,
        i1_0.id,
        i1_0.price,
        i1_0.product 
    from
        np1_order_items i1_0 
    where
        i1_0.order_id=?
Hibernate: 
    select
        i1_0.order_id,
        i1_0.id,
        i1_0.price,
        i1_0.product 
    from
        np1_order_items i1_0 
    where
        i1_0.order_id=?
Hibernate: 
    select
        i1_0.order_id,
        i1_0.id,
        i1_0.price,
        i1_0.product 
    from
        np1_order_items i1_0 
    where
        i1_0.order_id=?
Hibernate: 
    select
        i1_0.order_id,
        i1_0.id,
        i1_0.price,
        i1_0.product 
    from
        np1_order_items i1_0 
    where
        i1_0.order_id=?
Hibernate: 
    select
        i1_0.order_id,
        i1_0.id,
        i1_0.price,
        i1_0.product 
    from
        np1_order_items i1_0 
    where
        i1_0.order_id=?
Hibernate: 
    select
        i1_0.order_id,
        i1_0.id,
        i1_0.price,
        i1_0.product 
    from
        np1_order_items i1_0 
    where
        i1_0.order_id=?
2026-09-18T23:16:57.773+05:30  INFO 76160 --- [ai-code-review-demo] [           main] i.StatisticalLoggingSessionEventListener : Session Metrics {
    165083 nanoseconds spent acquiring 1 JDBC connections;
    0 nanoseconds spent releasing 0 JDBC connections;
    4141161 nanoseconds spent preparing 201 JDBC statements;
    42570921 nanoseconds spent executing 201 JDBC statements;
    0 nanoseconds spent executing 0 JDBC batches;
    0 nanoseconds spent performing 0 L2C puts;
    0 nanoseconds spent performing 0 L2C hits;
    0 nanoseconds spent performing 0 L2C misses;
    0 nanoseconds spent executing 0 flushes (flushing a total of 0 entities and 0 collections);
    73311741711167 nanoseconds spent executing 1 pre-partial-flushes;
    5042 nanoseconds spent executing 1 partial-flushes (flushing a total of 0 entities and 0 collections)
}
Revenue: 15847.999999999962
Queries executed: 1
]]></system-out>
  </testcase>
  <testcase name="fixedVersionUsesOneQuery" classname="com.hackersmang.aidemo.nplusone.OrderRepositoryTest" time="0.082">
    <system-out><![CDATA[Hibernate: 
    select
        distinct o1_0.id,
        o1_0.customer_name,
        i1_0.order_id,
        i1_0.id,
        i1_0.price,
        i1_0.product 
    from
        np1_orders o1_0 
    join
        np1_order_items i1_0 
            on o1_0.id=i1_0.order_id
2026-09-18T23:16:57.904+05:30  INFO 76160 --- [ai-code-review-demo] [           main] i.StatisticalLoggingSessionEventListener : Session Metrics {
    19458 nanoseconds spent acquiring 1 JDBC connections;
    0 nanoseconds spent releasing 0 JDBC connections;
    1981792 nanoseconds spent preparing 1 JDBC statements;
    12775750 nanoseconds spent executing 1 JDBC statements;
    0 nanoseconds spent executing 0 JDBC batches;
    0 nanoseconds spent performing 0 L2C puts;
    0 nanoseconds spent performing 0 L2C hits;
    0 nanoseconds spent performing 0 L2C misses;
    0 nanoseconds spent executing 0 flushes (flushing a total of 0 entities and 0 collections);
    73312052702084 nanoseconds spent executing 1 pre-partial-flushes;
    2834 nanoseconds spent executing 1 partial-flushes (flushing a total of 0 entities and 0 collections)
}
Revenue: 15847.999999999962
Queries executed: 1
]]></system-out>
  </testcase>
</testsuite>