<?xml version="1.0" encoding="UTF-8"?>
<testsuite xmlns:xsi="http://www.w3.org/2001/XMLSchema-instance" xsi:noNamespaceSchemaLocation="https://maven.apache.org/surefire/maven-surefire-plugin/xsd/surefire-test-report-3.0.xsd" version="3.0" name="com.hackersmang.aidemo.txproxy.OrderServiceRollbackTest" time="8.087" tests="1" errors="0" skipped="0" failures="1">
  <properties>
[...]
</properties>
  <testcase name="failedPaymentShouldRollBackTheOrder" classname="com.hackersmang.aidemo.txproxy.OrderServiceRollbackTest" time="0.838">
    <failure message="Expected the failed order to be rolled back, but it&apos;s still in the database ==&gt; expected: &lt;0&gt; but was: &lt;1&gt;" type="org.opentest4j.AssertionFailedError"><![CDATA[org.opentest4j.AssertionFailedError: Expected the failed order to be rolled back, but it's still in the database ==> expected: <0> but was: <1>
	at org.junit.jupiter.api.AssertionFailureBuilder.build(AssertionFailureBuilder.java:151)
	at org.junit.jupiter.api.AssertionFailureBuilder.buildAndThrow(AssertionFailureBuilder.java:132)
	at org.junit.jupiter.api.AssertEquals.failNotEqual(AssertEquals.java:197)
	at org.junit.jupiter.api.AssertEquals.assertEquals(AssertEquals.java:166)
	at org.junit.jupiter.api.Assertions.assertEquals(Assertions.java:664)
	at com.hackersmang.aidemo.txproxy.OrderServiceRollbackTest.failedPaymentShouldRollBackTheOrder(OrderServiceRollbackTest.java:40)
	at java.base/java.lang.reflect.Method.invoke(Method.java:568)
	at java.base/java.util.ArrayList.forEach(ArrayList.java:1511)
	at java.base/java.util.ArrayList.forEach(ArrayList.java:1511)
]]></failure>
    <system-out><![CDATA[23:31:03.002 [main] INFO org.springframework.test.context.support.AnnotationConfigContextLoaderUtils -- Could not detect default configuration classes for test class [com.hackersmang.aidemo.txproxy.OrderServiceRollbackTest]: OrderServiceRollbackTest does not declare any static, non-private, non-final, nested classes annotated with @Configuration.
23:31:03.215 [main] INFO org.springframework.boot.test.context.SpringBootTestContextBootstrapper -- Found @SpringBootConfiguration com.hackersmang.aidemo.AiDemoApplication for test class com.hackersmang.aidemo.txproxy.OrderServiceRollbackTest

  .   ____          _            __ _ _
 /\\ / ___'_ __ _ _(_)_ __  __ _ \ \ \ \
( ( )\___ | '_ | '_| | '_ \/ _` | \ \ \ \
 \\/  ___)| |_)| | | | | || (_| |  ) ) ) )
  '  |____| .__|_| |_|_| |_\__, | / / / /
 =========|_|==============|___/=/_/_/_/

 :: Spring Boot ::                (v3.3.4)

2026-09-18T23:31:03.853+05:30  INFO 79105 --- [ai-code-review-demo] [           main] c.h.a.txproxy.OrderServiceRollbackTest   : Starting OrderServiceRollbackTest using Java 17.0.11 with PID 79105 (started by shreeprabha in /Users/shreeprabha/Downloads/ai-code-review-demo)
2026-09-18T23:31:03.854+05:30  INFO 79105 --- [ai-code-review-demo] [           main] c.h.a.txproxy.OrderServiceRollbackTest   : No active profile set, falling back to 1 default profile: "default"
2026-09-18T23:31:04.910+05:30  INFO 79105 --- [ai-code-review-demo] [           main] .s.d.r.c.RepositoryConfigurationDelegate : Bootstrapping Spring Data JPA repositories in DEFAULT mode.
2026-09-18T23:31:04.993+05:30  INFO 79105 --- [ai-code-review-demo] [           main] .s.d.r.c.RepositoryConfigurationDelegate : Finished Spring Data repository scanning in 75 ms. Found 2 JPA repository interfaces.
2026-09-18T23:31:05.878+05:30  INFO 79105 --- [ai-code-review-demo] [           main] o.hibernate.jpa.internal.util.LogHelper  : HHH000204: Processing PersistenceUnitInfo [name: default]
2026-09-18T23:31:05.930+05:30  INFO 79105 --- [ai-code-review-demo] [           main] org.hibernate.Version                    : HHH000412: Hibernate ORM core version 6.5.3.Final
2026-09-18T23:31:05.970+05:30  INFO 79105 --- [ai-code-review-demo] [           main] o.h.c.internal.RegionFactoryInitiator    : HHH000026: Second-level cache disabled
2026-09-18T23:31:06.283+05:30  INFO 79105 --- [ai-code-review-demo] [           main] o.s.o.j.p.SpringPersistenceUnitInfo      : No LoadTimeWeaver setup: ignoring JPA class transformer
2026-09-18T23:31:06.317+05:30  INFO 79105 --- [ai-code-review-demo] [           main] com.zaxxer.hikari.HikariDataSource       : HikariPool-1 - Starting...
2026-09-18T23:31:06.455+05:30  INFO 79105 --- [ai-code-review-demo] [           main] com.zaxxer.hikari.pool.HikariPool        : HikariPool-1 - Added connection conn0: url=jdbc:h2:mem:demo user=SA
2026-09-18T23:31:06.457+05:30  INFO 79105 --- [ai-code-review-demo] [           main] com.zaxxer.hikari.HikariDataSource       : HikariPool-1 - Start completed.
2026-09-18T23:31:07.370+05:30  INFO 79105 --- [ai-code-review-demo] [           main] o.h.e.t.j.p.i.JtaPlatformInitiator       : HHH000489: No JTA platform available (set 'hibernate.transaction.jta.platform' to enable JTA platform integration)
Hibernate: 
    drop table if exists np1_order_items cascade 
Hibernate: 
    drop table if exists np1_orders cascade 
Hibernate: 
    drop table if exists txproxy_orders cascade 
Hibernate: 
    create table np1_order_items (
        price float(53) not null,
        id bigint generated by default as identity,
        order_id bigint,
        product varchar(255),
        primary key (id)
    )
Hibernate: 
    create table np1_orders (
        id bigint generated by default as identity,
        customer_name varchar(255),
        primary key (id)
    )
Hibernate: 
    create table txproxy_orders (
        amount float(53) not null,
        id bigint generated by default as identity,
        customer_name varchar(255),
        primary key (id)
    )
Hibernate: 
    alter table if exists np1_order_items 
       add constraint FKs3m99je5bjns3i4vsdhgvoprp 
       foreign key (order_id) 
       references np1_orders
2026-09-18T23:31:07.415+05:30  INFO 79105 --- [ai-code-review-demo] [           main] j.LocalContainerEntityManagerFactoryBean : Initialized JPA EntityManagerFactory for persistence unit 'default'
2026-09-18T23:31:07.640+05:30  INFO 79105 --- [ai-code-review-demo] [           main] i.StatisticalLoggingSessionEventListener : Session Metrics {
    0 nanoseconds spent acquiring 0 JDBC connections;
    0 nanoseconds spent releasing 0 JDBC connections;
    0 nanoseconds spent preparing 0 JDBC statements;
    0 nanoseconds spent executing 0 JDBC statements;
    0 nanoseconds spent executing 0 JDBC batches;
    0 nanoseconds spent performing 0 L2C puts;
    0 nanoseconds spent performing 0 L2C hits;
    0 nanoseconds spent performing 0 L2C misses;
    0 nanoseconds spent executing 0 flushes (flushing a total of 0 entities and 0 collections);
    0 nanoseconds spent executing 0 pre-partial-flushes;
    0 nanoseconds spent executing 0 partial-flushes (flushing a total of 0 entities and 0 collections)
}
2026-09-18T23:31:07.641+05:30  INFO 79105 --- [ai-code-review-demo] [           main] i.StatisticalLoggingSessionEventListener : Session Metrics {
    0 nanoseconds spent acquiring 0 JDBC connections;
    0 nanoseconds spent releasing 0 JDBC connections;
    0 nanoseconds spent preparing 0 JDBC statements;
    0 nanoseconds spent executing 0 JDBC statements;
    0 nanoseconds spent executing 0 JDBC batches;
    0 nanoseconds spent performing 0 L2C puts;
    0 nanoseconds spent performing 0 L2C hits;
    0 nanoseconds spent performing 0 L2C misses;
    0 nanoseconds spent executing 0 flushes (flushing a total of 0 entities and 0 collections);
    0 nanoseconds spent executing 0 pre-partial-flushes;
    0 nanoseconds spent executing 0 partial-flushes (flushing a total of 0 entities and 0 collections)
}
2026-09-18T23:31:07.720+05:30  INFO 79105 --- [ai-code-review-demo] [           main] i.StatisticalLoggingSessionEventListener : Session Metrics {
    0 nanoseconds spent acquiring 0 JDBC connections;
    0 nanoseconds spent releasing 0 JDBC connections;
    0 nanoseconds spent preparing 0 JDBC statements;
    0 nanoseconds spent executing 0 JDBC statements;
    0 nanoseconds spent executing 0 JDBC batches;
    0 nanoseconds spent performing 0 L2C puts;
    0 nanoseconds spent performing 0 L2C hits;
    0 nanoseconds spent performing 0 L2C misses;
    0 nanoseconds spent executing 0 flushes (flushing a total of 0 entities and 0 collections);
    0 nanoseconds spent executing 0 pre-partial-flushes;
    0 nanoseconds spent executing 0 partial-flushes (flushing a total of 0 entities and 0 collections)
}
2026-09-18T23:31:07.815+05:30  INFO 79105 --- [ai-code-review-demo] [           main] o.s.d.j.r.query.QueryEnhancerFactory     : Hibernate is in classpath; If applicable, HQL parser will be used.
2026-09-18T23:31:08.043+05:30  INFO 79105 --- [ai-code-review-demo] [           main] i.StatisticalLoggingSessionEventListener : Session Metrics {
    0 nanoseconds spent acquiring 0 JDBC connections;
    0 nanoseconds spent releasing 0 JDBC connections;
    0 nanoseconds spent preparing 0 JDBC statements;
    0 nanoseconds spent executing 0 JDBC statements;
    0 nanoseconds spent executing 0 JDBC batches;
    0 nanoseconds spent performing 0 L2C puts;
    0 nanoseconds spent performing 0 L2C hits;
    0 nanoseconds spent performing 0 L2C misses;
    0 nanoseconds spent executing 0 flushes (flushing a total of 0 entities and 0 collections);
    0 nanoseconds spent executing 0 pre-partial-flushes;
    0 nanoseconds spent executing 0 partial-flushes (flushing a total of 0 entities and 0 collections)
}
2026-09-18T23:31:08.047+05:30  INFO 79105 --- [ai-code-review-demo] [           main] i.StatisticalLoggingSessionEventListener : Session Metrics {
    0 nanoseconds spent acquiring 0 JDBC connections;
    0 nanoseconds spent releasing 0 JDBC connections;
    0 nanoseconds spent preparing 0 JDBC statements;
    0 nanoseconds spent executing 0 JDBC statements;
    0 nanoseconds spent executing 0 JDBC batches;
    0 nanoseconds spent performing 0 L2C puts;
    0 nanoseconds spent performing 0 L2C hits;
    0 nanoseconds spent performing 0 L2C misses;
    0 nanoseconds spent executing 0 flushes (flushing a total of 0 entities and 0 collections);
    0 nanoseconds spent executing 0 pre-partial-flushes;
    0 nanoseconds spent executing 0 partial-flushes (flushing a total of 0 entities and 0 collections)
}
2026-09-18T23:31:08.206+05:30  INFO 79105 --- [ai-code-review-demo] [           main] i.StatisticalLoggingSessionEventListener : Session Metrics {
    0 nanoseconds spent acquiring 0 JDBC connections;
    0 nanoseconds spent releasing 0 JDBC connections;
    0 nanoseconds spent preparing 0 JDBC statements;
    0 nanoseconds spent executing 0 JDBC statements;
    0 nanoseconds spent executing 0 JDBC batches;
    0 nanoseconds spent performing 0 L2C puts;
    0 nanoseconds spent performing 0 L2C hits;
    0 nanoseconds spent performing 0 L2C misses;
    0 nanoseconds spent executing 0 flushes (flushing a total of 0 entities and 0 collections);
    0 nanoseconds spent executing 0 pre-partial-flushes;
    0 nanoseconds spent executing 0 partial-flushes (flushing a total of 0 entities and 0 collections)
}
2026-09-18T23:31:08.336+05:30  INFO 79105 --- [ai-code-review-demo] [           main] i.StatisticalLoggingSessionEventListener : Session Metrics {
    0 nanoseconds spent acquiring 0 JDBC connections;
    0 nanoseconds spent releasing 0 JDBC connections;
    0 nanoseconds spent preparing 0 JDBC statements;
    0 nanoseconds spent executing 0 JDBC statements;
    0 nanoseconds spent executing 0 JDBC batches;
    0 nanoseconds spent performing 0 L2C puts;
    0 nanoseconds spent performing 0 L2C hits;
    0 nanoseconds spent performing 0 L2C misses;
    0 nanoseconds spent executing 0 flushes (flushing a total of 0 entities and 0 collections);
    0 nanoseconds spent executing 0 pre-partial-flushes;
    0 nanoseconds spent executing 0 partial-flushes (flushing a total of 0 entities and 0 collections)
}
2026-09-18T23:31:08.346+05:30  INFO 79105 --- [ai-code-review-demo] [           main] i.StatisticalLoggingSessionEventListener : Session Metrics {
    0 nanoseconds spent acquiring 0 JDBC connections;
    0 nanoseconds spent releasing 0 JDBC connections;
    0 nanoseconds spent preparing 0 JDBC statements;
    0 nanoseconds spent executing 0 JDBC statements;
    0 nanoseconds spent executing 0 JDBC batches;
    0 nanoseconds spent performing 0 L2C puts;
    0 nanoseconds spent performing 0 L2C hits;
    0 nanoseconds spent performing 0 L2C misses;
    0 nanoseconds spent executing 0 flushes (flushing a total of 0 entities and 0 collections);
    0 nanoseconds spent executing 0 pre-partial-flushes;
    0 nanoseconds spent executing 0 partial-flushes (flushing a total of 0 entities and 0 collections)
}
2026-09-18T23:31:08.592+05:30  WARN 79105 --- [ai-code-review-demo] [           main] JpaBaseConfiguration$JpaWebConfiguration : spring.jpa.open-in-view is enabled by default. Therefore, database queries may be performed during view rendering. Explicitly configure spring.jpa.open-in-view to disable this warning
2026-09-18T23:31:09.131+05:30  INFO 79105 --- [ai-code-review-demo] [           main] c.h.a.txproxy.OrderServiceRollbackTest   : Started OrderServiceRollbackTest in 5.73 seconds (process running for 7.235)
Hibernate: 
    insert 
    into
        np1_orders
        (customer_name, id) 
    values
        (?, default)
Hibernate: 
    insert 
    into
        np1_order_items
        (order_id, price, product, id) 
    values
        (?, ?, ?, default)
Hibernate: 
    insert 
    into
        np1_order_items
        (order_id, price, product, id) 
    values
        (?, ?, ?, default)
Hibernate: 
    insert 
    into
        np1_order_items
        (order_id, price, product, id) 
    values
        (?, ?, ?, default)
2026-09-18T23:31:09.204+05:30  INFO 79105 --- [ai-code-review-demo] [           main] i.StatisticalLoggingSessionEventListener : Session Metrics {
    42708 nanoseconds spent acquiring 1 JDBC connections;
    0 nanoseconds spent releasing 0 JDBC connections;
    4600916 nanoseconds spent preparing 4 JDBC statements;
    4495625 nanoseconds spent executing 4 JDBC statements;
    0 nanoseconds spent executing 0 JDBC batches;
    0 nanoseconds spent performing 0 L2C puts;
    0 nanoseconds spent performing 0 L2C hits;
    0 nanoseconds spent performing 0 L2C misses;
    5798958 nanoseconds spent executing 1 flushes (flushing a total of 4 entities and 1 collections);
    0 nanoseconds spent executing 0 pre-partial-flushes;
    0 nanoseconds spent executing 0 partial-flushes (flushing a total of 0 entities and 0 collections)
}
Hibernate: 
    insert 
    into
        np1_orders
        (customer_name, id) 
    values
        (?, default)
Hibernate: 
    insert 
    into
        np1_order_items
        (order_id, price, product, id) 
    values
        (?, ?, ?, default)
Hibernate: 
    insert 
    into
        np1_order_items
        (order_id, price, product, id) 
    values
        (?, ?, ?, default)
Hibernate: 
    insert 
    into
        np1_order_items
        (order_id, price, product, id) 
    values
        (?, ?, ?, default)
2026-09-18T23:31:09.208+05:30  INFO 79105 --- [ai-code-review-demo] [           main] i.StatisticalLoggingSessionEventListener : Session Metrics {
    10292 nanoseconds spent acquiring 1 JDBC connections;
    0 nanoseconds spent releasing 0 JDBC connections;
    45708 nanoseconds spent preparing 4 JDBC statements;
    521124 nanoseconds spent executing 4 JDBC statements;
    0 nanoseconds spent executing 0 JDBC batches;
    0 nanoseconds spent performing 0 L2C puts;
    0 nanoseconds spent performing 0 L2C hits;
    0 nanoseconds spent performing 0 L2C misses;
    225000 nanoseconds spent executing 1 flushes (flushing a total of 4 entities and 1 collections);
    0 nanoseconds spent executing 0 pre-partial-flushes;
    0 nanoseconds spent executing 0 partial-flushes (flushing a total of 0 entities and 0 collections)
}
Hibernate: 
    insert 
    into
        np1_orders
        (customer_name, id) 
    values
        (?, default)
Hibernate: 
    insert 
    into
        np1_order_items
        (order_id, price, product, id) 
    values
        (?, ?, ?, default)
Hibernate: 
    insert 
    into
        np1_order_items
        (order_id, price, product, id) 
    values
        (?, ?, ?, default)
Hibernate: 
    insert 
    into
        np1_order_items
        (order_id, price, product, id) 
    values
        (?, ?, ?, default)
2026-09-18T23:31:09.212+05:30  INFO 79105 --- [ai-code-review-demo] [           main] i.StatisticalLoggingSessionEventListener : Session Metrics {
    6625 nanoseconds spent acquiring 1 JDBC connections;
    0 nanoseconds spent releasing 0 JDBC connections;
    145625 nanoseconds spent preparing 4 JDBC statements;
    503875 nanoseconds spent executing 4 JDBC statements;
    0 nanoseconds spent executing 0 JDBC batches;
    0 nanoseconds spent performing 0 L2C puts;
    0 nanoseconds spent performing 0 L2C hits;
    0 nanoseconds spent performing 0 L2C misses;
    279958 nanoseconds spent executing 1 flushes (flushing a total of 4 entities and 1 collections);
    0 nanoseconds spent executing 0 pre-partial-flushes;
    0 nanoseconds spent executing 0 partial-flushes (flushing a total of 0 entities and 0 collections)
}
Hibernate: 
    insert 
    into
        np1_orders
        (customer_name, id) 
    values
        (?, default)
Hibernate: 
    insert 
    into
        np1_order_items
        (order_id, price, product, id) 
    values
        (?, ?, ?, default)
Hibernate: 
    insert 
    into
        np1_order_items
        (order_id, price, product, id) 
    values
        (?, ?, ?, default)
Hibernate: 
    insert 
    into
        np1_order_items
        (order_id, price, product, id) 
    values
        (?, ?, ?, default)
2026-09-18T23:31:09.217+05:30  INFO 79105 --- [ai-code-review-demo] [           main] i.StatisticalLoggingSessionEventListener : Session Metrics {
    6958 nanoseconds spent acquiring 1 JDBC connections;
    0 nanoseconds spent releasing 0 JDBC connections;
    45084 nanoseconds spent preparing 4 JDBC statements;
    711458 nanoseconds spent executing 4 JDBC statements;
    0 nanoseconds spent executing 0 JDBC batches;
    0 nanoseconds spent performing 0 L2C puts;
    0 nanoseconds spent performing 0 L2C hits;
    0 nanoseconds spent performing 0 L2C misses;
    229375 nanoseconds spent executing 1 flushes (flushing a total of 4 entities and 1 collections);
    0 nanoseconds spent executing 0 pre-partial-flushes;
    0 nanoseconds spent executing 0 partial-flushes (flushing a total of 0 entities and 0 collections)
}
Hibernate: 
    insert 
    into
        np1_orders
        (customer_name, id) 
    values
        (?, default)
Hibernate: 
    insert 
    into
        np1_order_items
        (order_id, price, product, id) 
    values
        (?, ?, ?, default)
Hibernate: 
    insert 
    into
        np1_order_items
        (order_id, price, product, id) 
    values
        (?, ?, ?, default)
Hibernate: 
    insert 
    into
        np1_order_items
        (order_id, price, product, id) 
    values
        (?, ?, ?, default)
2026-09-18T23:31:09.219+05:30  INFO 79105 --- [ai-code-review-demo] [           main] i.StatisticalLoggingSessionEventListener : Session Metrics {
    6083 nanoseconds spent acquiring 1 JDBC connections;
    0 nanoseconds spent releasing 0 JDBC connections;
    43792 nanoseconds spent preparing 4 JDBC statements;
    366709 nanoseconds spent executing 4 JDBC statements;
    0 nanoseconds spent executing 0 JDBC batches;
    0 nanoseconds spent performing 0 L2C puts;
    0 nanoseconds spent performing 0 L2C hits;
    0 nanoseconds spent performing 0 L2C misses;
    204375 nanoseconds spent executing 1 flushes (flushing a total of 4 entities and 1 collections);
    0 nanoseconds spent executing 0 pre-partial-flushes;
    0 nanoseconds spent executing 0 partial-flushes (flushing a total of 0 entities and 0 collections)
}
Hibernate: 
    insert 
    into
        np1_orders
        (customer_name, id) 
    values
        (?, default)
Hibernate: 
    insert 
    into
        np1_order_items
        (order_id, price, product, id) 
    values
        (?, ?, ?, default)
Hibernate: 
    insert 
    into
        np1_order_items
        (order_id, price, product, id) 
    values
        (?, ?, ?, default)
Hibernate: 
    insert 
    into
        np1_order_items
        (order_id, price, product, id) 
    values
        (?, ?, ?, default)
2026-09-18T23:31:09.223+05:30  INFO 79105 --- [ai-code-review-demo] [           main] i.StatisticalLoggingSessionEventListener : Session Metrics {
    5334 nanoseconds spent acquiring 1 JDBC connections;
    0 nanoseconds spent releasing 0 JDBC connections;
    51874 nanoseconds spent preparing 4 JDBC statements;
    432082 nanoseconds spent executing 4 JDBC statements;
    0 nanoseconds spent executing 0 JDBC batches;
    0 nanoseconds spent performing 0 L2C puts;
    0 nanoseconds spent performing 0 L2C hits;
    0 nanoseconds spent performing 0 L2C misses;
    459000 nanoseconds spent executing 1 flushes (flushing a total of 4 entities and 1 collections);
    0 nanoseconds spent executing 0 pre-partial-flushes;
    0 nanoseconds spent executing 0 partial-flushes (flushing a total of 0 entities and 0 collections)
}
Hibernate: 
    insert 
    into
        np1_orders
        (customer_name, id) 
    values
        (?, default)
Hibernate: 
    insert 
    into
        np1_order_items
        (order_id, price, product, id) 
    values
        (?, ?, ?, default)
Hibernate: 
    insert 
    into
        np1_order_items
        (order_id, price, product, id) 
    values
        (?, ?, ?, default)
Hibernate: 
    insert 
    into
        np1_order_items
        (order_id, price, product, id) 
    values
        (?, ?, ?, default)
2026-09-18T23:31:09.227+05:30  INFO 79105 --- [ai-code-review-demo] [           main] i.StatisticalLoggingSessionEventListener : Session Metrics {
    5583 nanoseconds spent acquiring 1 JDBC connections;
    0 nanoseconds spent releasing 0 JDBC connections;
    45125 nanoseconds spent preparing 4 JDBC statements;
    1465834 nanoseconds spent executing 4 JDBC statements;
    0 nanoseconds spent executing 0 JDBC batches;
    0 nanoseconds spent performing 0 L2C puts;
    0 nanoseconds spent performing 0 L2C hits;
    0 nanoseconds spent performing 0 L2C misses;
    244041 nanoseconds spent executing 1 flushes (flushing a total of 4 entities and 1 collections);
    0 nanoseconds spent executing 0 pre-partial-flushes;
    0 nanoseconds spent executing 0 partial-flushes (flushing a total of 0 entities and 0 collections)
}
Hibernate: 
    insert 
    into
        np1_orders
        (customer_name, id) 
    values
        (?, default)
Hibernate: 
    insert 
    into
        np1_order_items
        (order_id, price, product, id) 
    values
        (?, ?, ?, default)
Hibernate: 
    insert 
    into
        np1_order_items
        (order_id, price, product, id) 
    values
        (?, ?, ?, default)
Hibernate: 
    insert 
    into
        np1_order_items
        (order_id, price, product, id) 
    values
        (?, ?, ?, default)
2026-09-18T23:31:09.230+05:30  INFO 79105 --- [ai-code-review-demo] [           main] i.StatisticalLoggingSessionEventListener : Session Metrics {
    5833 nanoseconds spent acquiring 1 JDBC connections;
    0 nanoseconds spent releasing 0 JDBC connections;
    41748 nanoseconds spent preparing 4 JDBC statements;
    431792 nanoseconds spent executing 4 JDBC statements;
    0 nanoseconds spent executing 0 JDBC batches;
    0 nanoseconds spent performing 0 L2C puts;
    0 nanoseconds spent performing 0 L2C hits;
    0 nanoseconds spent performing 0 L2C misses;
    276958 nanoseconds spent executing 1 flushes (flushing a total of 4 entities and 1 collections);
    0 nanoseconds spent executing 0 pre-partial-flushes;
    0 nanoseconds spent executing 0 partial-flushes (flushing a total of 0 entities and 0 collections)
}
Hibernate: 
    insert 
    into
        np1_orders
        (customer_name, id) 
    values
        (?, default)
Hibernate: 
    insert 
    into
        np1_order_items
        (order_id, price, product, id) 
    values
        (?, ?, ?, default)
Hibernate: 
    insert 
    into
        np1_order_items
        (order_id, price, product, id) 
    values
        (?, ?, ?, default)
Hibernate: 
    insert 
    into
        np1_order_items
        (order_id, price, product, id) 
    values
        (?, ?, ?, default)
2026-09-18T23:31:09.234+05:30  INFO 79105 --- [ai-code-review-demo] [           main] i.StatisticalLoggingSessionEventListener : Session Metrics {
    5375 nanoseconds spent acquiring 1 JDBC connections;
    0 nanoseconds spent releasing 0 JDBC connections;
    48500 nanoseconds spent preparing 4 JDBC statements;
    784749 nanoseconds spent executing 4 JDBC statements;
    0 nanoseconds spent executing 0 JDBC batches;
    0 nanoseconds spent performing 0 L2C puts;
    0 nanoseconds spent performing 0 L2C hits;
    0 nanoseconds spent performing 0 L2C misses;
    459375 nanoseconds spent executing 1 flushes (flushing a total of 4 entities and 1 collections);
    0 nanoseconds spent executing 0 pre-partial-flushes;
    0 nanoseconds spent executing 0 partial-flushes (flushing a total of 0 entities and 0 collections)
}
Hibernate: 
    insert 
    into
        np1_orders
        (customer_name, id) 
    values
        (?, default)
Hibernate: 
    insert 
    into
        np1_order_items
        (order_id, price, product, id) 
    values
        (?, ?, ?, default)
Hibernate: 
    insert 
    into
        np1_order_items
        (order_id, price, product, id) 
    values
        (?, ?, ?, default)
Hibernate: 
    insert 
    into
        np1_order_items
        (order_id, price, product, id) 
    values
        (?, ?, ?, default)
2026-09-18T23:31:09.238+05:30  INFO 79105 --- [ai-code-review-demo] [           main] i.StatisticalLoggingSessionEventListener : Session Metrics {
    5417 nanoseconds spent acquiring 1 JDBC connections;
    0 nanoseconds spent releasing 0 JDBC connections;
    403542 nanoseconds spent preparing 4 JDBC statements;
    792208 nanoseconds spent executing 4 JDBC statements;
    0 nanoseconds spent executing 0 JDBC batches;
    0 nanoseconds spent performing 0 L2C puts;
    0 nanoseconds spent performing 0 L2C hits;
    0 nanoseconds spent performing 0 L2C misses;
    170417 nanoseconds spent executing 1 flushes (flushing a total of 4 entities and 1 collections);
    0 nanoseconds spent executing 0 pre-partial-flushes;
    0 nanoseconds spent executing 0 partial-flushes (flushing a total of 0 entities and 0 collections)
}
Hibernate: 
    insert 
    into
        np1_orders
        (customer_name, id) 
    values
        (?, default)
Hibernate: 
    insert 
    into
        np1_order_items
        (order_id, price, product, id) 
    values
        (?, ?, ?, default)
Hibernate: 
    insert 
    into
        np1_order_items
        (order_id, price, product, id) 
    values
        (?, ?, ?, default)
Hibernate: 
    insert 
    into
        np1_order_items
        (order_id, price, product, id) 
    values
        (?, ?, ?, default)
2026-09-18T23:31:09.243+05:30  INFO 79105 --- [ai-code-review-demo] [           main] i.StatisticalLoggingSessionEventListener : Session Metrics {
    5666 nanoseconds spent acquiring 1 JDBC connections;
    0 nanoseconds spent releasing 0 JDBC connections;
    138249 nanoseconds spent preparing 4 JDBC statements;
    768790 nanoseconds spent executing 4 JDBC statements;
    0 nanoseconds spent executing 0 JDBC batches;
    0 nanoseconds spent performing 0 L2C puts;
    0 nanoseconds spent performing 0 L2C hits;
    0 nanoseconds spent performing 0 L2C misses;
    1235958 nanoseconds spent executing 1 flushes (flushing a total of 4 entities and 1 collections);
    0 nanoseconds spent executing 0 pre-partial-flushes;
    0 nanoseconds spent executing 0 partial-flushes (flushing a total of 0 entities and 0 collections)
}
Hibernate: 
    insert 
    into
        np1_orders
        (customer_name, id) 
    values
        (?, default)
Hibernate: 
    insert 
    into
        np1_order_items
        (order_id, price, product, id) 
    values
        (?, ?, ?, default)
Hibernate: 
    insert 
    into
        np1_order_items
        (order_id, price, product, id) 
    values
        (?, ?, ?, default)
Hibernate: 
    insert 
    into
        np1_order_items
        (order_id, price, product, id) 
    values
        (?, ?, ?, default)
2026-09-18T23:31:09.247+05:30  INFO 79105 --- [ai-code-review-demo] [           main] i.StatisticalLoggingSessionEventListener : Session Metrics {
    5792 nanoseconds spent acquiring 1 JDBC connections;
    0 nanoseconds spent releasing 0 JDBC connections;
    44875 nanoseconds spent preparing 4 JDBC statements;
    830042 nanoseconds spent executing 4 JDBC statements;
    0 nanoseconds spent executing 0 JDBC batches;
    0 nanoseconds spent performing 0 L2C puts;
    0 nanoseconds spent performing 0 L2C hits;
    0 nanoseconds spent performing 0 L2C misses;
    312167 nanoseconds spent executing 1 flushes (flushing a total of 4 entities and 1 collections);
    0 nanoseconds spent executing 0 pre-partial-flushes;
    0 nanoseconds spent executing 0 partial-flushes (flushing a total of 0 entities and 0 collections)
}
Hibernate: 
    insert 
    into
        np1_orders
        (customer_name, id) 
    values
        (?, default)
Hibernate: 
    insert 
    into
        np1_order_items
        (order_id, price, product, id) 
    values
        (?, ?, ?, default)
Hibernate: 
    insert 
    into
        np1_order_items
        (order_id, price, product, id) 
    values
        (?, ?, ?, default)
Hibernate: 
    insert 
    into
        np1_order_items
        (order_id, price, product, id) 
    values
        (?, ?, ?, default)
2026-09-18T23:31:09.250+05:30  INFO 79105 --- [ai-code-review-demo] [           main] i.StatisticalLoggingSessionEventListener : Session Metrics {
    7834 nanoseconds spent acquiring 1 JDBC connections;
    0 nanoseconds spent releasing 0 JDBC connections;
    40209 nanoseconds spent preparing 4 JDBC statements;
    838584 nanoseconds spent executing 4 JDBC statements;
    0 nanoseconds spent executing 0 JDBC batches;
    0 nanoseconds spent performing 0 L2C puts;
    0 nanoseconds spent performing 0 L2C hits;
    0 nanoseconds spent performing 0 L2C misses;
    180709 nanoseconds spent executing 1 flushes (flushing a total of 4 entities and 1 collections);
    0 nanoseconds spent executing 0 pre-partial-flushes;
    0 nanoseconds spent executing 0 partial-flushes (flushing a total of 0 entities and 0 collections)
}
Hibernate: 
    insert 
    into
        np1_orders
        (customer_name, id) 
    values
        (?, default)
Hibernate: 
    insert 
    into
        np1_order_items
        (order_id, price, product, id) 
    values
        (?, ?, ?, default)
Hibernate: 
    insert 
    into
        np1_order_items
        (order_id, price, product, id) 
    values
        (?, ?, ?, default)
Hibernate: 
    insert 
    into
        np1_order_items
        (order_id, price, product, id) 
    values
        (?, ?, ?, default)
2026-09-18T23:31:09.253+05:30  INFO 79105 --- [ai-code-review-demo] [           main] i.StatisticalLoggingSessionEventListener : Session Metrics {
    5416 nanoseconds spent acquiring 1 JDBC connections;
    0 nanoseconds spent releasing 0 JDBC connections;
    38418 nanoseconds spent preparing 4 JDBC statements;
    379875 nanoseconds spent executing 4 JDBC statements;
    0 nanoseconds spent executing 0 JDBC batches;
    0 nanoseconds spent performing 0 L2C puts;
    0 nanoseconds spent performing 0 L2C hits;
    0 nanoseconds spent performing 0 L2C misses;
    144916 nanoseconds spent executing 1 flushes (flushing a total of 4 entities and 1 collections);
    0 nanoseconds spent executing 0 pre-partial-flushes;
    0 nanoseconds spent executing 0 partial-flushes (flushing a total of 0 entities and 0 collections)
}
Hibernate: 
    insert 
    into
        np1_orders
        (customer_name, id) 
    values
        (?, default)
Hibernate: 
    insert 
    into
        np1_order_items
        (order_id, price, product, id) 
    values
        (?, ?, ?, default)
Hibernate: 
    insert 
    into
        np1_order_items
        (order_id, price, product, id) 
    values
        (?, ?, ?, default)
Hibernate: 
    insert 
    into
        np1_order_items
        (order_id, price, product, id) 
    values
        (?, ?, ?, default)
2026-09-18T23:31:09.256+05:30  INFO 79105 --- [ai-code-review-demo] [           main] i.StatisticalLoggingSessionEventListener : Session Metrics {
    7125 nanoseconds spent acquiring 1 JDBC connections;
    0 nanoseconds spent releasing 0 JDBC connections;
    36873 nanoseconds spent preparing 4 JDBC statements;
    454916 nanoseconds spent executing 4 JDBC statements;
    0 nanoseconds spent executing 0 JDBC batches;
    0 nanoseconds spent performing 0 L2C puts;
    0 nanoseconds spent performing 0 L2C hits;
    0 nanoseconds spent performing 0 L2C misses;
    151041 nanoseconds spent executing 1 flushes (flushing a total of 4 entities and 1 collections);
    0 nanoseconds spent executing 0 pre-partial-flushes;
    0 nanoseconds spent executing 0 partial-flushes (flushing a total of 0 entities and 0 collections)
}
Hibernate: 
    insert 
    into
        np1_orders
        (customer_name, id) 
    values
        (?, default)
Hibernate: 
    insert 
    into
        np1_order_items
        (order_id, price, product, id) 
    values
        (?, ?, ?, default)
Hibernate: 
    insert 
    into
        np1_order_items
        (order_id, price, product, id) 
    values
        (?, ?, ?, default)
Hibernate: 
    insert 
    into
        np1_order_items
        (order_id, price, product, id) 
    values
        (?, ?, ?, default)
2026-09-18T23:31:09.262+05:30  INFO 79105 --- [ai-code-review-demo] [           main] i.StatisticalLoggingSessionEventListener : Session Metrics {
    5958 nanoseconds spent acquiring 1 JDBC connections;
    0 nanoseconds spent releasing 0 JDBC connections;
    42458 nanoseconds spent preparing 4 JDBC statements;
    379001 nanoseconds spent executing 4 JDBC statements;
    0 nanoseconds spent executing 0 JDBC batches;
    0 nanoseconds spent performing 0 L2C puts;
    0 nanoseconds spent performing 0 L2C hits;
    0 nanoseconds spent performing 0 L2C misses;
    1430375 nanoseconds spent executing 1 flushes (flushing a total of 4 entities and 1 collections);
    0 nanoseconds spent executing 0 pre-partial-flushes;
    0 nanoseconds spent executing 0 partial-flushes (flushing a total of 0 entities and 0 collections)
}
Hibernate: 
    insert 
    into
        np1_orders
        (customer_name, id) 
    values
        (?, default)
Hibernate: 
    insert 
    into
        np1_order_items
        (order_id, price, product, id) 
    values
        (?, ?, ?, default)
Hibernate: 
    insert 
    into
        np1_order_items
        (order_id, price, product, id) 
    values
        (?, ?, ?, default)
Hibernate: 
    insert 
    into
        np1_order_items
        (order_id, price, product, id) 
    values
        (?, ?, ?, default)
2026-09-18T23:31:09.269+05:30  INFO 79105 --- [ai-code-review-demo] [           main] i.StatisticalLoggingSessionEventListener : Session Metrics {
    5458 nanoseconds spent acquiring 1 JDBC connections;
    0 nanoseconds spent releasing 0 JDBC connections;
    44626 nanoseconds spent preparing 4 JDBC statements;
    2751501 nanoseconds spent executing 4 JDBC statements;
    0 nanoseconds spent executing 0 JDBC batches;
    0 nanoseconds spent performing 0 L2C puts;
    0 nanoseconds spent performing 0 L2C hits;
    0 nanoseconds spent performing 0 L2C misses;
    252334 nanoseconds spent executing 1 flushes (flushing a total of 4 entities and 1 collections);
    0 nanoseconds spent executing 0 pre-partial-flushes;
    0 nanoseconds spent executing 0 partial-flushes (flushing a total of 0 entities and 0 collections)
}
Hibernate: 
    insert 
    into
        np1_orders
        (customer_name, id) 
    values
        (?, default)
Hibernate: 
    insert 
    into
        np1_order_items
        (order_id, price, product, id) 
    values
        (?, ?, ?, default)
Hibernate: 
    insert 
    into
        np1_order_items
        (order_id, price, product, id) 
    values
        (?, ?, ?, default)
Hibernate: 
    insert 
    into
        np1_order_items
        (order_id, price, product, id) 
    values
        (?, ?, ?, default)
2026-09-18T23:31:09.275+05:30  INFO 79105 --- [ai-code-review-demo] [           main] i.StatisticalLoggingSessionEventListener : Session Metrics {
    8125 nanoseconds spent acquiring 1 JDBC connections;
    0 nanoseconds spent releasing 0 JDBC connections;
    49041 nanoseconds spent preparing 4 JDBC statements;
    3054500 nanoseconds spent executing 4 JDBC statements;
    0 nanoseconds spent executing 0 JDBC batches;
    0 nanoseconds spent performing 0 L2C puts;
    0 nanoseconds spent performing 0 L2C hits;
    0 nanoseconds spent performing 0 L2C misses;
    206041 nanoseconds spent executing 1 flushes (flushing a total of 4 entities and 1 collections);
    0 nanoseconds spent executing 0 pre-partial-flushes;
    0 nanoseconds spent executing 0 partial-flushes (flushing a total of 0 entities and 0 collections)
}
Hibernate: 
    insert 
    into
        np1_orders
        (customer_name, id) 
    values
        (?, default)
Hibernate: 
    insert 
    into
        np1_order_items
        (order_id, price, product, id) 
    values
        (?, ?, ?, default)
Hibernate: 
    insert 
    into
        np1_order_items
        (order_id, price, product, id) 
    values
        (?, ?, ?, default)
Hibernate: 
    insert 
    into
        np1_order_items
        (order_id, price, product, id) 
    values
        (?, ?, ?, default)
2026-09-18T23:31:09.282+05:30  INFO 79105 --- [ai-code-review-demo] [           main] i.StatisticalLoggingSessionEventListener : Session Metrics {
    9834 nanoseconds spent acquiring 1 JDBC connections;
    0 nanoseconds spent releasing 0 JDBC connections;
    277042 nanoseconds spent preparing 4 JDBC statements;
    2430709 nanoseconds spent executing 4 JDBC statements;
    0 nanoseconds spent executing 0 JDBC batches;
    0 nanoseconds spent performing 0 L2C puts;
    0 nanoseconds spent performing 0 L2C hits;
    0 nanoseconds spent performing 0 L2C misses;
    181917 nanoseconds spent executing 1 flushes (flushing a total of 4 entities and 1 collections);
    0 nanoseconds spent executing 0 pre-partial-flushes;
    0 nanoseconds spent executing 0 partial-flushes (flushing a total of 0 entities and 0 collections)
}
Hibernate: 
    insert 
    into
        np1_orders
        (customer_name, id) 
    values
        (?, default)
Hibernate: 
    insert 
    into
        np1_order_items
        (order_id, price, product, id) 
    values
        (?, ?, ?, default)
Hibernate: 
    insert 
    into
        np1_order_items
        (order_id, price, product, id) 
    values
        (?, ?, ?, default)
Hibernate: 
    insert 
    into
        np1_order_items
        (order_id, price, product, id) 
    values
        (?, ?, ?, default)
2026-09-18T23:31:09.288+05:30  INFO 79105 --- [ai-code-review-demo] [           main] i.StatisticalLoggingSessionEventListener : Session Metrics {
    9292 nanoseconds spent acquiring 1 JDBC connections;
    0 nanoseconds spent releasing 0 JDBC connections;
    219583 nanoseconds spent preparing 4 JDBC statements;
    1832541 nanoseconds spent executing 4 JDBC statements;
    0 nanoseconds spent executing 0 JDBC batches;
    0 nanoseconds spent performing 0 L2C puts;
    0 nanoseconds spent performing 0 L2C hits;
    0 nanoseconds spent performing 0 L2C misses;
    300375 nanoseconds spent executing 1 flushes (flushing a total of 4 entities and 1 collections);
    0 nanoseconds spent executing 0 pre-partial-flushes;
    0 nanoseconds spent executing 0 partial-flushes (flushing a total of 0 entities and 0 collections)
}
Hibernate: 
    insert 
    into
        np1_orders
        (customer_name, id) 
    values
        (?, default)
Hibernate: 
    insert 
    into
        np1_order_items
        (order_id, price, product, id) 
    values
        (?, ?, ?, default)
Hibernate: 
    insert 
    into
        np1_order_items
        (order_id, price, product, id) 
    values
        (?, ?, ?, default)
Hibernate: 
    insert 
    into
        np1_order_items
        (order_id, price, product, id) 
    values
        (?, ?, ?, default)
2026-09-18T23:31:09.330+05:30  INFO 79105 --- [ai-code-review-demo] [           main] i.StatisticalLoggingSessionEventListener : Session Metrics {
    6583 nanoseconds spent acquiring 1 JDBC connections;
    0 nanoseconds spent releasing 0 JDBC connections;
    67000 nanoseconds spent preparing 4 JDBC statements;
    39501500 nanoseconds spent executing 4 JDBC statements;
    0 nanoseconds spent executing 0 JDBC batches;
    0 nanoseconds spent performing 0 L2C puts;
    0 nanoseconds spent performing 0 L2C hits;
    0 nanoseconds spent performing 0 L2C misses;
    327125 nanoseconds spent executing 1 flushes (flushing a total of 4 entities and 1 collections);
    0 nanoseconds spent executing 0 pre-partial-flushes;
    0 nanoseconds spent executing 0 partial-flushes (flushing a total of 0 entities and 0 collections)
}
Hibernate: 
    insert 
    into
        np1_orders
        (customer_name, id) 
    values
        (?, default)
Hibernate: 
    insert 
    into
        np1_order_items
        (order_id, price, product, id) 
    values
        (?, ?, ?, default)
Hibernate: 
    insert 
    into
        np1_order_items
        (order_id, price, product, id) 
    values
        (?, ?, ?, default)
Hibernate: 
    insert 
    into
        np1_order_items
        (order_id, price, product, id) 
    values
        (?, ?, ?, default)
2026-09-18T23:31:09.336+05:30  INFO 79105 --- [ai-code-review-demo] [           main] i.StatisticalLoggingSessionEventListener : Session Metrics {
    13000 nanoseconds spent acquiring 1 JDBC connections;
    0 nanoseconds spent releasing 0 JDBC connections;
    49333 nanoseconds spent preparing 4 JDBC statements;
    2439416 nanoseconds spent executing 4 JDBC statements;
    0 nanoseconds spent executing 0 JDBC batches;
    0 nanoseconds spent performing 0 L2C puts;
    0 nanoseconds spent performing 0 L2C hits;
    0 nanoseconds spent performing 0 L2C misses;
    177833 nanoseconds spent executing 1 flushes (flushing a total of 4 entities and 1 collections);
    0 nanoseconds spent executing 0 pre-partial-flushes;
    0 nanoseconds spent executing 0 partial-flushes (flushing a total of 0 entities and 0 collections)
}
Hibernate: 
    insert 
    into
        np1_orders
        (customer_name, id) 
    values
        (?, default)
Hibernate: 
    insert 
    into
        np1_order_items
        (order_id, price, product, id) 
    values
        (?, ?, ?, default)
Hibernate: 
    insert 
    into
        np1_order_items
        (order_id, price, product, id) 
    values
        (?, ?, ?, default)
Hibernate: 
    insert 
    into
        np1_order_items
        (order_id, price, product, id) 
    values
        (?, ?, ?, default)
2026-09-18T23:31:09.343+05:30  INFO 79105 --- [ai-code-review-demo] [           main] i.StatisticalLoggingSessionEventListener : Session Metrics {
    7291 nanoseconds spent acquiring 1 JDBC connections;
    0 nanoseconds spent releasing 0 JDBC connections;
    35500 nanoseconds spent preparing 4 JDBC statements;
    3238874 nanoseconds spent executing 4 JDBC statements;
    0 nanoseconds spent executing 0 JDBC batches;
    0 nanoseconds spent performing 0 L2C puts;
    0 nanoseconds spent performing 0 L2C hits;
    0 nanoseconds spent performing 0 L2C misses;
    324583 nanoseconds spent executing 1 flushes (flushing a total of 4 entities and 1 collections);
    0 nanoseconds spent executing 0 pre-partial-flushes;
    0 nanoseconds spent executing 0 partial-flushes (flushing a total of 0 entities and 0 collections)
}
Hibernate: 
    insert 
    into
        np1_orders
        (customer_name, id) 
    values
        (?, default)
Hibernate: 
    insert 
    into
        np1_order_items
        (order_id, price, product, id) 
    values
        (?, ?, ?, default)
Hibernate: 
    insert 
    into
        np1_order_items
        (order_id, price, product, id) 
    values
        (?, ?, ?, default)
Hibernate: 
    insert 
    into
        np1_order_items
        (order_id, price, product, id) 
    values
        (?, ?, ?, default)
2026-09-18T23:31:09.349+05:30  INFO 79105 --- [ai-code-review-demo] [           main] i.StatisticalLoggingSessionEventListener : Session Metrics {
    6042 nanoseconds spent acquiring 1 JDBC connections;
    0 nanoseconds spent releasing 0 JDBC connections;
    55084 nanoseconds spent preparing 4 JDBC statements;
    505708 nanoseconds spent executing 4 JDBC statements;
    0 nanoseconds spent executing 0 JDBC batches;
    0 nanoseconds spent performing 0 L2C puts;
    0 nanoseconds spent performing 0 L2C hits;
    0 nanoseconds spent performing 0 L2C misses;
    227416 nanoseconds spent executing 1 flushes (flushing a total of 4 entities and 1 collections);
    0 nanoseconds spent executing 0 pre-partial-flushes;
    0 nanoseconds spent executing 0 partial-flushes (flushing a total of 0 entities and 0 collections)
}
Hibernate: 
    insert 
    into
        np1_orders
        (customer_name, id) 
    values
        (?, default)
Hibernate: 
    insert 
    into
        np1_order_items
        (order_id, price, product, id) 
    values
        (?, ?, ?, default)
Hibernate: 
    insert 
    into
        np1_order_items
        (order_id, price, product, id) 
    values
        (?, ?, ?, default)
Hibernate: 
    insert 
    into
        np1_order_items
        (order_id, price, product, id) 
    values
        (?, ?, ?, default)
2026-09-18T23:31:09.357+05:30  INFO 79105 --- [ai-code-review-demo] [           main] i.StatisticalLoggingSessionEventListener : Session Metrics {
    5708 nanoseconds spent acquiring 1 JDBC connections;
    0 nanoseconds spent releasing 0 JDBC connections;
    71250 nanoseconds spent preparing 4 JDBC statements;
    1540625 nanoseconds spent executing 4 JDBC statements;
    0 nanoseconds spent executing 0 JDBC batches;
    0 nanoseconds spent performing 0 L2C puts;
    0 nanoseconds spent performing 0 L2C hits;
    0 nanoseconds spent performing 0 L2C misses;
    795542 nanoseconds spent executing 1 flushes (flushing a total of 4 entities and 1 collections);
    0 nanoseconds spent executing 0 pre-partial-flushes;
    0 nanoseconds spent executing 0 partial-flushes (flushing a total of 0 entities and 0 collections)
}
Hibernate: 
    insert 
    into
        np1_orders
        (customer_name, id) 
    values
        (?, default)
Hibernate: 
    insert 
    into
        np1_order_items
        (order_id, price, product, id) 
    values
        (?, ?, ?, default)
Hibernate: 
    insert 
    into
        np1_order_items
        (order_id, price, product, id) 
    values
        (?, ?, ?, default)
Hibernate: 
    insert 
    into
        np1_order_items
        (order_id, price, product, id) 
    values
        (?, ?, ?, default)
2026-09-18T23:31:09.366+05:30  INFO 79105 --- [ai-code-review-demo] [           main] i.StatisticalLoggingSessionEventListener : Session Metrics {
    7792 nanoseconds spent acquiring 1 JDBC connections;
    0 nanoseconds spent releasing 0 JDBC connections;
    136208 nanoseconds spent preparing 4 JDBC statements;
    736709 nanoseconds spent executing 4 JDBC statements;
    0 nanoseconds spent executing 0 JDBC batches;
    0 nanoseconds spent performing 0 L2C puts;
    0 nanoseconds spent performing 0 L2C hits;
    0 nanoseconds spent performing 0 L2C misses;
    1757375 nanoseconds spent executing 1 flushes (flushing a total of 4 entities and 1 collections);
    0 nanoseconds spent executing 0 pre-partial-flushes;
    0 nanoseconds spent executing 0 partial-flushes (flushing a total of 0 entities and 0 collections)
}
Hibernate: 
    insert 
    into
        np1_orders
        (customer_name, id) 
    values
        (?, default)
Hibernate: 
    insert 
    into
        np1_order_items
        (order_id, price, product, id) 
    values
        (?, ?, ?, default)
Hibernate: 
    insert 
    into
        np1_order_items
        (order_id, price, product, id) 
    values
        (?, ?, ?, default)
Hibernate: 
    insert 
    into
        np1_order_items
        (order_id, price, product, id) 
    values
        (?, ?, ?, default)
2026-09-18T23:31:09.371+05:30  INFO 79105 --- [ai-code-review-demo] [           main] i.StatisticalLoggingSessionEventListener : Session Metrics {
    5792 nanoseconds spent acquiring 1 JDBC connections;
    0 nanoseconds spent releasing 0 JDBC connections;
    39959 nanoseconds spent preparing 4 JDBC statements;
    973167 nanoseconds spent executing 4 JDBC statements;
    0 nanoseconds spent executing 0 JDBC batches;
    0 nanoseconds spent performing 0 L2C puts;
    0 nanoseconds spent performing 0 L2C hits;
    0 nanoseconds spent performing 0 L2C misses;
    158792 nanoseconds spent executing 1 flushes (flushing a total of 4 entities and 1 collections);
    0 nanoseconds spent executing 0 pre-partial-flushes;
    0 nanoseconds spent executing 0 partial-flushes (flushing a total of 0 entities and 0 collections)
}
Hibernate: 
    insert 
    into
        np1_orders
        (customer_name, id) 
    values
        (?, default)
Hibernate: 
    insert 
    into
        np1_order_items
        (order_id, price, product, id) 
    values
        (?, ?, ?, default)
Hibernate: 
    insert 
    into
        np1_order_items
        (order_id, price, product, id) 
    values
        (?, ?, ?, default)
Hibernate: 
    insert 
    into
        np1_order_items
        (order_id, price, product, id) 
    values
        (?, ?, ?, default)
2026-09-18T23:31:09.374+05:30  INFO 79105 --- [ai-code-review-demo] [           main] i.StatisticalLoggingSessionEventListener : Session Metrics {
    6083 nanoseconds spent acquiring 1 JDBC connections;
    0 nanoseconds spent releasing 0 JDBC connections;
    131790 nanoseconds spent preparing 4 JDBC statements;
    833790 nanoseconds spent executing 4 JDBC statements;
    0 nanoseconds spent executing 0 JDBC batches;
    0 nanoseconds spent performing 0 L2C puts;
    0 nanoseconds spent performing 0 L2C hits;
    0 nanoseconds spent performing 0 L2C misses;
    174167 nanoseconds spent executing 1 flushes (flushing a total of 4 entities and 1 collections);
    0 nanoseconds spent executing 0 pre-partial-flushes;
    0 nanoseconds spent executing 0 partial-flushes (flushing a total of 0 entities and 0 collections)
}
Hibernate: 
    insert 
    into
        np1_orders
        (customer_name, id) 
    values
        (?, default)
Hibernate: 
    insert 
    into
        np1_order_items
        (order_id, price, product, id) 
    values
        (?, ?, ?, default)
Hibernate: 
    insert 
    into
        np1_order_items
        (order_id, price, product, id) 
    values
        (?, ?, ?, default)
Hibernate: 
    insert 
    into
        np1_order_items
        (order_id, price, product, id) 
    values
        (?, ?, ?, default)
2026-09-18T23:31:09.384+05:30  INFO 79105 --- [ai-code-review-demo] [           main] i.StatisticalLoggingSessionEventListener : Session Metrics {
    5625 nanoseconds spent acquiring 1 JDBC connections;
    0 nanoseconds spent releasing 0 JDBC connections;
    275208 nanoseconds spent preparing 4 JDBC statements;
    3243499 nanoseconds spent executing 4 JDBC statements;
    0 nanoseconds spent executing 0 JDBC batches;
    0 nanoseconds spent performing 0 L2C puts;
    0 nanoseconds spent performing 0 L2C hits;
    0 nanoseconds spent performing 0 L2C misses;
    553791 nanoseconds spent executing 1 flushes (flushing a total of 4 entities and 1 collections);
    0 nanoseconds spent executing 0 pre-partial-flushes;
    0 nanoseconds spent executing 0 partial-flushes (flushing a total of 0 entities and 0 collections)
}
Hibernate: 
    insert 
    into
        np1_orders
        (customer_name, id) 
    values
        (?, default)
Hibernate: 
    insert 
    into
        np1_order_items
        (order_id, price, product, id) 
    values
        (?, ?, ?, default)
Hibernate: 
    insert 
    into
        np1_order_items
        (order_id, price, product, id) 
    values
        (?, ?, ?, default)
Hibernate: 
    insert 
    into
        np1_order_items
        (order_id, price, product, id) 
    values
        (?, ?, ?, default)
2026-09-18T23:31:09.392+05:30  INFO 79105 --- [ai-code-review-demo] [           main] i.StatisticalLoggingSessionEventListener : Session Metrics {
    10292 nanoseconds spent acquiring 1 JDBC connections;
    0 nanoseconds spent releasing 0 JDBC connections;
    38667 nanoseconds spent preparing 4 JDBC statements;
    2739584 nanoseconds spent executing 4 JDBC statements;
    0 nanoseconds spent executing 0 JDBC batches;
    0 nanoseconds spent performing 0 L2C puts;
    0 nanoseconds spent performing 0 L2C hits;
    0 nanoseconds spent performing 0 L2C misses;
    1869000 nanoseconds spent executing 1 flushes (flushing a total of 4 entities and 1 collections);
    0 nanoseconds spent executing 0 pre-partial-flushes;
    0 nanoseconds spent executing 0 partial-flushes (flushing a total of 0 entities and 0 collections)
}
Hibernate: 
    insert 
    into
        np1_orders
        (customer_name, id) 
    values
        (?, default)
Hibernate: 
    insert 
    into
        np1_order_items
        (order_id, price, product, id) 
    values
        (?, ?, ?, default)
Hibernate: 
    insert 
    into
        np1_order_items
        (order_id, price, product, id) 
    values
        (?, ?, ?, default)
Hibernate: 
    insert 
    into
        np1_order_items
        (order_id, price, product, id) 
    values
        (?, ?, ?, default)
2026-09-18T23:31:09.398+05:30  INFO 79105 --- [ai-code-review-demo] [           main] i.StatisticalLoggingSessionEventListener : Session Metrics {
    9000 nanoseconds spent acquiring 1 JDBC connections;
    0 nanoseconds spent releasing 0 JDBC connections;
    36917 nanoseconds spent preparing 4 JDBC statements;
    1473706 nanoseconds spent executing 4 JDBC statements;
    0 nanoseconds spent executing 0 JDBC batches;
    0 nanoseconds spent performing 0 L2C puts;
    0 nanoseconds spent performing 0 L2C hits;
    0 nanoseconds spent performing 0 L2C misses;
    287750 nanoseconds spent executing 1 flushes (flushing a total of 4 entities and 1 collections);
    0 nanoseconds spent executing 0 pre-partial-flushes;
    0 nanoseconds spent executing 0 partial-flushes (flushing a total of 0 entities and 0 collections)
}
Hibernate: 
    insert 
    into
        np1_orders
        (customer_name, id) 
    values
        (?, default)
Hibernate: 
    insert 
    into
        np1_order_items
        (order_id, price, product, id) 
    values
        (?, ?, ?, default)
Hibernate: 
    insert 
    into
        np1_order_items
        (order_id, price, product, id) 
    values
        (?, ?, ?, default)
Hibernate: 
    insert 
    into
        np1_order_items
        (order_id, price, product, id) 
    values
        (?, ?, ?, default)
2026-09-18T23:31:09.407+05:30  INFO 79105 --- [ai-code-review-demo] [           main] i.StatisticalLoggingSessionEventListener : Session Metrics {
    6083 nanoseconds spent acquiring 1 JDBC connections;
    0 nanoseconds spent releasing 0 JDBC connections;
    202625 nanoseconds spent preparing 4 JDBC statements;
    1004125 nanoseconds spent executing 4 JDBC statements;
    0 nanoseconds spent executing 0 JDBC batches;
    0 nanoseconds spent performing 0 L2C puts;
    0 nanoseconds spent performing 0 L2C hits;
    0 nanoseconds spent performing 0 L2C misses;
    353292 nanoseconds spent executing 1 flushes (flushing a total of 4 entities and 1 collections);
    0 nanoseconds spent executing 0 pre-partial-flushes;
    0 nanoseconds spent executing 0 partial-flushes (flushing a total of 0 entities and 0 collections)
}
Hibernate: 
    insert 
    into
        np1_orders
        (customer_name, id) 
    values
        (?, default)
Hibernate: 
    insert 
    into
        np1_order_items
        (order_id, price, product, id) 
    values
        (?, ?, ?, default)
Hibernate: 
    insert 
    into
        np1_order_items
        (order_id, price, product, id) 
    values
        (?, ?, ?, default)
Hibernate: 
    insert 
    into
        np1_order_items
        (order_id, price, product, id) 
    values
        (?, ?, ?, default)
2026-09-18T23:31:09.411+05:30  INFO 79105 --- [ai-code-review-demo] [           main] i.StatisticalLoggingSessionEventListener : Session Metrics {
    5750 nanoseconds spent acquiring 1 JDBC connections;
    0 nanoseconds spent releasing 0 JDBC connections;
    45333 nanoseconds spent preparing 4 JDBC statements;
    1491750 nanoseconds spent executing 4 JDBC statements;
    0 nanoseconds spent executing 0 JDBC batches;
    0 nanoseconds spent performing 0 L2C puts;
    0 nanoseconds spent performing 0 L2C hits;
    0 nanoseconds spent performing 0 L2C misses;
    277459 nanoseconds spent executing 1 flushes (flushing a total of 4 entities and 1 collections);
    0 nanoseconds spent executing 0 pre-partial-flushes;
    0 nanoseconds spent executing 0 partial-flushes (flushing a total of 0 entities and 0 collections)
}
Hibernate: 
    insert 
    into
        np1_orders
        (customer_name, id) 
    values
        (?, default)
Hibernate: 
    insert 
    into
        np1_order_items
        (order_id, price, product, id) 
    values
        (?, ?, ?, default)
Hibernate: 
    insert 
    into
        np1_order_items
        (order_id, price, product, id) 
    values
        (?, ?, ?, default)
Hibernate: 
    insert 
    into
        np1_order_items
        (order_id, price, product, id) 
    values
        (?, ?, ?, default)
2026-09-18T23:31:09.415+05:30  INFO 79105 --- [ai-code-review-demo] [           main] i.StatisticalLoggingSessionEventListener : Session Metrics {
    5541 nanoseconds spent acquiring 1 JDBC connections;
    0 nanoseconds spent releasing 0 JDBC connections;
    44750 nanoseconds spent preparing 4 JDBC statements;
    753291 nanoseconds spent executing 4 JDBC statements;
    0 nanoseconds spent executing 0 JDBC batches;
    0 nanoseconds spent performing 0 L2C puts;
    0 nanoseconds spent performing 0 L2C hits;
    0 nanoseconds spent performing 0 L2C misses;
    240834 nanoseconds spent executing 1 flushes (flushing a total of 4 entities and 1 collections);
    0 nanoseconds spent executing 0 pre-partial-flushes;
    0 nanoseconds spent executing 0 partial-flushes (flushing a total of 0 entities and 0 collections)
}
Hibernate: 
    insert 
    into
        np1_orders
        (customer_name, id) 
    values
        (?, default)
Hibernate: 
    insert 
    into
        np1_order_items
        (order_id, price, product, id) 
    values
        (?, ?, ?, default)
Hibernate: 
    insert 
    into
        np1_order_items
        (order_id, price, product, id) 
    values
        (?, ?, ?, default)
Hibernate: 
    insert 
    into
        np1_order_items
        (order_id, price, product, id) 
    values
        (?, ?, ?, default)
2026-09-18T23:31:09.419+05:30  INFO 79105 --- [ai-code-review-demo] [           main] i.StatisticalLoggingSessionEventListener : Session Metrics {
    5000 nanoseconds spent acquiring 1 JDBC connections;
    0 nanoseconds spent releasing 0 JDBC connections;
    37958 nanoseconds spent preparing 4 JDBC statements;
    1062166 nanoseconds spent executing 4 JDBC statements;
    0 nanoseconds spent executing 0 JDBC batches;
    0 nanoseconds spent performing 0 L2C puts;
    0 nanoseconds spent performing 0 L2C hits;
    0 nanoseconds spent performing 0 L2C misses;
    146000 nanoseconds spent executing 1 flushes (flushing a total of 4 entities and 1 collections);
    0 nanoseconds spent executing 0 pre-partial-flushes;
    0 nanoseconds spent executing 0 partial-flushes (flushing a total of 0 entities and 0 collections)
}
Hibernate: 
    insert 
    into
        np1_orders
        (customer_name, id) 
    values
        (?, default)
Hibernate: 
    insert 
    into
        np1_order_items
        (order_id, price, product, id) 
    values
        (?, ?, ?, default)
Hibernate: 
    insert 
    into
        np1_order_items
        (order_id, price, product, id) 
    values
        (?, ?, ?, default)
Hibernate: 
    insert 
    into
        np1_order_items
        (order_id, price, product, id) 
    values
        (?, ?, ?, default)
2026-09-18T23:31:09.423+05:30  INFO 79105 --- [ai-code-review-demo] [           main] i.StatisticalLoggingSessionEventListener : Session Metrics {
    7500 nanoseconds spent acquiring 1 JDBC connections;
    0 nanoseconds spent releasing 0 JDBC connections;
    40459 nanoseconds spent preparing 4 JDBC statements;
    398833 nanoseconds spent executing 4 JDBC statements;
    0 nanoseconds spent executing 0 JDBC batches;
    0 nanoseconds spent performing 0 L2C puts;
    0 nanoseconds spent performing 0 L2C hits;
    0 nanoseconds spent performing 0 L2C misses;
    153917 nanoseconds spent executing 1 flushes (flushing a total of 4 entities and 1 collections);
    0 nanoseconds spent executing 0 pre-partial-flushes;
    0 nanoseconds spent executing 0 partial-flushes (flushing a total of 0 entities and 0 collections)
}
Hibernate: 
    insert 
    into
        np1_orders
        (customer_name, id) 
    values
        (?, default)
Hibernate: 
    insert 
    into
        np1_order_items
        (order_id, price, product, id) 
    values
        (?, ?, ?, default)
Hibernate: 
    insert 
    into
        np1_order_items
        (order_id, price, product, id) 
    values
        (?, ?, ?, default)
Hibernate: 
    insert 
    into
        np1_order_items
        (order_id, price, product, id) 
    values
        (?, ?, ?, default)
2026-09-18T23:31:09.427+05:30  INFO 79105 --- [ai-code-review-demo] [           main] i.StatisticalLoggingSessionEventListener : Session Metrics {
    5916 nanoseconds spent acquiring 1 JDBC connections;
    0 nanoseconds spent releasing 0 JDBC connections;
    34165 nanoseconds spent preparing 4 JDBC statements;
    604875 nanoseconds spent executing 4 JDBC statements;
    0 nanoseconds spent executing 0 JDBC batches;
    0 nanoseconds spent performing 0 L2C puts;
    0 nanoseconds spent performing 0 L2C hits;
    0 nanoseconds spent performing 0 L2C misses;
    407458 nanoseconds spent executing 1 flushes (flushing a total of 4 entities and 1 collections);
    0 nanoseconds spent executing 0 pre-partial-flushes;
    0 nanoseconds spent executing 0 partial-flushes (flushing a total of 0 entities and 0 collections)
}
Hibernate: 
    insert 
    into
        np1_orders
        (customer_name, id) 
    values
        (?, default)
Hibernate: 
    insert 
    into
        np1_order_items
        (order_id, price, product, id) 
    values
        (?, ?, ?, default)
Hibernate: 
    insert 
    into
        np1_order_items
        (order_id, price, product, id) 
    values
        (?, ?, ?, default)
Hibernate: 
    insert 
    into
        np1_order_items
        (order_id, price, product, id) 
    values
        (?, ?, ?, default)
2026-09-18T23:31:09.432+05:30  INFO 79105 --- [ai-code-review-demo] [           main] i.StatisticalLoggingSessionEventListener : Session Metrics {
    5500 nanoseconds spent acquiring 1 JDBC connections;
    0 nanoseconds spent releasing 0 JDBC connections;
    33000 nanoseconds spent preparing 4 JDBC statements;
    1348249 nanoseconds spent executing 4 JDBC statements;
    0 nanoseconds spent executing 0 JDBC batches;
    0 nanoseconds spent performing 0 L2C puts;
    0 nanoseconds spent performing 0 L2C hits;
    0 nanoseconds spent performing 0 L2C misses;
    415833 nanoseconds spent executing 1 flushes (flushing a total of 4 entities and 1 collections);
    0 nanoseconds spent executing 0 pre-partial-flushes;
    0 nanoseconds spent executing 0 partial-flushes (flushing a total of 0 entities and 0 collections)
}
Hibernate: 
    insert 
    into
        np1_orders
        (customer_name, id) 
    values
        (?, default)
Hibernate: 
    insert 
    into
        np1_order_items
        (order_id, price, product, id) 
    values
        (?, ?, ?, default)
Hibernate: 
    insert 
    into
        np1_order_items
        (order_id, price, product, id) 
    values
        (?, ?, ?, default)
Hibernate: 
    insert 
    into
        np1_order_items
        (order_id, price, product, id) 
    values
        (?, ?, ?, default)
2026-09-18T23:31:09.439+05:30  INFO 79105 --- [ai-code-review-demo] [           main] i.StatisticalLoggingSessionEventListener : Session Metrics {
    5125 nanoseconds spent acquiring 1 JDBC connections;
    0 nanoseconds spent releasing 0 JDBC connections;
    36167 nanoseconds spent preparing 4 JDBC statements;
    2748750 nanoseconds spent executing 4 JDBC statements;
    0 nanoseconds spent executing 0 JDBC batches;
    0 nanoseconds spent performing 0 L2C puts;
    0 nanoseconds spent performing 0 L2C hits;
    0 nanoseconds spent performing 0 L2C misses;
    159916 nanoseconds spent executing 1 flushes (flushing a total of 4 entities and 1 collections);
    0 nanoseconds spent executing 0 pre-partial-flushes;
    0 nanoseconds spent executing 0 partial-flushes (flushing a total of 0 entities and 0 collections)
}
Hibernate: 
    insert 
    into
        np1_orders
        (customer_name, id) 
    values
        (?, default)
Hibernate: 
    insert 
    into
        np1_order_items
        (order_id, price, product, id) 
    values
        (?, ?, ?, default)
Hibernate: 
    insert 
    into
        np1_order_items
        (order_id, price, product, id) 
    values
        (?, ?, ?, default)
Hibernate: 
    insert 
    into
        np1_order_items
        (order_id, price, product, id) 
    values
        (?, ?, ?, default)
2026-09-18T23:31:09.443+05:30  INFO 79105 --- [ai-code-review-demo] [           main] i.StatisticalLoggingSessionEventListener : Session Metrics {
    5500 nanoseconds spent acquiring 1 JDBC connections;
    0 nanoseconds spent releasing 0 JDBC connections;
    36625 nanoseconds spent preparing 4 JDBC statements;
    450708 nanoseconds spent executing 4 JDBC statements;
    0 nanoseconds spent executing 0 JDBC batches;
    0 nanoseconds spent performing 0 L2C puts;
    0 nanoseconds spent performing 0 L2C hits;
    0 nanoseconds spent performing 0 L2C misses;
    187375 nanoseconds spent executing 1 flushes (flushing a total of 4 entities and 1 collections);
    0 nanoseconds spent executing 0 pre-partial-flushes;
    0 nanoseconds spent executing 0 partial-flushes (flushing a total of 0 entities and 0 collections)
}
Hibernate: 
    insert 
    into
        np1_orders
        (customer_name, id) 
    values
        (?, default)
Hibernate: 
    insert 
    into
        np1_order_items
        (order_id, price, product, id) 
    values
        (?, ?, ?, default)
Hibernate: 
    insert 
    into
        np1_order_items
        (order_id, price, product, id) 
    values
        (?, ?, ?, default)
Hibernate: 
    insert 
    into
        np1_order_items
        (order_id, price, product, id) 
    values
        (?, ?, ?, default)
2026-09-18T23:31:09.450+05:30  INFO 79105 --- [ai-code-review-demo] [           main] i.StatisticalLoggingSessionEventListener : Session Metrics {
    7833 nanoseconds spent acquiring 1 JDBC connections;
    0 nanoseconds spent releasing 0 JDBC connections;
    31376 nanoseconds spent preparing 4 JDBC statements;
    3177084 nanoseconds spent executing 4 JDBC statements;
    0 nanoseconds spent executing 0 JDBC batches;
    0 nanoseconds spent performing 0 L2C puts;
    0 nanoseconds spent performing 0 L2C hits;
    0 nanoseconds spent performing 0 L2C misses;
    149208 nanoseconds spent executing 1 flushes (flushing a total of 4 entities and 1 collections);
    0 nanoseconds spent executing 0 pre-partial-flushes;
    0 nanoseconds spent executing 0 partial-flushes (flushing a total of 0 entities and 0 collections)
}
Hibernate: 
    insert 
    into
        np1_orders
        (customer_name, id) 
    values
        (?, default)
Hibernate: 
    insert 
    into
        np1_order_items
        (order_id, price, product, id) 
    values
        (?, ?, ?, default)
Hibernate: 
    insert 
    into
        np1_order_items
        (order_id, price, product, id) 
    values
        (?, ?, ?, default)
Hibernate: 
    insert 
    into
        np1_order_items
        (order_id, price, product, id) 
    values
        (?, ?, ?, default)
2026-09-18T23:31:09.459+05:30  INFO 79105 --- [ai-code-review-demo] [           main] i.StatisticalLoggingSessionEventListener : Session Metrics {
    5792 nanoseconds spent acquiring 1 JDBC connections;
    0 nanoseconds spent releasing 0 JDBC connections;
    98500 nanoseconds spent preparing 4 JDBC statements;
    1586417 nanoseconds spent executing 4 JDBC statements;
    0 nanoseconds spent executing 0 JDBC batches;
    0 nanoseconds spent performing 0 L2C puts;
    0 nanoseconds spent performing 0 L2C hits;
    0 nanoseconds spent performing 0 L2C misses;
    695583 nanoseconds spent executing 1 flushes (flushing a total of 4 entities and 1 collections);
    0 nanoseconds spent executing 0 pre-partial-flushes;
    0 nanoseconds spent executing 0 partial-flushes (flushing a total of 0 entities and 0 collections)
}
Hibernate: 
    insert 
    into
        np1_orders
        (customer_name, id) 
    values
        (?, default)
Hibernate: 
    insert 
    into
        np1_order_items
        (order_id, price, product, id) 
    values
        (?, ?, ?, default)
Hibernate: 
    insert 
    into
        np1_order_items
        (order_id, price, product, id) 
    values
        (?, ?, ?, default)
Hibernate: 
    insert 
    into
        np1_order_items
        (order_id, price, product, id) 
    values
        (?, ?, ?, default)
2026-09-18T23:31:09.467+05:30  INFO 79105 --- [ai-code-review-demo] [           main] i.StatisticalLoggingSessionEventListener : Session Metrics {
    5667 nanoseconds spent acquiring 1 JDBC connections;
    0 nanoseconds spent releasing 0 JDBC connections;
    100958 nanoseconds spent preparing 4 JDBC statements;
    1385291 nanoseconds spent executing 4 JDBC statements;
    0 nanoseconds spent executing 0 JDBC batches;
    0 nanoseconds spent performing 0 L2C puts;
    0 nanoseconds spent performing 0 L2C hits;
    0 nanoseconds spent performing 0 L2C misses;
    434583 nanoseconds spent executing 1 flushes (flushing a total of 4 entities and 1 collections);
    0 nanoseconds spent executing 0 pre-partial-flushes;
    0 nanoseconds spent executing 0 partial-flushes (flushing a total of 0 entities and 0 collections)
}
Hibernate: 
    insert 
    into
        np1_orders
        (customer_name, id) 
    values
        (?, default)
Hibernate: 
    insert 
    into
        np1_order_items
        (order_id, price, product, id) 
    values
        (?, ?, ?, default)
Hibernate: 
    insert 
    into
        np1_order_items
        (order_id, price, product, id) 
    values
        (?, ?, ?, default)
Hibernate: 
    insert 
    into
        np1_order_items
        (order_id, price, product, id) 
    values
        (?, ?, ?, default)
2026-09-18T23:31:09.470+05:30  INFO 79105 --- [ai-code-review-demo] [           main] i.StatisticalLoggingSessionEventListener : Session Metrics {
    5625 nanoseconds spent acquiring 1 JDBC connections;
    0 nanoseconds spent releasing 0 JDBC connections;
    29250 nanoseconds spent preparing 4 JDBC statements;
    1252041 nanoseconds spent executing 4 JDBC statements;
    0 nanoseconds spent executing 0 JDBC batches;
    0 nanoseconds spent performing 0 L2C puts;
    0 nanoseconds spent performing 0 L2C hits;
    0 nanoseconds spent performing 0 L2C misses;
    150542 nanoseconds spent executing 1 flushes (flushing a total of 4 entities and 1 collections);
    0 nanoseconds spent executing 0 pre-partial-flushes;
    0 nanoseconds spent executing 0 partial-flushes (flushing a total of 0 entities and 0 collections)
}
Hibernate: 
    insert 
    into
        np1_orders
        (customer_name, id) 
    values
        (?, default)
Hibernate: 
    insert 
    into
        np1_order_items
        (order_id, price, product, id) 
    values
        (?, ?, ?, default)
Hibernate: 
    insert 
    into
        np1_order_items
        (order_id, price, product, id) 
    values
        (?, ?, ?, default)
Hibernate: 
    insert 
    into
        np1_order_items
        (order_id, price, product, id) 
    values
        (?, ?, ?, default)
2026-09-18T23:31:09.472+05:30  INFO 79105 --- [ai-code-review-demo] [           main] i.StatisticalLoggingSessionEventListener : Session Metrics {
    5250 nanoseconds spent acquiring 1 JDBC connections;
    0 nanoseconds spent releasing 0 JDBC connections;
    27084 nanoseconds spent preparing 4 JDBC statements;
    225749 nanoseconds spent executing 4 JDBC statements;
    0 nanoseconds spent executing 0 JDBC batches;
    0 nanoseconds spent performing 0 L2C puts;
    0 nanoseconds spent performing 0 L2C hits;
    0 nanoseconds spent performing 0 L2C misses;
    121208 nanoseconds spent executing 1 flushes (flushing a total of 4 entities and 1 collections);
    0 nanoseconds spent executing 0 pre-partial-flushes;
    0 nanoseconds spent executing 0 partial-flushes (flushing a total of 0 entities and 0 collections)
}
Hibernate: 
    insert 
    into
        np1_orders
        (customer_name, id) 
    values
        (?, default)
Hibernate: 
    insert 
    into
        np1_order_items
        (order_id, price, product, id) 
    values
        (?, ?, ?, default)
Hibernate: 
    insert 
    into
        np1_order_items
        (order_id, price, product, id) 
    values
        (?, ?, ?, default)
Hibernate: 
    insert 
    into
        np1_order_items
        (order_id, price, product, id) 
    values
        (?, ?, ?, default)
2026-09-18T23:31:09.475+05:30  INFO 79105 --- [ai-code-review-demo] [           main] i.StatisticalLoggingSessionEventListener : Session Metrics {
    5083 nanoseconds spent acquiring 1 JDBC connections;
    0 nanoseconds spent releasing 0 JDBC connections;
    28251 nanoseconds spent preparing 4 JDBC statements;
    768750 nanoseconds spent executing 4 JDBC statements;
    0 nanoseconds spent executing 0 JDBC batches;
    0 nanoseconds spent performing 0 L2C puts;
    0 nanoseconds spent performing 0 L2C hits;
    0 nanoseconds spent performing 0 L2C misses;
    509750 nanoseconds spent executing 1 flushes (flushing a total of 4 entities and 1 collections);
    0 nanoseconds spent executing 0 pre-partial-flushes;
    0 nanoseconds spent executing 0 partial-flushes (flushing a total of 0 entities and 0 collections)
}
Hibernate: 
    insert 
    into
        np1_orders
        (customer_name, id) 
    values
        (?, default)
Hibernate: 
    insert 
    into
        np1_order_items
        (order_id, price, product, id) 
    values
        (?, ?, ?, default)
Hibernate: 
    insert 
    into
        np1_order_items
        (order_id, price, product, id) 
    values
        (?, ?, ?, default)
Hibernate: 
    insert 
    into
        np1_order_items
        (order_id, price, product, id) 
    values
        (?, ?, ?, default)
2026-09-18T23:31:09.478+05:30  INFO 79105 --- [ai-code-review-demo] [           main] i.StatisticalLoggingSessionEventListener : Session Metrics {
    35416 nanoseconds spent acquiring 1 JDBC connections;
    0 nanoseconds spent releasing 0 JDBC connections;
    37373 nanoseconds spent preparing 4 JDBC statements;
    270751 nanoseconds spent executing 4 JDBC statements;
    0 nanoseconds spent executing 0 JDBC batches;
    0 nanoseconds spent performing 0 L2C puts;
    0 nanoseconds spent performing 0 L2C hits;
    0 nanoseconds spent performing 0 L2C misses;
    148667 nanoseconds spent executing 1 flushes (flushing a total of 4 entities and 1 collections);
    0 nanoseconds spent executing 0 pre-partial-flushes;
    0 nanoseconds spent executing 0 partial-flushes (flushing a total of 0 entities and 0 collections)
}
Hibernate: 
    insert 
    into
        np1_orders
        (customer_name, id) 
    values
        (?, default)
Hibernate: 
    insert 
    into
        np1_order_items
        (order_id, price, product, id) 
    values
        (?, ?, ?, default)
Hibernate: 
    insert 
    into
        np1_order_items
        (order_id, price, product, id) 
    values
        (?, ?, ?, default)
Hibernate: 
    insert 
    into
        np1_order_items
        (order_id, price, product, id) 
    values
        (?, ?, ?, default)
2026-09-18T23:31:09.481+05:30  INFO 79105 --- [ai-code-review-demo] [           main] i.StatisticalLoggingSessionEventListener : Session Metrics {
    5917 nanoseconds spent acquiring 1 JDBC connections;
    0 nanoseconds spent releasing 0 JDBC connections;
    29582 nanoseconds spent preparing 4 JDBC statements;
    306625 nanoseconds spent executing 4 JDBC statements;
    0 nanoseconds spent executing 0 JDBC batches;
    0 nanoseconds spent performing 0 L2C puts;
    0 nanoseconds spent performing 0 L2C hits;
    0 nanoseconds spent performing 0 L2C misses;
    130541 nanoseconds spent executing 1 flushes (flushing a total of 4 entities and 1 collections);
    0 nanoseconds spent executing 0 pre-partial-flushes;
    0 nanoseconds spent executing 0 partial-flushes (flushing a total of 0 entities and 0 collections)
}
Hibernate: 
    insert 
    into
        np1_orders
        (customer_name, id) 
    values
        (?, default)
Hibernate: 
    insert 
    into
        np1_order_items
        (order_id, price, product, id) 
    values
        (?, ?, ?, default)
Hibernate: 
    insert 
    into
        np1_order_items
        (order_id, price, product, id) 
    values
        (?, ?, ?, default)
Hibernate: 
    insert 
    into
        np1_order_items
        (order_id, price, product, id) 
    values
        (?, ?, ?, default)
2026-09-18T23:31:09.489+05:30  INFO 79105 --- [ai-code-review-demo] [           main] i.StatisticalLoggingSessionEventListener : Session Metrics {
    5917 nanoseconds spent acquiring 1 JDBC connections;
    0 nanoseconds spent releasing 0 JDBC connections;
    68750 nanoseconds spent preparing 4 JDBC statements;
    3611584 nanoseconds spent executing 4 JDBC statements;
    0 nanoseconds spent executing 0 JDBC batches;
    0 nanoseconds spent performing 0 L2C puts;
    0 nanoseconds spent performing 0 L2C hits;
    0 nanoseconds spent performing 0 L2C misses;
    327875 nanoseconds spent executing 1 flushes (flushing a total of 4 entities and 1 collections);
    0 nanoseconds spent executing 0 pre-partial-flushes;
    0 nanoseconds spent executing 0 partial-flushes (flushing a total of 0 entities and 0 collections)
}
Hibernate: 
    insert 
    into
        np1_orders
        (customer_name, id) 
    values
        (?, default)
Hibernate: 
    insert 
    into
        np1_order_items
        (order_id, price, product, id) 
    values
        (?, ?, ?, default)
Hibernate: 
    insert 
    into
        np1_order_items
        (order_id, price, product, id) 
    values
        (?, ?, ?, default)
Hibernate: 
    insert 
    into
        np1_order_items
        (order_id, price, product, id) 
    values
        (?, ?, ?, default)
2026-09-18T23:31:09.491+05:30  INFO 79105 --- [ai-code-review-demo] [           main] i.StatisticalLoggingSessionEventListener : Session Metrics {
    5500 nanoseconds spent acquiring 1 JDBC connections;
[...]
    values
        (?, ?, ?, default)
Hibernate: 
    insert 
    into
        np1_order_items
        (order_id, price, product, id) 
    values
        (?, ?, ?, default)
Hibernate: 
    insert 
    into
        np1_order_items
        (order_id, price, product, id) 
    values
        (?, ?, ?, default)
2026-09-18T23:31:09.938+05:30  INFO 79105 --- [ai-code-review-demo] [           main] i.StatisticalLoggingSessionEventListener : Session Metrics {
    6167 nanoseconds spent acquiring 1 JDBC connections;
    0 nanoseconds spent releasing 0 JDBC connections;
    15958 nanoseconds spent preparing 4 JDBC statements;
    82875 nanoseconds spent executing 4 JDBC statements;
    0 nanoseconds spent executing 0 JDBC batches;
    0 nanoseconds spent performing 0 L2C puts;
    0 nanoseconds spent performing 0 L2C hits;
    0 nanoseconds spent performing 0 L2C misses;
    119875 nanoseconds spent executing 1 flushes (flushing a total of 4 entities and 1 collections);
    0 nanoseconds spent executing 0 pre-partial-flushes;
    0 nanoseconds spent executing 0 partial-flushes (flushing a total of 0 entities and 0 collections)
}
Hibernate: 
    insert 
    into
        np1_orders
        (customer_name, id) 
    values
        (?, default)
Hibernate: 
    insert 
    into
        np1_order_items
        (order_id, price, product, id) 
    values
        (?, ?, ?, default)
Hibernate: 
    insert 
    into
        np1_order_items
        (order_id, price, product, id) 
    values
        (?, ?, ?, default)
Hibernate: 
    insert 
    into
        np1_order_items
        (order_id, price, product, id) 
    values
        (?, ?, ?, default)
2026-09-18T23:31:09.939+05:30  INFO 79105 --- [ai-code-review-demo] [           main] i.StatisticalLoggingSessionEventListener : Session Metrics {
    5209 nanoseconds spent acquiring 1 JDBC connections;
    0 nanoseconds spent releasing 0 JDBC connections;
    16876 nanoseconds spent preparing 4 JDBC statements;
    697334 nanoseconds spent executing 4 JDBC statements;
    0 nanoseconds spent executing 0 JDBC batches;
    0 nanoseconds spent performing 0 L2C puts;
    0 nanoseconds spent performing 0 L2C hits;
    0 nanoseconds spent performing 0 L2C misses;
    93208 nanoseconds spent executing 1 flushes (flushing a total of 4 entities and 1 collections);
    0 nanoseconds spent executing 0 pre-partial-flushes;
    0 nanoseconds spent executing 0 partial-flushes (flushing a total of 0 entities and 0 collections)
}
Hibernate: 
    insert 
    into
        np1_orders
        (customer_name, id) 
    values
        (?, default)
Hibernate: 
    insert 
    into
        np1_order_items
        (order_id, price, product, id) 
    values
        (?, ?, ?, default)
Hibernate: 
    insert 
    into
        np1_order_items
        (order_id, price, product, id) 
    values
        (?, ?, ?, default)
Hibernate: 
    insert 
    into
        np1_order_items
        (order_id, price, product, id) 
    values
        (?, ?, ?, default)
2026-09-18T23:31:09.940+05:30  INFO 79105 --- [ai-code-review-demo] [           main] i.StatisticalLoggingSessionEventListener : Session Metrics {
    5083 nanoseconds spent acquiring 1 JDBC connections;
    0 nanoseconds spent releasing 0 JDBC connections;
    14459 nanoseconds spent preparing 4 JDBC statements;
    70500 nanoseconds spent executing 4 JDBC statements;
    0 nanoseconds spent executing 0 JDBC batches;
    0 nanoseconds spent performing 0 L2C puts;
    0 nanoseconds spent performing 0 L2C hits;
    0 nanoseconds spent performing 0 L2C misses;
    79000 nanoseconds spent executing 1 flushes (flushing a total of 4 entities and 1 collections);
    0 nanoseconds spent executing 0 pre-partial-flushes;
    0 nanoseconds spent executing 0 partial-flushes (flushing a total of 0 entities and 0 collections)
}
Hibernate: 
    insert 
    into
        np1_orders
        (customer_name, id) 
    values
        (?, default)
Hibernate: 
    insert 
    into
        np1_order_items
        (order_id, price, product, id) 
    values
        (?, ?, ?, default)
Hibernate: 
    insert 
    into
        np1_order_items
        (order_id, price, product, id) 
    values
        (?, ?, ?, default)
Hibernate: 
    insert 
    into
        np1_order_items
        (order_id, price, product, id) 
    values
        (?, ?, ?, default)
2026-09-18T23:31:09.941+05:30  INFO 79105 --- [ai-code-review-demo] [           main] i.StatisticalLoggingSessionEventListener : Session Metrics {
    4833 nanoseconds spent acquiring 1 JDBC connections;
    0 nanoseconds spent releasing 0 JDBC connections;
    13543 nanoseconds spent preparing 4 JDBC statements;
    77543 nanoseconds spent executing 4 JDBC statements;
    0 nanoseconds spent executing 0 JDBC batches;
    0 nanoseconds spent performing 0 L2C puts;
    0 nanoseconds spent performing 0 L2C hits;
    0 nanoseconds spent performing 0 L2C misses;
    77042 nanoseconds spent executing 1 flushes (flushing a total of 4 entities and 1 collections);
    0 nanoseconds spent executing 0 pre-partial-flushes;
    0 nanoseconds spent executing 0 partial-flushes (flushing a total of 0 entities and 0 collections)
}
Hibernate: 
    insert 
    into
        np1_orders
        (customer_name, id) 
    values
        (?, default)
Hibernate: 
    insert 
    into
        np1_order_items
        (order_id, price, product, id) 
    values
        (?, ?, ?, default)
Hibernate: 
    insert 
    into
        np1_order_items
        (order_id, price, product, id) 
    values
        (?, ?, ?, default)
Hibernate: 
    insert 
    into
        np1_order_items
        (order_id, price, product, id) 
    values
        (?, ?, ?, default)
2026-09-18T23:31:09.944+05:30  INFO 79105 --- [ai-code-review-demo] [           main] i.StatisticalLoggingSessionEventListener : Session Metrics {
    5250 nanoseconds spent acquiring 1 JDBC connections;
    0 nanoseconds spent releasing 0 JDBC connections;
    20542 nanoseconds spent preparing 4 JDBC statements;
    1194207 nanoseconds spent executing 4 JDBC statements;
    0 nanoseconds spent executing 0 JDBC batches;
    0 nanoseconds spent performing 0 L2C puts;
    0 nanoseconds spent performing 0 L2C hits;
    0 nanoseconds spent performing 0 L2C misses;
    164542 nanoseconds spent executing 1 flushes (flushing a total of 4 entities and 1 collections);
    0 nanoseconds spent executing 0 pre-partial-flushes;
    0 nanoseconds spent executing 0 partial-flushes (flushing a total of 0 entities and 0 collections)
}
Hibernate: 
    insert 
    into
        np1_orders
        (customer_name, id) 
    values
        (?, default)
Hibernate: 
    insert 
    into
        np1_order_items
        (order_id, price, product, id) 
    values
        (?, ?, ?, default)
Hibernate: 
    insert 
    into
        np1_order_items
        (order_id, price, product, id) 
    values
        (?, ?, ?, default)
Hibernate: 
    insert 
    into
        np1_order_items
        (order_id, price, product, id) 
    values
        (?, ?, ?, default)
2026-09-18T23:31:09.953+05:30  INFO 79105 --- [ai-code-review-demo] [           main] i.StatisticalLoggingSessionEventListener : Session Metrics {
    5833 nanoseconds spent acquiring 1 JDBC connections;
    0 nanoseconds spent releasing 0 JDBC connections;
    19832 nanoseconds spent preparing 4 JDBC statements;
    2645625 nanoseconds spent executing 4 JDBC statements;
    0 nanoseconds spent executing 0 JDBC batches;
    0 nanoseconds spent performing 0 L2C puts;
    0 nanoseconds spent performing 0 L2C hits;
    0 nanoseconds spent performing 0 L2C misses;
    138750 nanoseconds spent executing 1 flushes (flushing a total of 4 entities and 1 collections);
    0 nanoseconds spent executing 0 pre-partial-flushes;
    0 nanoseconds spent executing 0 partial-flushes (flushing a total of 0 entities and 0 collections)
}
Hibernate: 
    insert 
    into
        np1_orders
        (customer_name, id) 
    values
        (?, default)
Hibernate: 
    insert 
    into
        np1_order_items
        (order_id, price, product, id) 
    values
        (?, ?, ?, default)
Hibernate: 
    insert 
    into
        np1_order_items
        (order_id, price, product, id) 
    values
        (?, ?, ?, default)
Hibernate: 
    insert 
    into
        np1_order_items
        (order_id, price, product, id) 
    values
        (?, ?, ?, default)
2026-09-18T23:31:09.954+05:30  INFO 79105 --- [ai-code-review-demo] [           main] i.StatisticalLoggingSessionEventListener : Session Metrics {
    6083 nanoseconds spent acquiring 1 JDBC connections;
    0 nanoseconds spent releasing 0 JDBC connections;
    15917 nanoseconds spent preparing 4 JDBC statements;
    81626 nanoseconds spent executing 4 JDBC statements;
    0 nanoseconds spent executing 0 JDBC batches;
    0 nanoseconds spent performing 0 L2C puts;
    0 nanoseconds spent performing 0 L2C hits;
    0 nanoseconds spent performing 0 L2C misses;
    87083 nanoseconds spent executing 1 flushes (flushing a total of 4 entities and 1 collections);
    0 nanoseconds spent executing 0 pre-partial-flushes;
    0 nanoseconds spent executing 0 partial-flushes (flushing a total of 0 entities and 0 collections)
}
Hibernate: 
    insert 
    into
        np1_orders
        (customer_name, id) 
    values
        (?, default)
Hibernate: 
    insert 
    into
        np1_order_items
        (order_id, price, product, id) 
    values
        (?, ?, ?, default)
Hibernate: 
    insert 
    into
        np1_order_items
        (order_id, price, product, id) 
    values
        (?, ?, ?, default)
Hibernate: 
    insert 
    into
        np1_order_items
        (order_id, price, product, id) 
    values
        (?, ?, ?, default)
2026-09-18T23:31:09.955+05:30  INFO 79105 --- [ai-code-review-demo] [           main] i.StatisticalLoggingSessionEventListener : Session Metrics {
    4958 nanoseconds spent acquiring 1 JDBC connections;
    0 nanoseconds spent releasing 0 JDBC connections;
    13750 nanoseconds spent preparing 4 JDBC statements;
    86916 nanoseconds spent executing 4 JDBC statements;
    0 nanoseconds spent executing 0 JDBC batches;
    0 nanoseconds spent performing 0 L2C puts;
    0 nanoseconds spent performing 0 L2C hits;
    0 nanoseconds spent performing 0 L2C misses;
    149167 nanoseconds spent executing 1 flushes (flushing a total of 4 entities and 1 collections);
    0 nanoseconds spent executing 0 pre-partial-flushes;
    0 nanoseconds spent executing 0 partial-flushes (flushing a total of 0 entities and 0 collections)
}
Hibernate: 
    insert 
    into
        np1_orders
        (customer_name, id) 
    values
        (?, default)
Hibernate: 
    insert 
    into
        np1_order_items
        (order_id, price, product, id) 
    values
        (?, ?, ?, default)
Hibernate: 
    insert 
    into
        np1_order_items
        (order_id, price, product, id) 
    values
        (?, ?, ?, default)
Hibernate: 
    insert 
    into
        np1_order_items
        (order_id, price, product, id) 
    values
        (?, ?, ?, default)
2026-09-18T23:31:09.956+05:30  INFO 79105 --- [ai-code-review-demo] [           main] i.StatisticalLoggingSessionEventListener : Session Metrics {
    4750 nanoseconds spent acquiring 1 JDBC connections;
    0 nanoseconds spent releasing 0 JDBC connections;
    15416 nanoseconds spent preparing 4 JDBC statements;
    64375 nanoseconds spent executing 4 JDBC statements;
    0 nanoseconds spent executing 0 JDBC batches;
    0 nanoseconds spent performing 0 L2C puts;
    0 nanoseconds spent performing 0 L2C hits;
    0 nanoseconds spent performing 0 L2C misses;
    79083 nanoseconds spent executing 1 flushes (flushing a total of 4 entities and 1 collections);
    0 nanoseconds spent executing 0 pre-partial-flushes;
    0 nanoseconds spent executing 0 partial-flushes (flushing a total of 0 entities and 0 collections)
}
Hibernate: 
    insert 
    into
        np1_orders
        (customer_name, id) 
    values
        (?, default)
Hibernate: 
    insert 
    into
        np1_order_items
        (order_id, price, product, id) 
    values
        (?, ?, ?, default)
Hibernate: 
    insert 
    into
        np1_order_items
        (order_id, price, product, id) 
    values
        (?, ?, ?, default)
Hibernate: 
    insert 
    into
        np1_order_items
        (order_id, price, product, id) 
    values
        (?, ?, ?, default)
2026-09-18T23:31:09.957+05:30  INFO 79105 --- [ai-code-review-demo] [           main] i.StatisticalLoggingSessionEventListener : Session Metrics {
    4541 nanoseconds spent acquiring 1 JDBC connections;
    0 nanoseconds spent releasing 0 JDBC connections;
    12792 nanoseconds spent preparing 4 JDBC statements;
    61959 nanoseconds spent executing 4 JDBC statements;
    0 nanoseconds spent executing 0 JDBC batches;
    0 nanoseconds spent performing 0 L2C puts;
    0 nanoseconds spent performing 0 L2C hits;
    0 nanoseconds spent performing 0 L2C misses;
    77333 nanoseconds spent executing 1 flushes (flushing a total of 4 entities and 1 collections);
    0 nanoseconds spent executing 0 pre-partial-flushes;
    0 nanoseconds spent executing 0 partial-flushes (flushing a total of 0 entities and 0 collections)
}
Hibernate: 
    insert 
    into
        np1_orders
        (customer_name, id) 
    values
        (?, default)
Hibernate: 
    insert 
    into
        np1_order_items
        (order_id, price, product, id) 
    values
        (?, ?, ?, default)
Hibernate: 
    insert 
    into
        np1_order_items
        (order_id, price, product, id) 
    values
        (?, ?, ?, default)
Hibernate: 
    insert 
    into
        np1_order_items
        (order_id, price, product, id) 
    values
        (?, ?, ?, default)
2026-09-18T23:31:09.960+05:30  INFO 79105 --- [ai-code-review-demo] [           main] i.StatisticalLoggingSessionEventListener : Session Metrics {
    4541 nanoseconds spent acquiring 1 JDBC connections;
    0 nanoseconds spent releasing 0 JDBC connections;
    14291 nanoseconds spent preparing 4 JDBC statements;
    167084 nanoseconds spent executing 4 JDBC statements;
    0 nanoseconds spent executing 0 JDBC batches;
    0 nanoseconds spent performing 0 L2C puts;
    0 nanoseconds spent performing 0 L2C hits;
    0 nanoseconds spent performing 0 L2C misses;
    1398083 nanoseconds spent executing 1 flushes (flushing a total of 4 entities and 1 collections);
    0 nanoseconds spent executing 0 pre-partial-flushes;
    0 nanoseconds spent executing 0 partial-flushes (flushing a total of 0 entities and 0 collections)
}
Hibernate: 
    insert 
    into
        np1_orders
        (customer_name, id) 
    values
        (?, default)
Hibernate: 
    insert 
    into
        np1_order_items
        (order_id, price, product, id) 
    values
        (?, ?, ?, default)
Hibernate: 
    insert 
    into
        np1_order_items
        (order_id, price, product, id) 
    values
        (?, ?, ?, default)
Hibernate: 
    insert 
    into
        np1_order_items
        (order_id, price, product, id) 
    values
        (?, ?, ?, default)
2026-09-18T23:31:09.966+05:30  INFO 79105 --- [ai-code-review-demo] [           main] i.StatisticalLoggingSessionEventListener : Session Metrics {
    5291 nanoseconds spent acquiring 1 JDBC connections;
    0 nanoseconds spent releasing 0 JDBC connections;
    18292 nanoseconds spent preparing 4 JDBC statements;
    162334 nanoseconds spent executing 4 JDBC statements;
    0 nanoseconds spent executing 0 JDBC batches;
    0 nanoseconds spent performing 0 L2C puts;
    0 nanoseconds spent performing 0 L2C hits;
    0 nanoseconds spent performing 0 L2C misses;
    143709 nanoseconds spent executing 1 flushes (flushing a total of 4 entities and 1 collections);
    0 nanoseconds spent executing 0 pre-partial-flushes;
    0 nanoseconds spent executing 0 partial-flushes (flushing a total of 0 entities and 0 collections)
}
Hibernate: 
    insert 
    into
        np1_orders
        (customer_name, id) 
    values
        (?, default)
Hibernate: 
    insert 
    into
        np1_order_items
        (order_id, price, product, id) 
    values
        (?, ?, ?, default)
Hibernate: 
    insert 
    into
        np1_order_items
        (order_id, price, product, id) 
    values
        (?, ?, ?, default)
Hibernate: 
    insert 
    into
        np1_order_items
        (order_id, price, product, id) 
    values
        (?, ?, ?, default)
2026-09-18T23:31:09.968+05:30  INFO 79105 --- [ai-code-review-demo] [           main] i.StatisticalLoggingSessionEventListener : Session Metrics {
    5375 nanoseconds spent acquiring 1 JDBC connections;
    0 nanoseconds spent releasing 0 JDBC connections;
    16249 nanoseconds spent preparing 4 JDBC statements;
    125959 nanoseconds spent executing 4 JDBC statements;
    0 nanoseconds spent executing 0 JDBC batches;
    0 nanoseconds spent performing 0 L2C puts;
    0 nanoseconds spent performing 0 L2C hits;
    0 nanoseconds spent performing 0 L2C misses;
    89166 nanoseconds spent executing 1 flushes (flushing a total of 4 entities and 1 collections);
    0 nanoseconds spent executing 0 pre-partial-flushes;
    0 nanoseconds spent executing 0 partial-flushes (flushing a total of 0 entities and 0 collections)
}
>> Seeded 200 orders with 3 items each for the N+1 demo.
Hibernate: 
    insert 
    into
        txproxy_orders
        (amount, customer_name, id) 
    values
        (?, ?, default)
2026-09-18T23:31:10.687+05:30  INFO 79105 --- [ai-code-review-demo] [           main] i.StatisticalLoggingSessionEventListener : Session Metrics {
    46166 nanoseconds spent acquiring 1 JDBC connections;
    0 nanoseconds spent releasing 0 JDBC connections;
    1072916 nanoseconds spent preparing 1 JDBC statements;
    1317791 nanoseconds spent executing 1 JDBC statements;
    0 nanoseconds spent executing 0 JDBC batches;
    0 nanoseconds spent performing 0 L2C puts;
    0 nanoseconds spent performing 0 L2C hits;
    0 nanoseconds spent performing 0 L2C misses;
    356833 nanoseconds spent executing 1 flushes (flushing a total of 1 entities and 0 collections);
    0 nanoseconds spent executing 0 pre-partial-flushes;
    0 nanoseconds spent executing 0 partial-flushes (flushing a total of 0 entities and 0 collections)
}
Hibernate: 
    select
        count(*) 
    from
        txproxy_orders o1_0
2026-09-18T23:31:10.788+05:30  INFO 79105 --- [ai-code-review-demo] [           main] i.StatisticalLoggingSessionEventListener : Session Metrics {
    10208 nanoseconds spent acquiring 1 JDBC connections;
    0 nanoseconds spent releasing 0 JDBC connections;
    1281500 nanoseconds spent preparing 1 JDBC statements;
    2424291 nanoseconds spent executing 1 JDBC statements;
    0 nanoseconds spent executing 0 JDBC batches;
    0 nanoseconds spent performing 0 L2C puts;
    0 nanoseconds spent performing 0 L2C hits;
    0 nanoseconds spent performing 0 L2C misses;
    0 nanoseconds spent executing 0 flushes (flushing a total of 0 entities and 0 collections);
    74164925473292 nanoseconds spent executing 1 pre-partial-flushes;
    5292 nanoseconds spent executing 1 partial-flushes (flushing a total of 0 entities and 0 collections)
}
2026-09-18T23:31:10.820+05:30  INFO 79105 --- [ai-code-review-demo] [           main] j.LocalContainerEntityManagerFactoryBean : Closing JPA EntityManagerFactory for persistence unit 'default'
Hibernate: 
    drop table if exists np1_order_items cascade 
Hibernate: 
    drop table if exists np1_orders cascade 
Hibernate: 
    drop table if exists txproxy_orders cascade 
2026-09-18T23:31:10.834+05:30  INFO 79105 --- [ai-code-review-demo] [           main] com.zaxxer.hikari.HikariDataSource       : HikariPool-1 - Shutdown initiated...
2026-09-18T23:31:10.837+05:30  INFO 79105 --- [ai-code-review-demo] [           main] com.zaxxer.hikari.HikariDataSource       : HikariPool-1 - Shutdown completed.
]]></system-out>
  </testcase>
</testsuite>